[ 2017-02-26T00:08:42+08:00 ] 127.0.0.1 /shop/index.php/Admin/Goods/fileUploadByJquery
INFO: [ app_init ] --START--
INFO: Run Behavior\BuildLiteBehavior [ RunTime:0.000020s ]
INFO: [ app_init ] --END-- [ RunTime:0.000132s ]
INFO: [ app_begin ] --START--
INFO: Run Behavior\ReadHtmlCacheBehavior [ RunTime:0.000039s ]
INFO: [ app_begin ] --END-- [ RunTime:0.000091s ]
SQL: SHOW COLUMNS FROM `sw_role` [ RunTime:0.0216s ]
SQL: SELECT * FROM `sw_role` WHERE `role_id` = 0 LIMIT 1   [ RunTime:0.0003s ]

[ 2017-02-26T00:08:46+08:00 ] 127.0.0.1 /shop/index.php/Admin/Admin/login.html
INFO: [ app_init ] --START--
INFO: Run Behavior\BuildLiteBehavior [ RunTime:0.009580s ]
INFO: [ app_init ] --END-- [ RunTime:0.009850s ]
INFO: [ app_begin ] --START--
INFO: Run Behavior\ReadHtmlCacheBehavior [ RunTime:0.000077s ]
INFO: [ app_begin ] --END-- [ RunTime:0.000159s ]
SQL: SHOW COLUMNS FROM `sw_manager` [ RunTime:0.2375s ]
SQL: SHOW COLUMNS FROM `sw_role` [ RunTime:0.0131s ]
SQL: SELECT * FROM `sw_role` LIMIT 1   [ RunTime:0.0636s ]
SQL: SHOW COLUMNS FROM `sw_manager` [ RunTime:0.0015s ]
INFO: [ view_parse ] --START--
NOTIC: [8] Undefined index: errorInfo /home/ncscherb/shop/Runtime/Cache/76836dd94ac10783b175d1c9d8f6a7f8f937c010.file.login.html.php 第 97 行.
NOTIC: [8] Trying to get property of non-object /home/ncscherb/shop/Runtime/Cache/76836dd94ac10783b175d1c9d8f6a7f8f937c010.file.login.html.php 第 97 行.
INFO: Run Behavior\ParseTemplateBehavior [ RunTime:0.150247s ]
INFO: [ view_parse ] --END-- [ RunTime:0.168808s ]
INFO: [ view_filter ] --START--
INFO: Run Behavior\WriteHtmlCacheBehavior [ RunTime:0.018124s ]
INFO: [ view_filter ] --END-- [ RunTime:0.018354s ]
INFO: [ app_end ] --START--
INFO: Run Behavior\ShowPageTraceBehavior [ RunTime:0.000243s ]
INFO: [ app_end ] --END-- [ RunTime:0.000464s ]

[ 2017-02-26T09:32:22+08:00 ] 127.0.0.1 /shop/index.php/Admin/Admin/login.html
INFO: [ app_init ] --START--
INFO: Run Behavior\BuildLiteBehavior [ RunTime:0.000015s ]
INFO: [ app_init ] --END-- [ RunTime:0.005729s ]
INFO: [ app_begin ] --START--
INFO: Run Behavior\ReadHtmlCacheBehavior [ RunTime:0.012978s ]
INFO: [ app_begin ] --END-- [ RunTime:0.013056s ]
SQL: SHOW COLUMNS FROM `sw_manager` [ RunTime:1.1410s ]
SQL: SHOW COLUMNS FROM `sw_role` [ RunTime:0.0441s ]
SQL: SELECT * FROM `sw_role` LIMIT 1   [ RunTime:0.0260s ]
SQL: SHOW COLUMNS FROM `sw_manager` [ RunTime:0.0194s ]
INFO: [ view_parse ] --START--
NOTIC: [8] Undefined index: errorInfo /home/ncscherb/shop/Runtime/Cache/76836dd94ac10783b175d1c9d8f6a7f8f937c010.file.login.html.php 第 97 行.
NOTIC: [8] Trying to get property of non-object /home/ncscherb/shop/Runtime/Cache/76836dd94ac10783b175d1c9d8f6a7f8f937c010.file.login.html.php 第 97 行.
INFO: Run Behavior\ParseTemplateBehavior [ RunTime:0.342834s ]
INFO: [ view_parse ] --END-- [ RunTime:0.342922s ]
INFO: [ view_filter ] --START--
INFO: Run Behavior\WriteHtmlCacheBehavior [ RunTime:0.013795s ]
INFO: [ view_filter ] --END-- [ RunTime:0.013866s ]
INFO: [ app_end ] --START--
INFO: Run Behavior\ShowPageTraceBehavior [ RunTime:0.000849s ]
INFO: [ app_end ] --END-- [ RunTime:0.000916s ]

[ 2017-02-26T09:32:23+08:00 ] 127.0.0.1 /shop/index.php/Admin/Admin/verifyImg
INFO: [ app_init ] --START--
INFO: Run Behavior\BuildLiteBehavior [ RunTime:0.000010s ]
INFO: [ app_init ] --END-- [ RunTime:0.000068s ]
INFO: [ app_begin ] --START--
INFO: Run Behavior\ReadHtmlCacheBehavior [ RunTime:0.000027s ]
INFO: [ app_begin ] --END-- [ RunTime:0.000062s ]
SQL: SHOW COLUMNS FROM `sw_manager` [ RunTime:0.0547s ]
SQL: SHOW COLUMNS FROM `sw_role` [ RunTime:0.0007s ]
SQL: SELECT * FROM `sw_role` LIMIT 1   [ RunTime:0.0004s ]
INFO: [ app_end ] --START--
INFO: Run Behavior\ShowPageTraceBehavior [ RunTime:0.000069s ]
INFO: [ app_end ] --END-- [ RunTime:0.000135s ]

[ 2017-02-26T09:40:44+08:00 ] 127.0.0.1 /shop/index.php/Admin/Admin/login.html
INFO: [ app_init ] --START--
INFO: Run Behavior\BuildLiteBehavior [ RunTime:0.000032s ]
INFO: [ app_init ] --END-- [ RunTime:0.000230s ]
INFO: [ app_begin ] --START--
INFO: Run Behavior\ReadHtmlCacheBehavior [ RunTime:0.000076s ]
INFO: [ app_begin ] --END-- [ RunTime:0.000214s ]
SQL: SHOW COLUMNS FROM `sw_manager` [ RunTime:0.2701s ]
SQL: SHOW COLUMNS FROM `sw_role` [ RunTime:0.0391s ]
SQL: SELECT * FROM `sw_role` LIMIT 1   [ RunTime:0.0072s ]
SQL: SHOW COLUMNS FROM `sw_manager` [ RunTime:0.0011s ]
INFO: [ view_parse ] --START--
NOTIC: [8] Undefined index: errorInfo /home/ncscherb/shop/Runtime/Cache/76836dd94ac10783b175d1c9d8f6a7f8f937c010.file.login.html.php 第 97 行.
NOTIC: [8] Trying to get property of non-object /home/ncscherb/shop/Runtime/Cache/76836dd94ac10783b175d1c9d8f6a7f8f937c010.file.login.html.php 第 97 行.
INFO: Run Behavior\ParseTemplateBehavior [ RunTime:0.031242s ]
INFO: [ view_parse ] --END-- [ RunTime:0.031350s ]
INFO: [ view_filter ] --START--
INFO: Run Behavior\WriteHtmlCacheBehavior [ RunTime:0.000186s ]
INFO: [ view_filter ] --END-- [ RunTime:0.000286s ]
INFO: [ app_end ] --START--
INFO: Run Behavior\ShowPageTraceBehavior [ RunTime:0.000131s ]
INFO: [ app_end ] --END-- [ RunTime:0.000225s ]

[ 2017-02-26T09:40:46+08:00 ] 127.0.0.1 /shop/index.php/Admin/Admin/verifyImg
INFO: [ app_init ] --START--
INFO: Run Behavior\BuildLiteBehavior [ RunTime:0.000014s ]
INFO: [ app_init ] --END-- [ RunTime:0.000102s ]
INFO: [ app_begin ] --START--
INFO: Run Behavior\ReadHtmlCacheBehavior [ RunTime:0.000052s ]
INFO: [ app_begin ] --END-- [ RunTime:0.000103s ]
SQL: SHOW COLUMNS FROM `sw_manager` [ RunTime:0.0115s ]
SQL: SHOW COLUMNS FROM `sw_role` [ RunTime:0.0006s ]
SQL: SELECT * FROM `sw_role` LIMIT 1   [ RunTime:0.0003s ]
INFO: [ app_end ] --START--
INFO: Run Behavior\ShowPageTraceBehavior [ RunTime:0.000144s ]
INFO: [ app_end ] --END-- [ RunTime:0.000334s ]

[ 2017-02-26T09:48:18+08:00 ] 127.0.0.1 /shop/index.php/Admin/Admin/login.html
INFO: [ app_init ] --START--
INFO: Run Behavior\BuildLiteBehavior [ RunTime:0.000024s ]
INFO: [ app_init ] --END-- [ RunTime:0.000215s ]
INFO: [ app_begin ] --START--
INFO: Run Behavior\ReadHtmlCacheBehavior [ RunTime:0.000081s ]
INFO: [ app_begin ] --END-- [ RunTime:0.000196s ]
SQL: SHOW COLUMNS FROM `sw_manager` [ RunTime:0.0213s ]
SQL: SHOW COLUMNS FROM `sw_role` [ RunTime:0.0067s ]
SQL: SELECT * FROM `sw_role` LIMIT 1   [ RunTime:0.0004s ]
NOTIC: [8] Use of undefined constant MODE_NAME - assumed 'MODE_NAME' /home/ncscherb/shop/Admin/Controller/AdminController.class.php 第 22 行.
SQL: SHOW COLUMNS FROM `sw_manager` [ RunTime:0.0005s ]
INFO: [ view_parse ] --START--
NOTIC: [8] Undefined index: errorInfo /home/ncscherb/shop/Runtime/Cache/76836dd94ac10783b175d1c9d8f6a7f8f937c010.file.login.html.php 第 97 行.
NOTIC: [8] Trying to get property of non-object /home/ncscherb/shop/Runtime/Cache/76836dd94ac10783b175d1c9d8f6a7f8f937c010.file.login.html.php 第 97 行.
INFO: Run Behavior\ParseTemplateBehavior [ RunTime:0.000867s ]
INFO: [ view_parse ] --END-- [ RunTime:0.000914s ]
INFO: [ view_filter ] --START--
INFO: Run Behavior\WriteHtmlCacheBehavior [ RunTime:0.000039s ]
INFO: [ view_filter ] --END-- [ RunTime:0.000075s ]
INFO: [ app_end ] --START--
INFO: Run Behavior\ShowPageTraceBehavior [ RunTime:0.000035s ]
INFO: [ app_end ] --END-- [ RunTime:0.000072s ]

[ 2017-02-26T09:48:18+08:00 ] 127.0.0.1 /shop/index.php/Admin/Admin/verifyImg
INFO: [ app_init ] --START--
INFO: Run Behavior\BuildLiteBehavior [ RunTime:0.000009s ]
INFO: [ app_init ] --END-- [ RunTime:0.000056s ]
INFO: [ app_begin ] --START--
INFO: Run Behavior\ReadHtmlCacheBehavior [ RunTime:0.000020s ]
INFO: [ app_begin ] --END-- [ RunTime:0.000047s ]
SQL: SHOW COLUMNS FROM `sw_manager` [ RunTime:0.0007s ]
SQL: SHOW COLUMNS FROM `sw_role` [ RunTime:0.0003s ]
SQL: SELECT * FROM `sw_role` LIMIT 1   [ RunTime:0.0011s ]
INFO: [ app_end ] --START--
INFO: Run Behavior\ShowPageTraceBehavior [ RunTime:0.000041s ]
INFO: [ app_end ] --END-- [ RunTime:0.000085s ]

[ 2017-02-26T09:48:50+08:00 ] 127.0.0.1 /shop/index.php/Admin/Admin/login.html
INFO: [ app_init ] --START--
INFO: Run Behavior\BuildLiteBehavior [ RunTime:0.000021s ]
INFO: [ app_init ] --END-- [ RunTime:0.000152s ]
INFO: [ app_begin ] --START--
INFO: Run Behavior\ReadHtmlCacheBehavior [ RunTime:0.000069s ]
INFO: [ app_begin ] --END-- [ RunTime:0.000153s ]
SQL: SHOW COLUMNS FROM `sw_manager` [ RunTime:0.0270s ]
SQL: SHOW COLUMNS FROM `sw_role` [ RunTime:0.0006s ]
SQL: SELECT * FROM `sw_role` LIMIT 1   [ RunTime:0.0004s ]
SQL: SHOW COLUMNS FROM `sw_manager` [ RunTime:0.0005s ]
INFO: [ view_parse ] --START--
NOTIC: [8] Undefined index: errorInfo /home/ncscherb/shop/Runtime/Cache/76836dd94ac10783b175d1c9d8f6a7f8f937c010.file.login.html.php 第 97 行.
NOTIC: [8] Trying to get property of non-object /home/ncscherb/shop/Runtime/Cache/76836dd94ac10783b175d1c9d8f6a7f8f937c010.file.login.html.php 第 97 行.
INFO: Run Behavior\ParseTemplateBehavior [ RunTime:0.000913s ]
INFO: [ view_parse ] --END-- [ RunTime:0.000968s ]
INFO: [ view_filter ] --START--
INFO: Run Behavior\WriteHtmlCacheBehavior [ RunTime:0.000050s ]
INFO: [ view_filter ] --END-- [ RunTime:0.000088s ]
INFO: [ app_end ] --START--
INFO: Run Behavior\ShowPageTraceBehavior [ RunTime:0.000034s ]
INFO: [ app_end ] --END-- [ RunTime:0.000072s ]

[ 2017-02-26T09:48:50+08:00 ] 127.0.0.1 /shop/index.php/Admin/Admin/verifyImg
INFO: [ app_init ] --START--
INFO: Run Behavior\BuildLiteBehavior [ RunTime:0.000012s ]
INFO: [ app_init ] --END-- [ RunTime:0.000074s ]
INFO: [ app_begin ] --START--
INFO: Run Behavior\ReadHtmlCacheBehavior [ RunTime:0.000038s ]
INFO: [ app_begin ] --END-- [ RunTime:0.000086s ]
SQL: SHOW COLUMNS FROM `sw_manager` [ RunTime:0.0007s ]
SQL: SHOW COLUMNS FROM `sw_role` [ RunTime:0.0003s ]
SQL: SELECT * FROM `sw_role` LIMIT 1   [ RunTime:0.0002s ]
INFO: [ app_end ] --START--
INFO: Run Behavior\ShowPageTraceBehavior [ RunTime:0.000036s ]
INFO: [ app_end ] --END-- [ RunTime:0.000075s ]

[ 2017-02-26T09:48:53+08:00 ] 127.0.0.1 /shop/index.php/Admin/Admin/login.html
INFO: [ app_init ] --START--
INFO: Run Behavior\BuildLiteBehavior [ RunTime:0.000022s ]
INFO: [ app_init ] --END-- [ RunTime:0.000261s ]
INFO: [ app_begin ] --START--
INFO: Run Behavior\ReadHtmlCacheBehavior [ RunTime:0.000057s ]
INFO: [ app_begin ] --END-- [ RunTime:0.000128s ]
SQL: SHOW COLUMNS FROM `sw_manager` [ RunTime:0.0508s ]
SQL: SHOW COLUMNS FROM `sw_role` [ RunTime:0.0010s ]
SQL: SELECT * FROM `sw_role` LIMIT 1   [ RunTime:0.0005s ]
SQL: SHOW COLUMNS FROM `sw_manager` [ RunTime:0.0022s ]
INFO: [ view_parse ] --START--
NOTIC: [8] Undefined index: errorInfo /home/ncscherb/shop/Runtime/Cache/76836dd94ac10783b175d1c9d8f6a7f8f937c010.file.login.html.php 第 97 行.
NOTIC: [8] Trying to get property of non-object /home/ncscherb/shop/Runtime/Cache/76836dd94ac10783b175d1c9d8f6a7f8f937c010.file.login.html.php 第 97 行.
INFO: Run Behavior\ParseTemplateBehavior [ RunTime:0.000585s ]
INFO: [ view_parse ] --END-- [ RunTime:0.000632s ]
INFO: [ view_filter ] --START--
INFO: Run Behavior\WriteHtmlCacheBehavior [ RunTime:0.000035s ]
INFO: [ view_filter ] --END-- [ RunTime:0.000072s ]
INFO: [ app_end ] --START--
INFO: Run Behavior\ShowPageTraceBehavior [ RunTime:0.000031s ]
INFO: [ app_end ] --END-- [ RunTime:0.000067s ]

[ 2017-02-26T09:48:53+08:00 ] 127.0.0.1 /shop/index.php/Admin/Admin/verifyImg
INFO: [ app_init ] --START--
INFO: Run Behavior\BuildLiteBehavior [ RunTime:0.000013s ]
INFO: [ app_init ] --END-- [ RunTime:0.000081s ]
INFO: [ app_begin ] --START--
INFO: Run Behavior\ReadHtmlCacheBehavior [ RunTime:0.000033s ]
INFO: [ app_begin ] --END-- [ RunTime:0.000074s ]
SQL: SHOW COLUMNS FROM `sw_manager` [ RunTime:0.0007s ]
SQL: SHOW COLUMNS FROM `sw_role` [ RunTime:0.0004s ]
SQL: SELECT * FROM `sw_role` LIMIT 1   [ RunTime:0.0001s ]
INFO: [ app_end ] --START--
INFO: Run Behavior\ShowPageTraceBehavior [ RunTime:0.000041s ]
INFO: [ app_end ] --END-- [ RunTime:0.000086s ]

[ 2017-02-26T10:10:20+08:00 ] 127.0.0.1 /shop/index.php/Admin/Admin/login.html
INFO: [ app_init ] --START--
INFO: Run Behavior\BuildLiteBehavior [ RunTime:0.000066s ]
INFO: [ app_init ] --END-- [ RunTime:0.000154s ]
INFO: [ app_begin ] --START--
INFO: Run Behavior\ReadHtmlCacheBehavior [ RunTime:0.000037s ]
INFO: [ app_begin ] --END-- [ RunTime:0.000076s ]
SQL: SHOW COLUMNS FROM `sw_manager` [ RunTime:0.0410s ]
SQL: SHOW COLUMNS FROM `sw_role` [ RunTime:0.0169s ]
SQL: SELECT * FROM `sw_role` LIMIT 1   [ RunTime:0.0010s ]
SQL: SHOW COLUMNS FROM `sw_manager` [ RunTime:0.0026s ]
INFO: [ view_parse ] --START--
NOTIC: [8] Undefined index: errorInfo /home/ncscherb/shop/Runtime/Cache/76836dd94ac10783b175d1c9d8f6a7f8f937c010.file.login.html.php 第 97 行.
NOTIC: [8] Trying to get property of non-object /home/ncscherb/shop/Runtime/Cache/76836dd94ac10783b175d1c9d8f6a7f8f937c010.file.login.html.php 第 97 行.
INFO: Run Behavior\ParseTemplateBehavior [ RunTime:0.002093s ]
INFO: [ view_parse ] --END-- [ RunTime:0.002246s ]
INFO: [ view_filter ] --START--
INFO: Run Behavior\WriteHtmlCacheBehavior [ RunTime:0.000094s ]
INFO: [ view_filter ] --END-- [ RunTime:0.000176s ]
INFO: [ app_end ] --START--
INFO: Run Behavior\ShowPageTraceBehavior [ RunTime:0.000108s ]
INFO: [ app_end ] --END-- [ RunTime:0.000203s ]

[ 2017-02-26T10:10:20+08:00 ] 127.0.0.1 /shop/index.php/Admin/Admin/verifyImg
INFO: [ app_init ] --START--
INFO: Run Behavior\BuildLiteBehavior [ RunTime:0.000008s ]
INFO: [ app_init ] --END-- [ RunTime:0.000052s ]
INFO: [ app_begin ] --START--
INFO: Run Behavior\ReadHtmlCacheBehavior [ RunTime:0.000023s ]
INFO: [ app_begin ] --END-- [ RunTime:0.000051s ]
SQL: SHOW COLUMNS FROM `sw_manager` [ RunTime:0.0012s ]
SQL: SHOW COLUMNS FROM `sw_role` [ RunTime:0.0009s ]
SQL: SELECT * FROM `sw_role` LIMIT 1   [ RunTime:0.0002s ]
INFO: [ app_end ] --START--
INFO: Run Behavior\ShowPageTraceBehavior [ RunTime:0.000064s ]
INFO: [ app_end ] --END-- [ RunTime:0.000123s ]

[ 2017-02-26T13:28:03+08:00 ] 127.0.0.1 /shop/index.php/Admin/Index/index.html
INFO: [ app_init ] --START--
INFO: Run Behavior\BuildLiteBehavior [ RunTime:0.000036s ]
INFO: [ app_init ] --END-- [ RunTime:0.000492s ]
INFO: [ app_begin ] --START--
INFO: Run Behavior\ReadHtmlCacheBehavior [ RunTime:0.000177s ]
INFO: [ app_begin ] --END-- [ RunTime:0.000336s ]
SQL: SHOW COLUMNS FROM `sw_role` [ RunTime:0.2935s ]
SQL: SELECT * FROM `sw_role` LIMIT 1   [ RunTime:0.0017s ]
INFO: [ view_parse ] --START--
INFO: Run Behavior\ParseTemplateBehavior [ RunTime:0.079348s ]
INFO: [ view_parse ] --END-- [ RunTime:0.079514s ]
INFO: [ view_filter ] --START--
INFO: Run Behavior\WriteHtmlCacheBehavior [ RunTime:0.000181s ]
INFO: [ view_filter ] --END-- [ RunTime:0.000209s ]
INFO: [ app_end ] --START--
INFO: Run Behavior\ShowPageTraceBehavior [ RunTime:0.000060s ]
INFO: [ app_end ] --END-- [ RunTime:0.000098s ]

[ 2017-02-26T13:28:04+08:00 ] 127.0.0.1 /shop/index.php/Admin/Index/head
INFO: [ app_init ] --START--
INFO: Run Behavior\BuildLiteBehavior [ RunTime:0.000010s ]
INFO: [ app_init ] --END-- [ RunTime:0.000062s ]
INFO: [ app_begin ] --START--
INFO: Run Behavior\ReadHtmlCacheBehavior [ RunTime:0.000027s ]
INFO: [ app_begin ] --END-- [ RunTime:0.000059s ]
SQL: SHOW COLUMNS FROM `sw_role` [ RunTime:0.0659s ]
SQL: SELECT * FROM `sw_role` LIMIT 1   [ RunTime:0.0003s ]
INFO: [ view_parse ] --START--
NOTIC: [8] Undefined index: admin_user /home/ncscherb/shop/Runtime/Cache/b3655f01fa492e7e9605a064bcf146479165c278.file.head.html.php 第 38 行.
INFO: Run Behavior\ParseTemplateBehavior [ RunTime:0.029787s ]
INFO: [ view_parse ] --END-- [ RunTime:0.029835s ]
INFO: [ view_filter ] --START--
INFO: Run Behavior\WriteHtmlCacheBehavior [ RunTime:0.000049s ]
INFO: [ view_filter ] --END-- [ RunTime:0.000078s ]
INFO: [ app_end ] --START--
INFO: Run Behavior\ShowPageTraceBehavior [ RunTime:0.000024s ]
INFO: [ app_end ] --END-- [ RunTime:0.000052s ]

[ 2017-02-26T13:28:04+08:00 ] 127.0.0.1 /shop/index.php/Admin/Index/right.html
INFO: [ app_init ] --START--
INFO: Run Behavior\BuildLiteBehavior [ RunTime:0.000022s ]
INFO: [ app_init ] --END-- [ RunTime:0.000144s ]
INFO: [ app_begin ] --START--
INFO: Run Behavior\ReadHtmlCacheBehavior [ RunTime:0.000069s ]
INFO: [ app_begin ] --END-- [ RunTime:0.000158s ]
SQL: SHOW COLUMNS FROM `sw_role` [ RunTime:0.0307s ]
SQL: SELECT * FROM `sw_role` LIMIT 1   [ RunTime:0.0005s ]
INFO: [ view_parse ] --START--
INFO: Run Behavior\ParseTemplateBehavior [ RunTime:0.009083s ]
INFO: [ view_parse ] --END-- [ RunTime:0.009187s ]
INFO: [ view_filter ] --START--
INFO: Run Behavior\WriteHtmlCacheBehavior [ RunTime:0.000076s ]
INFO: [ view_filter ] --END-- [ RunTime:0.000170s ]
INFO: [ app_end ] --START--
INFO: Run Behavior\ShowPageTraceBehavior [ RunTime:0.000061s ]
INFO: [ app_end ] --END-- [ RunTime:0.000114s ]

[ 2017-02-26T13:28:04+08:00 ] 127.0.0.1 /shop/index.php/Admin/Index/left.html
INFO: [ app_init ] --START--
INFO: Run Behavior\BuildLiteBehavior [ RunTime:0.000018s ]
INFO: [ app_init ] --END-- [ RunTime:0.000125s ]
INFO: [ app_begin ] --START--
INFO: Run Behavior\ReadHtmlCacheBehavior [ RunTime:0.000069s ]
INFO: [ app_begin ] --END-- [ RunTime:0.000158s ]
SQL: SHOW COLUMNS FROM `sw_role` [ RunTime:0.0023s ]
SQL: SELECT * FROM `sw_role` LIMIT 1   [ RunTime:0.0004s ]
SQL: SHOW COLUMNS FROM `sw_auth` [ RunTime:0.1167s ]
SQL: SELECT * FROM `sw_auth` ORDER BY auth_path,auth_level  [ RunTime:0.0296s ]
INFO: [ view_parse ] --START--
INFO: Run Behavior\ParseTemplateBehavior [ RunTime:0.026755s ]
INFO: [ view_parse ] --END-- [ RunTime:0.026854s ]
INFO: [ view_filter ] --START--
INFO: Run Behavior\WriteHtmlCacheBehavior [ RunTime:0.000051s ]
INFO: [ view_filter ] --END-- [ RunTime:0.000082s ]
INFO: [ app_end ] --START--
INFO: Run Behavior\ShowPageTraceBehavior [ RunTime:0.000047s ]
INFO: [ app_end ] --END-- [ RunTime:0.000078s ]

