[ 2017-03-02T23:19:20+08:00 ] 127.0.0.1 /shop/index.php/Admin/Goods/showlist
INFO: [ app_init ] --START--
INFO: Run Behavior\BuildLiteBehavior [ RunTime:0.000027s ]
INFO: [ app_init ] --END-- [ RunTime:0.006631s ]
INFO: [ app_begin ] --START--
INFO: Run Behavior\ReadHtmlCacheBehavior [ RunTime:0.012767s ]
INFO: [ app_begin ] --END-- [ RunTime:0.012849s ]
SQL: SHOW COLUMNS FROM `sw_role` [ RunTime:1.0878s ]
SQL: SELECT * FROM `sw_role` LIMIT 1   [ RunTime:0.1992s ]
SQL: SHOW COLUMNS FROM `sw_goods` [ RunTime:0.0804s ]
SQL: SELECT COUNT(*) AS tp_count FROM `sw_goods` LIMIT 1   [ RunTime:0.0284s ]
NOTIC: [8] Undefined index: page /home/ncscherb/shop/Tools/Page.class.php 第 23 行.
SQL: select * from sw_goods order by goods_id desc limit 0,8 [ RunTime:0.0129s ]
INFO: [ view_parse ] --START--
INFO: Run Behavior\ParseTemplateBehavior [ RunTime:0.224695s ]
INFO: [ view_parse ] --END-- [ RunTime:0.224770s ]
INFO: [ view_filter ] --START--
INFO: Run Behavior\WriteHtmlCacheBehavior [ RunTime:0.008231s ]
INFO: [ view_filter ] --END-- [ RunTime:0.008287s ]
INFO: [ app_end ] --START--
INFO: Run Behavior\ShowPageTraceBehavior [ RunTime:0.001343s ]
INFO: [ app_end ] --END-- [ RunTime:0.001415s ]

[ 2017-03-02T23:19:21+08:00 ] 127.0.0.1 /shop/index.php/Admin/Admin/login
INFO: [ app_init ] --START--
INFO: Run Behavior\BuildLiteBehavior [ RunTime:0.000009s ]
INFO: [ app_init ] --END-- [ RunTime:0.000058s ]
INFO: [ app_begin ] --START--
INFO: Run Behavior\ReadHtmlCacheBehavior [ RunTime:0.000021s ]
INFO: [ app_begin ] --END-- [ RunTime:0.000045s ]
SQL: SHOW COLUMNS FROM `sw_manager` [ RunTime:0.1451s ]
SQL: SHOW COLUMNS FROM `sw_role` [ RunTime:0.0062s ]
SQL: SELECT * FROM `sw_role` LIMIT 1   [ RunTime:0.0008s ]
SQL: SHOW COLUMNS FROM `sw_manager` [ RunTime:0.0031s ]
INFO: [ view_parse ] --START--
NOTIC: [8] Undefined index: errorInfo /home/ncscherb/shop/Runtime/Cache/76836dd94ac10783b175d1c9d8f6a7f8f937c010.file.login.html.php 第 121 行.
NOTIC: [8] Trying to get property of non-object /home/ncscherb/shop/Runtime/Cache/76836dd94ac10783b175d1c9d8f6a7f8f937c010.file.login.html.php 第 121 行.
INFO: Run Behavior\ParseTemplateBehavior [ RunTime:0.051400s ]
INFO: [ view_parse ] --END-- [ RunTime:0.051460s ]
INFO: [ view_filter ] --START--
INFO: Run Behavior\WriteHtmlCacheBehavior [ RunTime:0.000055s ]
INFO: [ view_filter ] --END-- [ RunTime:0.000085s ]
INFO: [ app_end ] --START--
INFO: Run Behavior\ShowPageTraceBehavior [ RunTime:0.000028s ]
INFO: [ app_end ] --END-- [ RunTime:0.000057s ]

[ 2017-03-02T23:19:22+08:00 ] 127.0.0.1 /shop/index.php/Admin/Admin/verifyImg
INFO: [ app_init ] --START--
INFO: Run Behavior\BuildLiteBehavior [ RunTime:0.000010s ]
INFO: [ app_init ] --END-- [ RunTime:0.000060s ]
INFO: [ app_begin ] --START--
INFO: Run Behavior\ReadHtmlCacheBehavior [ RunTime:0.000020s ]
INFO: [ app_begin ] --END-- [ RunTime:0.000045s ]
SQL: SHOW COLUMNS FROM `sw_manager` [ RunTime:0.1677s ]
SQL: SHOW COLUMNS FROM `sw_role` [ RunTime:0.0096s ]
SQL: SELECT * FROM `sw_role` LIMIT 1   [ RunTime:0.0162s ]
INFO: [ app_end ] --START--
INFO: Run Behavior\ShowPageTraceBehavior [ RunTime:0.000334s ]
INFO: [ app_end ] --END-- [ RunTime:0.000481s ]

[ 2017-03-02T23:19:26+08:00 ] 127.0.0.1 /shop/index.php/Admin/Admin/checkName/mg_name/admin
INFO: [ app_init ] --START--
INFO: Run Behavior\BuildLiteBehavior [ RunTime:0.000024s ]
INFO: [ app_init ] --END-- [ RunTime:0.000158s ]
INFO: [ app_begin ] --START--
INFO: Run Behavior\ReadHtmlCacheBehavior [ RunTime:0.000075s ]
INFO: [ app_begin ] --END-- [ RunTime:0.000161s ]
SQL: SHOW COLUMNS FROM `sw_manager` [ RunTime:0.0478s ]
SQL: SHOW COLUMNS FROM `sw_role` [ RunTime:0.0070s ]
SQL: SELECT * FROM `sw_role` LIMIT 1   [ RunTime:0.0013s ]
SQL: SELECT * FROM `sw_manager` WHERE ( mg_name='admin' ) LIMIT 1   [ RunTime:0.0477s ]
INFO: [ app_end ] --START--
INFO: Run Behavior\ShowPageTraceBehavior [ RunTime:0.000162s ]
INFO: [ app_end ] --END-- [ RunTime:0.000288s ]

[ 2017-03-02T23:19:31+08:00 ] 127.0.0.1 /shop/index.php/Admin/Admin/verifyImg/0.4078472717980606
INFO: [ app_init ] --START--
INFO: Run Behavior\BuildLiteBehavior [ RunTime:0.000018s ]
INFO: [ app_init ] --END-- [ RunTime:0.000123s ]
INFO: [ app_begin ] --START--
INFO: Run Behavior\ReadHtmlCacheBehavior [ RunTime:0.000063s ]
INFO: [ app_begin ] --END-- [ RunTime:0.000133s ]
SQL: SHOW COLUMNS FROM `sw_manager` [ RunTime:0.0480s ]
SQL: SHOW COLUMNS FROM `sw_role` [ RunTime:0.0034s ]
SQL: SELECT * FROM `sw_role` LIMIT 1   [ RunTime:0.0025s ]
INFO: [ app_end ] --START--
INFO: Run Behavior\ShowPageTraceBehavior [ RunTime:0.000113s ]
INFO: [ app_end ] --END-- [ RunTime:0.000239s ]

[ 2017-03-02T23:19:36+08:00 ] 127.0.0.1 /shop/index.php/Admin/Admin/login
INFO: [ app_init ] --START--
INFO: Run Behavior\BuildLiteBehavior [ RunTime:0.000009s ]
INFO: [ app_init ] --END-- [ RunTime:0.000056s ]
INFO: [ app_begin ] --START--
INFO: Run Behavior\ReadHtmlCacheBehavior [ RunTime:0.000019s ]
INFO: [ app_begin ] --END-- [ RunTime:0.000046s ]
SQL: SHOW COLUMNS FROM `sw_manager` [ RunTime:0.0463s ]
SQL: SHOW COLUMNS FROM `sw_role` [ RunTime:0.0023s ]
SQL: SELECT * FROM `sw_role` LIMIT 1   [ RunTime:0.0004s ]
SQL: SHOW COLUMNS FROM `sw_manager` [ RunTime:0.0004s ]
SQL: SELECT * FROM `sw_manager` WHERE ( mg_name='admin' ) LIMIT 1   [ RunTime:0.0005s ]

[ 2017-03-02T23:19:36+08:00 ] 127.0.0.1 /shop/index.php/Admin/Index/index.html
INFO: [ app_init ] --START--
INFO: Run Behavior\BuildLiteBehavior [ RunTime:0.000010s ]
INFO: [ app_init ] --END-- [ RunTime:0.000058s ]
INFO: [ app_begin ] --START--
INFO: Run Behavior\ReadHtmlCacheBehavior [ RunTime:0.000040s ]
INFO: [ app_begin ] --END-- [ RunTime:0.000137s ]
SQL: SHOW COLUMNS FROM `sw_role` [ RunTime:0.0476s ]
SQL: SELECT * FROM `sw_role` WHERE `role_id` = 0 LIMIT 1   [ RunTime:0.0415s ]
INFO: [ view_parse ] --START--
INFO: Run Behavior\ParseTemplateBehavior [ RunTime:0.009377s ]
INFO: [ view_parse ] --END-- [ RunTime:0.009503s ]
INFO: [ view_filter ] --START--
INFO: Run Behavior\WriteHtmlCacheBehavior [ RunTime:0.000088s ]
INFO: [ view_filter ] --END-- [ RunTime:0.000138s ]
INFO: [ app_end ] --START--
INFO: Run Behavior\ShowPageTraceBehavior [ RunTime:0.000043s ]
INFO: [ app_end ] --END-- [ RunTime:0.000090s ]

[ 2017-03-02T23:19:36+08:00 ] 127.0.0.1 /shop/index.php/Admin/Index/head
INFO: [ app_init ] --START--
INFO: Run Behavior\BuildLiteBehavior [ RunTime:0.000017s ]
INFO: [ app_init ] --END-- [ RunTime:0.000088s ]
INFO: [ app_begin ] --START--
INFO: Run Behavior\ReadHtmlCacheBehavior [ RunTime:0.000035s ]
INFO: [ app_begin ] --END-- [ RunTime:0.000143s ]
SQL: SHOW COLUMNS FROM `sw_role` [ RunTime:0.0479s ]
SQL: SELECT * FROM `sw_role` WHERE `role_id` = 0 LIMIT 1   [ RunTime:0.0005s ]
INFO: [ view_parse ] --START--
INFO: Run Behavior\ParseTemplateBehavior [ RunTime:0.012289s ]
INFO: [ view_parse ] --END-- [ RunTime:0.012348s ]
INFO: [ view_filter ] --START--
INFO: Run Behavior\WriteHtmlCacheBehavior [ RunTime:0.000047s ]
INFO: [ view_filter ] --END-- [ RunTime:0.000077s ]
INFO: [ app_end ] --START--
INFO: Run Behavior\ShowPageTraceBehavior [ RunTime:0.000025s ]
INFO: [ app_end ] --END-- [ RunTime:0.000303s ]

[ 2017-03-02T23:19:36+08:00 ] 127.0.0.1 /shop/index.php/Admin/Index/left.html
INFO: [ app_init ] --START--
INFO: Run Behavior\BuildLiteBehavior [ RunTime:0.000009s ]
INFO: [ app_init ] --END-- [ RunTime:0.000073s ]
INFO: [ app_begin ] --START--
INFO: Run Behavior\ReadHtmlCacheBehavior [ RunTime:0.000022s ]
INFO: [ app_begin ] --END-- [ RunTime:0.000050s ]
SQL: SHOW COLUMNS FROM `sw_role` [ RunTime:0.0392s ]
SQL: SELECT * FROM `sw_role` WHERE `role_id` = 0 LIMIT 1   [ RunTime:0.0005s ]
SQL: SHOW COLUMNS FROM `sw_auth` [ RunTime:0.1369s ]
SQL: SELECT * FROM `sw_auth` ORDER BY auth_path,auth_level  [ RunTime:0.0018s ]
INFO: [ view_parse ] --START--
INFO: Run Behavior\ParseTemplateBehavior [ RunTime:0.041332s ]
INFO: [ view_parse ] --END-- [ RunTime:0.041398s ]
INFO: [ view_filter ] --START--
INFO: Run Behavior\WriteHtmlCacheBehavior [ RunTime:0.000061s ]
INFO: [ view_filter ] --END-- [ RunTime:0.000094s ]
INFO: [ app_end ] --START--
INFO: Run Behavior\ShowPageTraceBehavior [ RunTime:0.000031s ]
INFO: [ app_end ] --END-- [ RunTime:0.000065s ]

[ 2017-03-02T23:19:36+08:00 ] 127.0.0.1 /shop/index.php/Admin/Index/right.html
INFO: [ app_init ] --START--
INFO: Run Behavior\BuildLiteBehavior [ RunTime:0.000026s ]
INFO: [ app_init ] --END-- [ RunTime:0.000230s ]
INFO: [ app_begin ] --START--
INFO: Run Behavior\ReadHtmlCacheBehavior [ RunTime:0.000034s ]
INFO: [ app_begin ] --END-- [ RunTime:0.000073s ]
SQL: SHOW COLUMNS FROM `sw_role` [ RunTime:0.0086s ]
SQL: SELECT * FROM `sw_role` WHERE `role_id` = 0 LIMIT 1   [ RunTime:0.0004s ]
INFO: [ view_parse ] --START--
INFO: Run Behavior\ParseTemplateBehavior [ RunTime:0.042374s ]
INFO: [ view_parse ] --END-- [ RunTime:0.042509s ]
INFO: [ view_filter ] --START--
INFO: Run Behavior\WriteHtmlCacheBehavior [ RunTime:0.000128s ]
INFO: [ view_filter ] --END-- [ RunTime:0.000221s ]
INFO: [ app_end ] --START--
INFO: Run Behavior\ShowPageTraceBehavior [ RunTime:0.000123s ]
INFO: [ app_end ] --END-- [ RunTime:0.000233s ]

[ 2017-03-02T23:19:42+08:00 ] 127.0.0.1 /shop/index.php/Admin/Goods/fileUpload
INFO: [ app_init ] --START--
INFO: Run Behavior\BuildLiteBehavior [ RunTime:0.000019s ]
INFO: [ app_init ] --END-- [ RunTime:0.000163s ]
INFO: [ app_begin ] --START--
INFO: Run Behavior\ReadHtmlCacheBehavior [ RunTime:0.000054s ]
INFO: [ app_begin ] --END-- [ RunTime:0.000117s ]
SQL: SHOW COLUMNS FROM `sw_role` [ RunTime:0.0385s ]
SQL: SELECT * FROM `sw_role` WHERE `role_id` = 0 LIMIT 1   [ RunTime:0.0010s ]
INFO: [ view_parse ] --START--
NOTIC: [8] Use of undefined constant __PULBIC__ - assumed '__PULBIC__' /home/ncscherb/shop/Runtime/Cache/658da2412147ff670a3d8eefcbe791efa195208b.file.fileUpload.html.php 第 69 行.
NOTIC: [8] Use of undefined constant __PULBIC__ - assumed '__PULBIC__' /home/ncscherb/shop/Runtime/Cache/658da2412147ff670a3d8eefcbe791efa195208b.file.fileUpload.html.php 第 71 行.
INFO: Run Behavior\ParseTemplateBehavior [ RunTime:0.035498s ]
INFO: [ view_parse ] --END-- [ RunTime:0.035567s ]
INFO: [ view_filter ] --START--
INFO: Run Behavior\WriteHtmlCacheBehavior [ RunTime:0.000055s ]
INFO: [ view_filter ] --END-- [ RunTime:0.000078s ]
INFO: [ app_end ] --START--
INFO: Run Behavior\ShowPageTraceBehavior [ RunTime:0.000028s ]
INFO: [ app_end ] --END-- [ RunTime:0.000053s ]

[ 2017-03-02T23:19:44+08:00 ] 127.0.0.1 /shop/index.php/Admin/Goods/fileUploadByJquery
INFO: [ app_init ] --START--
INFO: Run Behavior\BuildLiteBehavior [ RunTime:0.000010s ]
INFO: [ app_init ] --END-- [ RunTime:0.000066s ]
INFO: [ app_begin ] --START--
INFO: Run Behavior\ReadHtmlCacheBehavior [ RunTime:0.000022s ]
INFO: [ app_begin ] --END-- [ RunTime:0.000047s ]
SQL: SHOW COLUMNS FROM `sw_role` [ RunTime:0.0229s ]
SQL: SELECT * FROM `sw_role` WHERE `role_id` = 0 LIMIT 1   [ RunTime:0.0005s ]
NOTIC: [8] Undefined index: download /home/ncscherb/shop/ThinkPHP/Library/Org/File/UploadHandler.class.php 第 1145 行.
NOTIC: [8] Undefined index: file /home/ncscherb/shop/ThinkPHP/Library/Org/File/UploadHandler.class.php 第 1145 行.
NOTIC: [8] Undefined index: upload_dir /home/ncscherb/shop/ThinkPHP/Library/Org/File/UploadHandler.class.php 第 229 行.
NOTIC: [8] Undefined index: upload_url /home/ncscherb/shop/ThinkPHP/Library/Org/File/UploadHandler.class.php 第 257 行.
NOTIC: [8] Undefined index: upload_dir /home/ncscherb/shop/ThinkPHP/Library/Org/File/UploadHandler.class.php 第 229 行.
NOTIC: [8] Undefined index: upload_dir /home/ncscherb/shop/ThinkPHP/Library/Org/File/UploadHandler.class.php 第 229 行.
NOTIC: [8] Undefined index: redirect /home/ncscherb/shop/ThinkPHP/Library/Org/File/UploadHandler.class.php 第 1141 行.
NOTIC: [8] Undefined index: HTTP_CONTENT_RANGE /home/ncscherb/shop/ThinkPHP/Library/Org/File/UploadHandler.class.php 第 1149 行.
INFO: [ app_end ] --START--
INFO: Run Behavior\ShowPageTraceBehavior [ RunTime:0.000052s ]
INFO: [ app_end ] --END-- [ RunTime:0.000093s ]

[ 2017-03-02T23:20:58+08:00 ] 127.0.0.1 /shop/index.php/Admin/Index/index.html
INFO: [ app_init ] --START--
INFO: Run Behavior\BuildLiteBehavior [ RunTime:0.000012s ]
INFO: [ app_init ] --END-- [ RunTime:0.000095s ]
INFO: [ app_begin ] --START--
INFO: Run Behavior\ReadHtmlCacheBehavior [ RunTime:0.000030s ]
INFO: [ app_begin ] --END-- [ RunTime:0.000060s ]
SQL: SHOW COLUMNS FROM `sw_role` [ RunTime:0.0179s ]
SQL: SELECT * FROM `sw_role` WHERE `role_id` = 0 LIMIT 1   [ RunTime:0.0007s ]
INFO: [ view_parse ] --START--
INFO: Run Behavior\ParseTemplateBehavior [ RunTime:0.006791s ]
INFO: [ view_parse ] --END-- [ RunTime:0.007485s ]
INFO: [ view_filter ] --START--
INFO: Run Behavior\WriteHtmlCacheBehavior [ RunTime:0.000040s ]
INFO: [ view_filter ] --END-- [ RunTime:0.000797s ]
INFO: [ app_end ] --START--
INFO: Run Behavior\ShowPageTraceBehavior [ RunTime:0.000046s ]
INFO: [ app_end ] --END-- [ RunTime:0.000079s ]

[ 2017-03-02T23:20:58+08:00 ] 127.0.0.1 /shop/index.php/Admin/Index/head
INFO: [ app_init ] --START--
INFO: Run Behavior\BuildLiteBehavior [ RunTime:0.000010s ]
INFO: [ app_init ] --END-- [ RunTime:0.000055s ]
INFO: [ app_begin ] --START--
INFO: Run Behavior\ReadHtmlCacheBehavior [ RunTime:0.000020s ]
INFO: [ app_begin ] --END-- [ RunTime:0.000057s ]
SQL: SHOW COLUMNS FROM `sw_role` [ RunTime:0.0212s ]
SQL: SELECT * FROM `sw_role` WHERE `role_id` = 0 LIMIT 1   [ RunTime:0.0006s ]
INFO: [ view_parse ] --START--
INFO: Run Behavior\ParseTemplateBehavior [ RunTime:0.004292s ]
INFO: [ view_parse ] --END-- [ RunTime:0.004446s ]
INFO: [ view_filter ] --START--
INFO: Run Behavior\WriteHtmlCacheBehavior [ RunTime:0.000085s ]
INFO: [ view_filter ] --END-- [ RunTime:0.000116s ]
INFO: [ app_end ] --START--
INFO: Run Behavior\ShowPageTraceBehavior [ RunTime:0.000025s ]
INFO: [ app_end ] --END-- [ RunTime:0.000050s ]

[ 2017-03-02T23:20:58+08:00 ] 127.0.0.1 /shop/index.php/Admin/Index/right.html
INFO: [ app_init ] --START--
INFO: Run Behavior\BuildLiteBehavior [ RunTime:0.000008s ]
INFO: [ app_init ] --END-- [ RunTime:0.000051s ]
INFO: [ app_begin ] --START--
INFO: Run Behavior\ReadHtmlCacheBehavior [ RunTime:0.000024s ]
INFO: [ app_begin ] --END-- [ RunTime:0.000051s ]
SQL: SHOW COLUMNS FROM `sw_role` [ RunTime:0.0299s ]
SQL: SELECT * FROM `sw_role` WHERE `role_id` = 0 LIMIT 1   [ RunTime:0.0002s ]
INFO: [ view_parse ] --START--
INFO: Run Behavior\ParseTemplateBehavior [ RunTime:0.000462s ]
INFO: [ view_parse ] --END-- [ RunTime:0.000494s ]
INFO: [ view_filter ] --START--
INFO: Run Behavior\WriteHtmlCacheBehavior [ RunTime:0.000023s ]
INFO: [ view_filter ] --END-- [ RunTime:0.000045s ]
INFO: [ app_end ] --START--
INFO: Run Behavior\ShowPageTraceBehavior [ RunTime:0.000018s ]
INFO: [ app_end ] --END-- [ RunTime:0.000038s ]

[ 2017-03-02T23:20:58+08:00 ] 127.0.0.1 /shop/index.php/Admin/Index/left.html
INFO: [ app_init ] --START--
INFO: Run Behavior\BuildLiteBehavior [ RunTime:0.000010s ]
INFO: [ app_init ] --END-- [ RunTime:0.000123s ]
INFO: [ app_begin ] --START--
INFO: Run Behavior\ReadHtmlCacheBehavior [ RunTime:0.000021s ]
INFO: [ app_begin ] --END-- [ RunTime:0.000045s ]
SQL: SHOW COLUMNS FROM `sw_role` [ RunTime:0.0237s ]
SQL: SELECT * FROM `sw_role` WHERE `role_id` = 0 LIMIT 1   [ RunTime:0.0006s ]
SQL: SHOW COLUMNS FROM `sw_auth` [ RunTime:0.0010s ]
SQL: SELECT * FROM `sw_auth` ORDER BY auth_path,auth_level  [ RunTime:0.0004s ]
INFO: [ view_parse ] --START--
INFO: Run Behavior\ParseTemplateBehavior [ RunTime:0.000845s ]
INFO: [ view_parse ] --END-- [ RunTime:0.000877s ]
INFO: [ view_filter ] --START--
INFO: Run Behavior\WriteHtmlCacheBehavior [ RunTime:0.000025s ]
INFO: [ view_filter ] --END-- [ RunTime:0.000047s ]
INFO: [ app_end ] --START--
INFO: Run Behavior\ShowPageTraceBehavior [ RunTime:0.000020s ]
INFO: [ app_end ] --END-- [ RunTime:0.000044s ]

[ 2017-03-02T23:21:01+08:00 ] 127.0.0.1 /shop/index.php/Admin/Goods/fileUpload
INFO: [ app_init ] --START--
INFO: Run Behavior\BuildLiteBehavior [ RunTime:0.000014s ]
INFO: [ app_init ] --END-- [ RunTime:0.000082s ]
INFO: [ app_begin ] --START--
INFO: Run Behavior\ReadHtmlCacheBehavior [ RunTime:0.000026s ]
INFO: [ app_begin ] --END-- [ RunTime:0.000051s ]
SQL: SHOW COLUMNS FROM `sw_role` [ RunTime:0.0005s ]
SQL: SELECT * FROM `sw_role` WHERE `role_id` = 0 LIMIT 1   [ RunTime:0.0003s ]
INFO: [ view_parse ] --START--
NOTIC: [8] Use of undefined constant __PULBIC__ - assumed '__PULBIC__' /home/ncscherb/shop/Runtime/Cache/658da2412147ff670a3d8eefcbe791efa195208b.file.fileUpload.html.php 第 69 行.
NOTIC: [8] Use of undefined constant __PULBIC__ - assumed '__PULBIC__' /home/ncscherb/shop/Runtime/Cache/658da2412147ff670a3d8eefcbe791efa195208b.file.fileUpload.html.php 第 71 行.
INFO: Run Behavior\ParseTemplateBehavior [ RunTime:0.000419s ]
INFO: [ view_parse ] --END-- [ RunTime:0.000450s ]
INFO: [ view_filter ] --START--
INFO: Run Behavior\WriteHtmlCacheBehavior [ RunTime:0.000024s ]
INFO: [ view_filter ] --END-- [ RunTime:0.000046s ]
INFO: [ app_end ] --START--
INFO: Run Behavior\ShowPageTraceBehavior [ RunTime:0.000040s ]
INFO: [ app_end ] --END-- [ RunTime:0.000077s ]

[ 2017-03-02T23:21:01+08:00 ] 127.0.0.1 /shop/index.php/Admin/Goods/fileUploadByJquery
INFO: [ app_init ] --START--
INFO: Run Behavior\BuildLiteBehavior [ RunTime:0.000009s ]
INFO: [ app_init ] --END-- [ RunTime:0.000055s ]
INFO: [ app_begin ] --START--
INFO: Run Behavior\ReadHtmlCacheBehavior [ RunTime:0.000020s ]
INFO: [ app_begin ] --END-- [ RunTime:0.000042s ]
SQL: SHOW COLUMNS FROM `sw_role` [ RunTime:0.0114s ]
SQL: SELECT * FROM `sw_role` WHERE `role_id` = 0 LIMIT 1   [ RunTime:0.0008s ]
NOTIC: [8] Undefined index: download /home/ncscherb/shop/ThinkPHP/Library/Org/File/UploadHandler.class.php 第 1145 行.
NOTIC: [8] Undefined index: file /home/ncscherb/shop/ThinkPHP/Library/Org/File/UploadHandler.class.php 第 1145 行.
NOTIC: [8] Undefined index: upload_url /home/ncscherb/shop/ThinkPHP/Library/Org/File/UploadHandler.class.php 第 263 行.
NOTIC: [8] Undefined index: upload_dir /home/ncscherb/shop/ThinkPHP/Library/Org/File/UploadHandler.class.php 第 229 行.
NOTIC: [8] Undefined index: upload_url /home/ncscherb/shop/ThinkPHP/Library/Org/File/UploadHandler.class.php 第 257 行.
NOTIC: [8] Undefined index: upload_url /home/ncscherb/shop/ThinkPHP/Library/Org/File/UploadHandler.class.php 第 263 行.
NOTIC: [8] Undefined index: upload_url /home/ncscherb/shop/ThinkPHP/Library/Org/File/UploadHandler.class.php 第 263 行.
NOTIC: [8] Undefined index: upload_dir /home/ncscherb/shop/ThinkPHP/Library/Org/File/UploadHandler.class.php 第 229 行.
NOTIC: [8] Undefined index: upload_url /home/ncscherb/shop/ThinkPHP/Library/Org/File/UploadHandler.class.php 第 263 行.
NOTIC: [8] Undefined index: upload_dir /home/ncscherb/shop/ThinkPHP/Library/Org/File/UploadHandler.class.php 第 229 行.
NOTIC: [8] Undefined index: redirect /home/ncscherb/shop/ThinkPHP/Library/Org/File/UploadHandler.class.php 第 1141 行.
NOTIC: [8] Undefined index: HTTP_CONTENT_RANGE /home/ncscherb/shop/ThinkPHP/Library/Org/File/UploadHandler.class.php 第 1149 行.
INFO: [ app_end ] --START--
INFO: Run Behavior\ShowPageTraceBehavior [ RunTime:0.000030s ]
INFO: [ app_end ] --END-- [ RunTime:0.000061s ]

[ 2017-03-02T23:21:01+08:00 ] 127.0.0.1 /shop/index.php/Admin/Goods/thumbnail/Screenshot%20from%202017-01-12%2018-53-53.png
INFO: [ app_init ] --START--
INFO: Run Behavior\BuildLiteBehavior [ RunTime:0.000014s ]
INFO: [ app_init ] --END-- [ RunTime:0.000084s ]

[ 2017-03-02T23:23:29+08:00 ] 127.0.0.1 /shop/index.php/Admin/Index/index.html
INFO: [ app_init ] --START--
INFO: Run Behavior\BuildLiteBehavior [ RunTime:0.000010s ]
INFO: [ app_init ] --END-- [ RunTime:0.000091s ]
INFO: [ app_begin ] --START--
INFO: Run Behavior\ReadHtmlCacheBehavior [ RunTime:0.000028s ]
INFO: [ app_begin ] --END-- [ RunTime:0.000059s ]
SQL: SHOW COLUMNS FROM `sw_role` [ RunTime:0.0246s ]
SQL: SELECT * FROM `sw_role` WHERE `role_id` = 0 LIMIT 1   [ RunTime:0.0005s ]
INFO: [ view_parse ] --START--
INFO: Run Behavior\ParseTemplateBehavior [ RunTime:0.001072s ]
INFO: [ view_parse ] --END-- [ RunTime:0.001131s ]
INFO: [ view_filter ] --START--
INFO: Run Behavior\WriteHtmlCacheBehavior [ RunTime:0.000033s ]
INFO: [ view_filter ] --END-- [ RunTime:0.000079s ]
INFO: [ app_end ] --START--
INFO: Run Behavior\ShowPageTraceBehavior [ RunTime:0.000036s ]
INFO: [ app_end ] --END-- [ RunTime:0.000063s ]

[ 2017-03-02T23:23:29+08:00 ] 127.0.0.1 /shop/index.php/Admin/Index/head
INFO: [ app_init ] --START--
INFO: Run Behavior\BuildLiteBehavior [ RunTime:0.000008s ]
INFO: [ app_init ] --END-- [ RunTime:0.000063s ]
INFO: [ app_begin ] --START--
INFO: Run Behavior\ReadHtmlCacheBehavior [ RunTime:0.000031s ]
INFO: [ app_begin ] --END-- [ RunTime:0.000057s ]
SQL: SHOW COLUMNS FROM `sw_role` [ RunTime:0.0087s ]
SQL: SELECT * FROM `sw_role` WHERE `role_id` = 0 LIMIT 1   [ RunTime:0.0002s ]
INFO: [ view_parse ] --START--
INFO: Run Behavior\ParseTemplateBehavior [ RunTime:0.003782s ]
INFO: [ view_parse ] --END-- [ RunTime:0.003849s ]
INFO: [ view_filter ] --START--
INFO: Run Behavior\WriteHtmlCacheBehavior [ RunTime:0.000060s ]
INFO: [ view_filter ] --END-- [ RunTime:0.000091s ]
INFO: [ app_end ] --START--
INFO: Run Behavior\ShowPageTraceBehavior [ RunTime:0.000025s ]
INFO: [ app_end ] --END-- [ RunTime:0.000054s ]

[ 2017-03-02T23:23:29+08:00 ] 127.0.0.1 /shop/index.php/Admin/Index/left.html
INFO: [ app_init ] --START--
INFO: Run Behavior\BuildLiteBehavior [ RunTime:0.000009s ]
INFO: [ app_init ] --END-- [ RunTime:0.000072s ]
INFO: [ app_begin ] --START--
INFO: Run Behavior\ReadHtmlCacheBehavior [ RunTime:0.000023s ]
INFO: [ app_begin ] --END-- [ RunTime:0.000052s ]
SQL: SHOW COLUMNS FROM `sw_role` [ RunTime:0.0209s ]
SQL: SELECT * FROM `sw_role` WHERE `role_id` = 0 LIMIT 1   [ RunTime:0.0004s ]
SQL: SHOW COLUMNS FROM `sw_auth` [ RunTime:0.0010s ]
SQL: SELECT * FROM `sw_auth` ORDER BY auth_path,auth_level  [ RunTime:0.0005s ]
INFO: [ view_parse ] --START--
INFO: Run Behavior\ParseTemplateBehavior [ RunTime:0.011036s ]
INFO: [ view_parse ] --END-- [ RunTime:0.011157s ]
INFO: [ view_filter ] --START--
INFO: Run Behavior\WriteHtmlCacheBehavior [ RunTime:0.000059s ]
INFO: [ view_filter ] --END-- [ RunTime:0.000084s ]
INFO: [ app_end ] --START--
INFO: Run Behavior\ShowPageTraceBehavior [ RunTime:0.000026s ]
INFO: [ app_end ] --END-- [ RunTime:0.000054s ]

[ 2017-03-02T23:23:29+08:00 ] 127.0.0.1 /shop/index.php/Admin/Index/right.html
INFO: [ app_init ] --START--
INFO: Run Behavior\BuildLiteBehavior [ RunTime:0.000010s ]
INFO: [ app_init ] --END-- [ RunTime:0.000060s ]
INFO: [ app_begin ] --START--
INFO: Run Behavior\ReadHtmlCacheBehavior [ RunTime:0.000020s ]
INFO: [ app_begin ] --END-- [ RunTime:0.000047s ]
SQL: SHOW COLUMNS FROM `sw_role` [ RunTime:0.0013s ]
SQL: SELECT * FROM `sw_role` WHERE `role_id` = 0 LIMIT 1   [ RunTime:0.0003s ]
INFO: [ view_parse ] --START--
INFO: Run Behavior\ParseTemplateBehavior [ RunTime:0.000386s ]
INFO: [ view_parse ] --END-- [ RunTime:0.000419s ]
INFO: [ view_filter ] --START--
INFO: Run Behavior\WriteHtmlCacheBehavior [ RunTime:0.000021s ]
INFO: [ view_filter ] --END-- [ RunTime:0.000043s ]
INFO: [ app_end ] --START--
INFO: Run Behavior\ShowPageTraceBehavior [ RunTime:0.000017s ]
INFO: [ app_end ] --END-- [ RunTime:0.000038s ]

[ 2017-03-02T23:23:32+08:00 ] 127.0.0.1 /shop/index.php/Admin/Goods/fileUpload
INFO: [ app_init ] --START--
INFO: Run Behavior\BuildLiteBehavior [ RunTime:0.000015s ]
INFO: [ app_init ] --END-- [ RunTime:0.000107s ]
INFO: [ app_begin ] --START--
INFO: Run Behavior\ReadHtmlCacheBehavior [ RunTime:0.000151s ]
INFO: [ app_begin ] --END-- [ RunTime:0.000211s ]
SQL: SHOW COLUMNS FROM `sw_role` [ RunTime:0.0231s ]
SQL: SELECT * FROM `sw_role` WHERE `role_id` = 0 LIMIT 1   [ RunTime:0.0009s ]
INFO: [ view_parse ] --START--
NOTIC: [8] Use of undefined constant __PULBIC__ - assumed '__PULBIC__' /home/ncscherb/shop/Runtime/Cache/658da2412147ff670a3d8eefcbe791efa195208b.file.fileUpload.html.php 第 69 行.
NOTIC: [8] Use of undefined constant __PULBIC__ - assumed '__PULBIC__' /home/ncscherb/shop/Runtime/Cache/658da2412147ff670a3d8eefcbe791efa195208b.file.fileUpload.html.php 第 71 行.
INFO: Run Behavior\ParseTemplateBehavior [ RunTime:0.001033s ]
INFO: [ view_parse ] --END-- [ RunTime:0.001098s ]
INFO: [ view_filter ] --START--
INFO: Run Behavior\WriteHtmlCacheBehavior [ RunTime:0.000060s ]
INFO: [ view_filter ] --END-- [ RunTime:0.000111s ]
INFO: [ app_end ] --START--
INFO: Run Behavior\ShowPageTraceBehavior [ RunTime:0.000065s ]
INFO: [ app_end ] --END-- [ RunTime:0.000144s ]

[ 2017-03-02T23:23:32+08:00 ] 127.0.0.1 /shop/index.php/Admin/Goods/fileUploadByJquery
INFO: [ app_init ] --START--
INFO: Run Behavior\BuildLiteBehavior [ RunTime:0.000008s ]
INFO: [ app_init ] --END-- [ RunTime:0.000052s ]
INFO: [ app_begin ] --START--
INFO: Run Behavior\ReadHtmlCacheBehavior [ RunTime:0.000023s ]
INFO: [ app_begin ] --END-- [ RunTime:0.000047s ]
SQL: SHOW COLUMNS FROM `sw_role` [ RunTime:0.0109s ]
SQL: SELECT * FROM `sw_role` WHERE `role_id` = 0 LIMIT 1   [ RunTime:0.0003s ]
NOTIC: [8] Undefined index: download /home/ncscherb/shop/ThinkPHP/Library/Org/File/UploadHandler.class.php 第 1145 行.
NOTIC: [8] Undefined index: file /home/ncscherb/shop/ThinkPHP/Library/Org/File/UploadHandler.class.php 第 1145 行.
NOTIC: [8] Undefined index: upload_dir /home/ncscherb/shop/ThinkPHP/Library/Org/File/UploadHandler.class.php 第 229 行.
NOTIC: [8] Undefined index: upload_url /home/ncscherb/shop/ThinkPHP/Library/Org/File/UploadHandler.class.php 第 257 行.
NOTIC: [8] Undefined index: upload_dir /home/ncscherb/shop/ThinkPHP/Library/Org/File/UploadHandler.class.php 第 229 行.
NOTIC: [8] Undefined index: upload_dir /home/ncscherb/shop/ThinkPHP/Library/Org/File/UploadHandler.class.php 第 229 行.
NOTIC: [8] Undefined index: redirect /home/ncscherb/shop/ThinkPHP/Library/Org/File/UploadHandler.class.php 第 1141 行.
NOTIC: [8] Undefined index: HTTP_CONTENT_RANGE /home/ncscherb/shop/ThinkPHP/Library/Org/File/UploadHandler.class.php 第 1149 行.
INFO: [ app_end ] --START--
INFO: Run Behavior\ShowPageTraceBehavior [ RunTime:0.000029s ]
INFO: [ app_end ] --END-- [ RunTime:0.000085s ]

[ 2017-03-02T23:42:48+08:00 ] 127.0.0.1 /shop/index.php/Admin/Ajax/testAjax
INFO: [ app_init ] --START--
INFO: Run Behavior\BuildLiteBehavior [ RunTime:0.000020s ]
INFO: [ app_init ] --END-- [ RunTime:0.021503s ]
INFO: [ app_begin ] --START--
INFO: Run Behavior\ReadHtmlCacheBehavior [ RunTime:0.000068s ]
INFO: [ app_begin ] --END-- [ RunTime:0.000126s ]
INFO: [ view_parse ] --START--
ERR: Syntax Error in template "/var/www/shop/Admin/View/Ajax/testAjax.html"  on line 43 "&lt;h3&gt;{%=o.title%}&lt;/h3&gt;"  - Unexpected "%"

[ 2017-03-02T23:43:28+08:00 ] 127.0.0.1 /shop/index.php/Admin/Ajax/testAjax
INFO: [ app_init ] --START--
INFO: Run Behavior\BuildLiteBehavior [ RunTime:0.000009s ]
INFO: [ app_init ] --END-- [ RunTime:0.000062s ]
INFO: [ app_begin ] --START--
INFO: Run Behavior\ReadHtmlCacheBehavior [ RunTime:0.000022s ]
INFO: [ app_begin ] --END-- [ RunTime:0.000048s ]
INFO: [ view_parse ] --START--
ERR: Syntax Error in template "/var/www/shop/Admin/View/Ajax/testAjax.html"  on line 44 "&lt;h3&gt;{%=o.title%}&lt;/h3&gt;"  - Unexpected "%"

[ 2017-03-02T23:43:31+08:00 ] 127.0.0.1 /shop/index.php/Admin/Ajax/xmlAjax
INFO: [ app_init ] --START--
INFO: Run Behavior\BuildLiteBehavior [ RunTime:0.000010s ]
INFO: [ app_init ] --END-- [ RunTime:0.000059s ]
INFO: [ app_begin ] --START--
INFO: Run Behavior\ReadHtmlCacheBehavior [ RunTime:0.000021s ]
INFO: [ app_begin ] --END-- [ RunTime:0.000046s ]
INFO: [ view_parse ] --START--
INFO: Run Behavior\ParseTemplateBehavior [ RunTime:0.013616s ]
INFO: [ view_parse ] --END-- [ RunTime:0.013672s ]
INFO: [ view_filter ] --START--
INFO: Run Behavior\WriteHtmlCacheBehavior [ RunTime:0.000116s ]
INFO: [ view_filter ] --END-- [ RunTime:0.000142s ]
INFO: [ app_end ] --START--
INFO: Run Behavior\ShowPageTraceBehavior [ RunTime:0.000027s ]
INFO: [ app_end ] --END-- [ RunTime:0.000050s ]

[ 2017-03-02T23:43:38+08:00 ] 127.0.0.1 /shop/index.php/Admin/Ajax/testAjax
INFO: [ app_init ] --START--
INFO: Run Behavior\BuildLiteBehavior [ RunTime:0.000011s ]
INFO: [ app_init ] --END-- [ RunTime:0.000075s ]
INFO: [ app_begin ] --START--
INFO: Run Behavior\ReadHtmlCacheBehavior [ RunTime:0.000034s ]
INFO: [ app_begin ] --END-- [ RunTime:0.000065s ]
INFO: [ view_parse ] --START--
ERR: Syntax Error in template "/var/www/shop/Admin/View/Ajax/testAjax.html"  on line 44 "&lt;h3&gt;{%=o.title%}&lt;/h3&gt;"  - Unexpected "%"

[ 2017-03-02T23:43:59+08:00 ] 127.0.0.1 /shop/index.php/Admin/Ajax/testAjax
INFO: [ app_init ] --START--
INFO: Run Behavior\BuildLiteBehavior [ RunTime:0.000008s ]
INFO: [ app_init ] --END-- [ RunTime:0.000062s ]
INFO: [ app_begin ] --START--
INFO: Run Behavior\ReadHtmlCacheBehavior [ RunTime:0.000027s ]
INFO: [ app_begin ] --END-- [ RunTime:0.000053s ]
INFO: [ view_parse ] --START--
ERR: Syntax Error in template "/var/www/shop/Admin/View/Ajax/testAjax.html"  on line 44 "&lt;h3&gt;{%=o.title%}&lt;/h3&gt;"  - Unexpected "%"

[ 2017-03-02T23:44:01+08:00 ] 127.0.0.1 /shop/index.php/Admin/Ajax/testAjax
INFO: [ app_init ] --START--
INFO: Run Behavior\BuildLiteBehavior [ RunTime:0.000009s ]
INFO: [ app_init ] --END-- [ RunTime:0.000056s ]
INFO: [ app_begin ] --START--
INFO: Run Behavior\ReadHtmlCacheBehavior [ RunTime:0.000033s ]
INFO: [ app_begin ] --END-- [ RunTime:0.000432s ]
INFO: [ view_parse ] --START--
ERR: Syntax Error in template "/var/www/shop/Admin/View/Ajax/testAjax.html"  on line 44 "&lt;h3&gt;{%=o.title%}&lt;/h3&gt;"  - Unexpected "%"

[ 2017-03-02T23:44:01+08:00 ] 127.0.0.1 /shop/index.php/Admin/Ajax/testAjax
INFO: [ app_init ] --START--
INFO: Run Behavior\BuildLiteBehavior [ RunTime:0.000009s ]
INFO: [ app_init ] --END-- [ RunTime:0.000057s ]
INFO: [ app_begin ] --START--
INFO: Run Behavior\ReadHtmlCacheBehavior [ RunTime:0.000021s ]
INFO: [ app_begin ] --END-- [ RunTime:0.000046s ]
INFO: [ view_parse ] --START--
ERR: Syntax Error in template "/var/www/shop/Admin/View/Ajax/testAjax.html"  on line 44 "&lt;h3&gt;{%=o.title%}&lt;/h3&gt;"  - Unexpected "%"

[ 2017-03-02T23:45:49+08:00 ] 127.0.0.1 /shop/index.php/Admin/Ajax/testAjax
INFO: [ app_init ] --START--
INFO: Run Behavior\BuildLiteBehavior [ RunTime:0.000012s ]
INFO: [ app_init ] --END-- [ RunTime:0.000108s ]
INFO: [ app_begin ] --START--
INFO: Run Behavior\ReadHtmlCacheBehavior [ RunTime:0.000030s ]
INFO: [ app_begin ] --END-- [ RunTime:0.000059s ]
INFO: [ view_parse ] --START--
ERR: Syntax Error in template "/var/www/shop/Admin/View/Ajax/testAjax.html"  on line 44 "&lt;h3&gt;{%=o.title%}&lt;/h3&gt;"  - Unexpected "%"

[ 2017-03-02T23:46:23+08:00 ] 127.0.0.1 /shop/index.php/Admin/Ajax/testAjax
INFO: [ app_init ] --START--
INFO: Run Behavior\BuildLiteBehavior [ RunTime:0.000011s ]
INFO: [ app_init ] --END-- [ RunTime:0.000076s ]
INFO: [ app_begin ] --START--
INFO: Run Behavior\ReadHtmlCacheBehavior [ RunTime:0.000028s ]
INFO: [ app_begin ] --END-- [ RunTime:0.000056s ]
INFO: [ view_parse ] --START--
ERR: Syntax Error in template "/var/www/shop/Admin/View/Ajax/testAjax.html"  on line 44 "&lt;h3&gt;{%=o.title%}&lt;/h3&gt;"  - Unexpected "%"

[ 2017-03-02T23:47:23+08:00 ] 127.0.0.1 /shop/index.php/Admin/Ajax/testAjax
INFO: [ app_init ] --START--
INFO: Run Behavior\BuildLiteBehavior [ RunTime:0.000009s ]
INFO: [ app_init ] --END-- [ RunTime:0.000059s ]
INFO: [ app_begin ] --START--
INFO: Run Behavior\ReadHtmlCacheBehavior [ RunTime:0.000166s ]
INFO: [ app_begin ] --END-- [ RunTime:0.000194s ]
INFO: [ view_parse ] --START--
ERR: Syntax Error in template "/var/www/shop/Admin/View/Ajax/testAjax.html"  on line 42 "{litera}" unknown tag "litera"

[ 2017-03-02T23:47:24+08:00 ] 127.0.0.1 /shop/index.php/Admin/Ajax/testAjax
INFO: [ app_init ] --START--
INFO: Run Behavior\BuildLiteBehavior [ RunTime:0.000009s ]
INFO: [ app_init ] --END-- [ RunTime:0.000055s ]
INFO: [ app_begin ] --START--
INFO: Run Behavior\ReadHtmlCacheBehavior [ RunTime:0.000025s ]
INFO: [ app_begin ] --END-- [ RunTime:0.000053s ]
INFO: [ view_parse ] --START--
ERR: Syntax Error in template "/var/www/shop/Admin/View/Ajax/testAjax.html"  on line 42 "{litera}" unknown tag "litera"

[ 2017-03-02T23:47:25+08:00 ] 127.0.0.1 /shop/index.php/Admin/Ajax/testAjax
INFO: [ app_init ] --START--
INFO: Run Behavior\BuildLiteBehavior [ RunTime:0.000026s ]
INFO: [ app_init ] --END-- [ RunTime:0.000163s ]
INFO: [ app_begin ] --START--
INFO: Run Behavior\ReadHtmlCacheBehavior [ RunTime:0.000070s ]
INFO: [ app_begin ] --END-- [ RunTime:0.000159s ]
INFO: [ view_parse ] --START--
ERR: Syntax Error in template "/var/www/shop/Admin/View/Ajax/testAjax.html"  on line 42 "{litera}" unknown tag "litera"

[ 2017-03-02T23:47:49+08:00 ] 127.0.0.1 /shop/index.php/Admin/Ajax/testAjax
INFO: [ app_init ] --START--
INFO: Run Behavior\BuildLiteBehavior [ RunTime:0.000016s ]
INFO: [ app_init ] --END-- [ RunTime:0.000104s ]
INFO: [ app_begin ] --START--
INFO: Run Behavior\ReadHtmlCacheBehavior [ RunTime:0.000034s ]
INFO: [ app_begin ] --END-- [ RunTime:0.000075s ]
INFO: [ view_parse ] --START--
INFO: Run Behavior\ParseTemplateBehavior [ RunTime:0.129895s ]
INFO: [ view_parse ] --END-- [ RunTime:0.129955s ]
INFO: [ view_filter ] --START--
INFO: Run Behavior\WriteHtmlCacheBehavior [ RunTime:0.000050s ]
INFO: [ view_filter ] --END-- [ RunTime:0.000072s ]
INFO: [ app_end ] --START--
INFO: Run Behavior\ShowPageTraceBehavior [ RunTime:0.000241s ]
INFO: [ app_end ] --END-- [ RunTime:0.000281s ]

[ 2017-03-02T23:47:50+08:00 ] 127.0.0.1 /shop/index.php/Admin/Ajax/responseToAjax
INFO: [ app_init ] --START--
INFO: Run Behavior\BuildLiteBehavior [ RunTime:0.000016s ]
INFO: [ app_init ] --END-- [ RunTime:0.000113s ]
INFO: [ app_begin ] --START--
INFO: Run Behavior\ReadHtmlCacheBehavior [ RunTime:0.000043s ]
INFO: [ app_begin ] --END-- [ RunTime:0.000103s ]
INFO: [ app_end ] --START--
INFO: Run Behavior\ShowPageTraceBehavior [ RunTime:0.000088s ]
INFO: [ app_end ] --END-- [ RunTime:0.000191s ]

[ 2017-03-02T23:47:51+08:00 ] 127.0.0.1 /shop/index.php/Admin/Ajax/responseToAjax
INFO: [ app_init ] --START--
INFO: Run Behavior\BuildLiteBehavior [ RunTime:0.000018s ]
INFO: [ app_init ] --END-- [ RunTime:0.000118s ]
INFO: [ app_begin ] --START--
INFO: Run Behavior\ReadHtmlCacheBehavior [ RunTime:0.000051s ]
INFO: [ app_begin ] --END-- [ RunTime:0.000113s ]
INFO: [ app_end ] --START--
INFO: Run Behavior\ShowPageTraceBehavior [ RunTime:0.000056s ]
INFO: [ app_end ] --END-- [ RunTime:0.000122s ]

[ 2017-03-02T23:47:51+08:00 ] 127.0.0.1 /shop/index.php/Admin/Ajax/responseToAjax
INFO: [ app_init ] --START--
INFO: Run Behavior\BuildLiteBehavior [ RunTime:0.000019s ]
INFO: [ app_init ] --END-- [ RunTime:0.000127s ]
INFO: [ app_begin ] --START--
INFO: Run Behavior\ReadHtmlCacheBehavior [ RunTime:0.000047s ]
INFO: [ app_begin ] --END-- [ RunTime:0.000110s ]
INFO: [ app_end ] --START--
INFO: Run Behavior\ShowPageTraceBehavior [ RunTime:0.000054s ]
INFO: [ app_end ] --END-- [ RunTime:0.000128s ]

[ 2017-03-02T23:47:51+08:00 ] 127.0.0.1 /shop/index.php/Admin/Ajax/responseToAjax
INFO: [ app_init ] --START--
INFO: Run Behavior\BuildLiteBehavior [ RunTime:0.000012s ]
INFO: [ app_init ] --END-- [ RunTime:0.000073s ]
INFO: [ app_begin ] --START--
INFO: Run Behavior\ReadHtmlCacheBehavior [ RunTime:0.000033s ]
INFO: [ app_begin ] --END-- [ RunTime:0.000070s ]
INFO: [ app_end ] --START--
INFO: Run Behavior\ShowPageTraceBehavior [ RunTime:0.000099s ]
INFO: [ app_end ] --END-- [ RunTime:0.000142s ]

[ 2017-03-02T23:47:51+08:00 ] 127.0.0.1 /shop/index.php/Admin/Ajax/responseToAjax
INFO: [ app_init ] --START--
INFO: Run Behavior\BuildLiteBehavior [ RunTime:0.000008s ]
INFO: [ app_init ] --END-- [ RunTime:0.000054s ]
INFO: [ app_begin ] --START--
INFO: Run Behavior\ReadHtmlCacheBehavior [ RunTime:0.000019s ]
INFO: [ app_begin ] --END-- [ RunTime:0.000044s ]
INFO: [ app_end ] --START--
INFO: Run Behavior\ShowPageTraceBehavior [ RunTime:0.000023s ]
INFO: [ app_end ] --END-- [ RunTime:0.000052s ]

[ 2017-03-02T23:47:52+08:00 ] 127.0.0.1 /shop/index.php/Admin/Ajax/responseToAjax
INFO: [ app_init ] --START--
INFO: Run Behavior\BuildLiteBehavior [ RunTime:0.000035s ]
INFO: [ app_init ] --END-- [ RunTime:0.000436s ]
INFO: [ app_begin ] --START--
INFO: Run Behavior\ReadHtmlCacheBehavior [ RunTime:0.000093s ]
INFO: [ app_begin ] --END-- [ RunTime:0.000205s ]
INFO: [ app_end ] --START--
INFO: Run Behavior\ShowPageTraceBehavior [ RunTime:0.000079s ]
INFO: [ app_end ] --END-- [ RunTime:0.000193s ]

[ 2017-03-02T23:47:52+08:00 ] 127.0.0.1 /shop/index.php/Admin/Ajax/responseToAjax
INFO: [ app_init ] --START--
INFO: Run Behavior\BuildLiteBehavior [ RunTime:0.000018s ]
INFO: [ app_init ] --END-- [ RunTime:0.000120s ]
INFO: [ app_begin ] --START--
INFO: Run Behavior\ReadHtmlCacheBehavior [ RunTime:0.000044s ]
INFO: [ app_begin ] --END-- [ RunTime:0.000102s ]
INFO: [ app_end ] --START--
INFO: Run Behavior\ShowPageTraceBehavior [ RunTime:0.000049s ]
INFO: [ app_end ] --END-- [ RunTime:0.000116s ]

[ 2017-03-02T23:47:52+08:00 ] 127.0.0.1 /shop/index.php/Admin/Ajax/responseToAjax
INFO: [ app_init ] --START--
INFO: Run Behavior\BuildLiteBehavior [ RunTime:0.000020s ]
INFO: [ app_init ] --END-- [ RunTime:0.000125s ]
INFO: [ app_begin ] --START--
INFO: Run Behavior\ReadHtmlCacheBehavior [ RunTime:0.000162s ]
INFO: [ app_begin ] --END-- [ RunTime:0.000235s ]
INFO: [ app_end ] --START--
INFO: Run Behavior\ShowPageTraceBehavior [ RunTime:0.000054s ]
INFO: [ app_end ] --END-- [ RunTime:0.000126s ]

[ 2017-03-02T23:47:52+08:00 ] 127.0.0.1 /shop/index.php/Admin/Ajax/responseToAjax
INFO: [ app_init ] --START--
INFO: Run Behavior\BuildLiteBehavior [ RunTime:0.000020s ]
INFO: [ app_init ] --END-- [ RunTime:0.000249s ]
INFO: [ app_begin ] --START--
INFO: Run Behavior\ReadHtmlCacheBehavior [ RunTime:0.000050s ]
INFO: [ app_begin ] --END-- [ RunTime:0.000114s ]
INFO: [ app_end ] --START--
INFO: Run Behavior\ShowPageTraceBehavior [ RunTime:0.000062s ]
INFO: [ app_end ] --END-- [ RunTime:0.000277s ]

[ 2017-03-02T23:48:24+08:00 ] 127.0.0.1 /shop/index.php/Admin/Ajax/testAjax
INFO: [ app_init ] --START--
INFO: Run Behavior\BuildLiteBehavior [ RunTime:0.000022s ]
INFO: [ app_init ] --END-- [ RunTime:0.001651s ]
INFO: [ app_begin ] --START--
INFO: Run Behavior\ReadHtmlCacheBehavior [ RunTime:0.000046s ]
INFO: [ app_begin ] --END-- [ RunTime:0.000097s ]
INFO: [ view_parse ] --START--
INFO: Run Behavior\ParseTemplateBehavior [ RunTime:0.031447s ]
INFO: [ view_parse ] --END-- [ RunTime:0.032337s ]
INFO: [ view_filter ] --START--
INFO: Run Behavior\WriteHtmlCacheBehavior [ RunTime:0.011155s ]
INFO: [ view_filter ] --END-- [ RunTime:0.011225s ]
INFO: [ app_end ] --START--
INFO: Run Behavior\ShowPageTraceBehavior [ RunTime:0.000164s ]
INFO: [ app_end ] --END-- [ RunTime:0.000324s ]

[ 2017-03-02T23:48:31+08:00 ] 127.0.0.1 /shop/index.php/Admin/Ajax/responseToAjax
INFO: [ app_init ] --START--
INFO: Run Behavior\BuildLiteBehavior [ RunTime:0.000013s ]
INFO: [ app_init ] --END-- [ RunTime:0.000157s ]
INFO: [ app_begin ] --START--
INFO: Run Behavior\ReadHtmlCacheBehavior [ RunTime:0.000033s ]
INFO: [ app_begin ] --END-- [ RunTime:0.000068s ]
INFO: [ app_end ] --START--
INFO: Run Behavior\ShowPageTraceBehavior [ RunTime:0.000036s ]
INFO: [ app_end ] --END-- [ RunTime:0.000073s ]

