[ 2017-02-28T22:32:38+08:00 ] 127.0.0.1 /shop/index.php/Admin/Ajax/testAjax
INFO: [ app_init ] --START--
INFO: Run Behavior\BuildLiteBehavior [ RunTime:0.000030s ]
INFO: [ app_init ] --END-- [ RunTime:0.007110s ]
INFO: [ app_begin ] --START--
INFO: Run Behavior\ReadHtmlCacheBehavior [ RunTime:0.013618s ]
INFO: [ app_begin ] --END-- [ RunTime:0.013760s ]
INFO: [ view_parse ] --START--
NOTIC: [2] filemtime(): stat failed for /var/www/shop/Runtime/Cache/ed87fe422b6ad58d5631fe21d048c406f20a5d98.file.testAjax.html.php /home/ncscherb/shop/ThinkPHP/Library/Vendor/Smarty/sysplugins/smarty_resource.php 第 683 行.
NOTIC: [2] unlink(/var/www/shop/Runtime/Cache/ed87fe422b6ad58d5631fe21d048c406f20a5d98.file.testAjax.html.php): No such file or directory /home/ncscherb/shop/ThinkPHP/Library/Vendor/Smarty/sysplugins/smarty_internal_write_file.php 第 49 行.
INFO: Run Behavior\ParseTemplateBehavior [ RunTime:0.261447s ]
INFO: [ view_parse ] --END-- [ RunTime:0.261583s ]
INFO: [ view_filter ] --START--
INFO: Run Behavior\WriteHtmlCacheBehavior [ RunTime:0.012321s ]
INFO: [ view_filter ] --END-- [ RunTime:0.012445s ]
INFO: [ app_end ] --START--
INFO: Run Behavior\ShowPageTraceBehavior [ RunTime:0.002202s ]
INFO: [ app_end ] --END-- [ RunTime:0.002314s ]

[ 2017-02-28T22:32:48+08:00 ] 127.0.0.1 /shop/index.php/Admin/Goods/showlist
INFO: [ app_init ] --START--
INFO: Run Behavior\BuildLiteBehavior [ RunTime:0.000012s ]
INFO: [ app_init ] --END-- [ RunTime:0.000141s ]
INFO: [ app_begin ] --START--
INFO: Run Behavior\ReadHtmlCacheBehavior [ RunTime:0.000031s ]
INFO: [ app_begin ] --END-- [ RunTime:0.000059s ]
SQL: SHOW COLUMNS FROM `sw_role` [ RunTime:1.0210s ]
SQL: SELECT * FROM `sw_role` LIMIT 1   [ RunTime:0.0145s ]
SQL: SHOW COLUMNS FROM `sw_goods` [ RunTime:0.0803s ]
SQL: SELECT COUNT(*) AS tp_count FROM `sw_goods` LIMIT 1   [ RunTime:0.0279s ]
NOTIC: [8] Undefined index: page /home/ncscherb/shop/Tools/Page.class.php 第 23 行.
SQL: select * from sw_goods order by goods_id desc limit 0,8 [ RunTime:0.0217s ]
INFO: [ view_parse ] --START--
INFO: Run Behavior\ParseTemplateBehavior [ RunTime:0.030874s ]
INFO: [ view_parse ] --END-- [ RunTime:0.031055s ]
INFO: [ view_filter ] --START--
INFO: Run Behavior\WriteHtmlCacheBehavior [ RunTime:0.000172s ]
INFO: [ view_filter ] --END-- [ RunTime:0.000269s ]
INFO: [ app_end ] --START--
INFO: Run Behavior\ShowPageTraceBehavior [ RunTime:0.000138s ]
INFO: [ app_end ] --END-- [ RunTime:0.000238s ]

[ 2017-02-28T22:32:48+08:00 ] 127.0.0.1 /shop/index.php/Admin/Admin/login
INFO: [ app_init ] --START--
INFO: Run Behavior\BuildLiteBehavior [ RunTime:0.000011s ]
INFO: [ app_init ] --END-- [ RunTime:0.000063s ]
INFO: [ app_begin ] --START--
INFO: Run Behavior\ReadHtmlCacheBehavior [ RunTime:0.000022s ]
INFO: [ app_begin ] --END-- [ RunTime:0.000047s ]
SQL: SHOW COLUMNS FROM `sw_manager` [ RunTime:0.0885s ]
SQL: SHOW COLUMNS FROM `sw_role` [ RunTime:0.0021s ]
SQL: SELECT * FROM `sw_role` LIMIT 1   [ RunTime:0.0007s ]
SQL: SHOW COLUMNS FROM `sw_manager` [ RunTime:0.0224s ]
INFO: [ view_parse ] --START--
ERR: Syntax Error in template "/var/www/shop/Admin/View/Admin/login.html"  on line 11 "var test= {&quot;b&quot;,&quot;a&quot;};"  - Unexpected ",", expected one of: "}" , " "

[ 2017-02-28T22:33:19+08:00 ] 127.0.0.1 /shop/index.php/Admin/Admin/login
INFO: [ app_init ] --START--
INFO: Run Behavior\BuildLiteBehavior [ RunTime:0.000025s ]
INFO: [ app_init ] --END-- [ RunTime:0.000223s ]
INFO: [ app_begin ] --START--
INFO: Run Behavior\ReadHtmlCacheBehavior [ RunTime:0.000101s ]
INFO: [ app_begin ] --END-- [ RunTime:0.000196s ]
SQL: SHOW COLUMNS FROM `sw_manager` [ RunTime:0.0294s ]
SQL: SHOW COLUMNS FROM `sw_role` [ RunTime:0.0047s ]
SQL: SELECT * FROM `sw_role` LIMIT 1   [ RunTime:0.0003s ]
SQL: SHOW COLUMNS FROM `sw_manager` [ RunTime:0.0008s ]
INFO: [ view_parse ] --START--
ERR: Syntax Error in template "/var/www/shop/Admin/View/Admin/login.html"  on line 11 "var test = {&quot;b&quot;:&quot;a&quot;};"  - Unexpected ":", expected one of: "}" , " "

[ 2017-02-28T22:33:21+08:00 ] 127.0.0.1 /shop/index.php/Admin/Admin/login
INFO: [ app_init ] --START--
INFO: Run Behavior\BuildLiteBehavior [ RunTime:0.000036s ]
INFO: [ app_init ] --END-- [ RunTime:0.000247s ]
INFO: [ app_begin ] --START--
INFO: Run Behavior\ReadHtmlCacheBehavior [ RunTime:0.000080s ]
INFO: [ app_begin ] --END-- [ RunTime:0.000180s ]
SQL: SHOW COLUMNS FROM `sw_manager` [ RunTime:0.0328s ]
SQL: SHOW COLUMNS FROM `sw_role` [ RunTime:0.0130s ]
SQL: SELECT * FROM `sw_role` LIMIT 1   [ RunTime:0.0007s ]
SQL: SHOW COLUMNS FROM `sw_manager` [ RunTime:0.0024s ]
INFO: [ view_parse ] --START--
ERR: Syntax Error in template "/var/www/shop/Admin/View/Admin/login.html"  on line 11 "var test = {&quot;b&quot;:&quot;a&quot;};"  - Unexpected ":", expected one of: "}" , " "

[ 2017-02-28T22:33:45+08:00 ] 127.0.0.1 /shop/index.php/Admin/Admin/login
INFO: [ app_init ] --START--
INFO: Run Behavior\BuildLiteBehavior [ RunTime:0.000032s ]
INFO: [ app_init ] --END-- [ RunTime:0.000235s ]
INFO: [ app_begin ] --START--
INFO: Run Behavior\ReadHtmlCacheBehavior [ RunTime:0.000047s ]
INFO: [ app_begin ] --END-- [ RunTime:0.000095s ]
SQL: SHOW COLUMNS FROM `sw_manager` [ RunTime:0.0206s ]
SQL: SHOW COLUMNS FROM `sw_role` [ RunTime:0.0097s ]
SQL: SELECT * FROM `sw_role` LIMIT 1   [ RunTime:0.0004s ]
SQL: SHOW COLUMNS FROM `sw_manager` [ RunTime:0.0005s ]
INFO: [ view_parse ] --START--
NOTIC: [8] Undefined index: errorInfo /home/ncscherb/shop/Runtime/Cache/76836dd94ac10783b175d1c9d8f6a7f8f937c010.file.login.html.php 第 97 行.
NOTIC: [8] Trying to get property of non-object /home/ncscherb/shop/Runtime/Cache/76836dd94ac10783b175d1c9d8f6a7f8f937c010.file.login.html.php 第 97 行.
INFO: Run Behavior\ParseTemplateBehavior [ RunTime:0.039417s ]
INFO: [ view_parse ] --END-- [ RunTime:0.039466s ]
INFO: [ view_filter ] --START--
INFO: Run Behavior\WriteHtmlCacheBehavior [ RunTime:0.000052s ]
INFO: [ view_filter ] --END-- [ RunTime:0.000085s ]
INFO: [ app_end ] --START--
INFO: Run Behavior\ShowPageTraceBehavior [ RunTime:0.000031s ]
INFO: [ app_end ] --END-- [ RunTime:0.000063s ]

[ 2017-02-28T22:33:45+08:00 ] 127.0.0.1 /shop/index.php/Admin/Admin/verifyImg
INFO: [ app_init ] --START--
INFO: Run Behavior\BuildLiteBehavior [ RunTime:0.000011s ]
INFO: [ app_init ] --END-- [ RunTime:0.000104s ]
INFO: [ app_begin ] --START--
INFO: Run Behavior\ReadHtmlCacheBehavior [ RunTime:0.000028s ]
INFO: [ app_begin ] --END-- [ RunTime:0.000060s ]
SQL: SHOW COLUMNS FROM `sw_manager` [ RunTime:0.1043s ]
SQL: SHOW COLUMNS FROM `sw_role` [ RunTime:0.0358s ]
SQL: SELECT * FROM `sw_role` LIMIT 1   [ RunTime:0.0003s ]
INFO: [ app_end ] --START--
INFO: Run Behavior\ShowPageTraceBehavior [ RunTime:0.000071s ]
INFO: [ app_end ] --END-- [ RunTime:0.000144s ]

[ 2017-02-28T22:33:59+08:00 ] 127.0.0.1 /shop/index.php/Admin/Admin/login
INFO: [ app_init ] --START--
INFO: Run Behavior\BuildLiteBehavior [ RunTime:0.000013s ]
INFO: [ app_init ] --END-- [ RunTime:0.000086s ]
INFO: [ app_begin ] --START--
INFO: Run Behavior\ReadHtmlCacheBehavior [ RunTime:0.000030s ]
INFO: [ app_begin ] --END-- [ RunTime:0.000069s ]
SQL: SHOW COLUMNS FROM `sw_manager` [ RunTime:0.0471s ]
SQL: SHOW COLUMNS FROM `sw_role` [ RunTime:0.0011s ]
SQL: SELECT * FROM `sw_role` LIMIT 1   [ RunTime:0.0002s ]
SQL: SHOW COLUMNS FROM `sw_manager` [ RunTime:0.0003s ]
INFO: [ view_parse ] --START--
NOTIC: [8] Undefined index: errorInfo /home/ncscherb/shop/Runtime/Cache/76836dd94ac10783b175d1c9d8f6a7f8f937c010.file.login.html.php 第 100 行.
NOTIC: [8] Trying to get property of non-object /home/ncscherb/shop/Runtime/Cache/76836dd94ac10783b175d1c9d8f6a7f8f937c010.file.login.html.php 第 100 行.
INFO: Run Behavior\ParseTemplateBehavior [ RunTime:0.000841s ]
INFO: [ view_parse ] --END-- [ RunTime:0.000880s ]
INFO: [ view_filter ] --START--
INFO: Run Behavior\WriteHtmlCacheBehavior [ RunTime:0.000037s ]
INFO: [ view_filter ] --END-- [ RunTime:0.000059s ]
INFO: [ app_end ] --START--
INFO: Run Behavior\ShowPageTraceBehavior [ RunTime:0.000020s ]
INFO: [ app_end ] --END-- [ RunTime:0.000043s ]

[ 2017-02-28T22:33:59+08:00 ] 127.0.0.1 /shop/index.php/Admin/Admin/verifyImg
INFO: [ app_init ] --START--
INFO: Run Behavior\BuildLiteBehavior [ RunTime:0.000009s ]
INFO: [ app_init ] --END-- [ RunTime:0.000056s ]
INFO: [ app_begin ] --START--
INFO: Run Behavior\ReadHtmlCacheBehavior [ RunTime:0.000020s ]
INFO: [ app_begin ] --END-- [ RunTime:0.000045s ]
SQL: SHOW COLUMNS FROM `sw_manager` [ RunTime:0.0241s ]
SQL: SHOW COLUMNS FROM `sw_role` [ RunTime:0.0006s ]
SQL: SELECT * FROM `sw_role` LIMIT 1   [ RunTime:0.0002s ]
INFO: [ app_end ] --START--
INFO: Run Behavior\ShowPageTraceBehavior [ RunTime:0.000053s ]
INFO: [ app_end ] --END-- [ RunTime:0.000103s ]

[ 2017-02-28T22:37:11+08:00 ] 127.0.0.1 /shop/index.php/Admin/Admin/login
INFO: [ app_init ] --START--
INFO: Run Behavior\BuildLiteBehavior [ RunTime:0.000015s ]
INFO: [ app_init ] --END-- [ RunTime:0.000133s ]
INFO: [ app_begin ] --START--
INFO: Run Behavior\ReadHtmlCacheBehavior [ RunTime:0.000033s ]
INFO: [ app_begin ] --END-- [ RunTime:0.000067s ]
SQL: SHOW COLUMNS FROM `sw_manager` [ RunTime:0.0330s ]
SQL: SHOW COLUMNS FROM `sw_role` [ RunTime:0.0143s ]
SQL: SELECT * FROM `sw_role` LIMIT 1   [ RunTime:0.0012s ]
SQL: SHOW COLUMNS FROM `sw_manager` [ RunTime:0.0023s ]
INFO: [ view_parse ] --START--
NOTIC: [8] Undefined index: errorInfo /home/ncscherb/shop/Runtime/Cache/76836dd94ac10783b175d1c9d8f6a7f8f937c010.file.login.html.php 第 100 行.
NOTIC: [8] Trying to get property of non-object /home/ncscherb/shop/Runtime/Cache/76836dd94ac10783b175d1c9d8f6a7f8f937c010.file.login.html.php 第 100 行.
INFO: Run Behavior\ParseTemplateBehavior [ RunTime:0.029189s ]
INFO: [ view_parse ] --END-- [ RunTime:0.029274s ]
INFO: [ view_filter ] --START--
INFO: Run Behavior\WriteHtmlCacheBehavior [ RunTime:0.000051s ]
INFO: [ view_filter ] --END-- [ RunTime:0.000087s ]
INFO: [ app_end ] --START--
INFO: Run Behavior\ShowPageTraceBehavior [ RunTime:0.000035s ]
INFO: [ app_end ] --END-- [ RunTime:0.000069s ]

[ 2017-02-28T22:37:11+08:00 ] 127.0.0.1 /shop/index.php/Admin/Admin/verifyImg
INFO: [ app_init ] --START--
INFO: Run Behavior\BuildLiteBehavior [ RunTime:0.000009s ]
INFO: [ app_init ] --END-- [ RunTime:0.000055s ]
INFO: [ app_begin ] --START--
INFO: Run Behavior\ReadHtmlCacheBehavior [ RunTime:0.000046s ]
INFO: [ app_begin ] --END-- [ RunTime:0.000076s ]
SQL: SHOW COLUMNS FROM `sw_manager` [ RunTime:0.0202s ]
SQL: SHOW COLUMNS FROM `sw_role` [ RunTime:0.0006s ]
SQL: SELECT * FROM `sw_role` LIMIT 1   [ RunTime:0.0002s ]
INFO: [ app_end ] --START--
INFO: Run Behavior\ShowPageTraceBehavior [ RunTime:0.000040s ]
INFO: [ app_end ] --END-- [ RunTime:0.000091s ]

[ 2017-02-28T22:37:15+08:00 ] 127.0.0.1 /shop/index.php/Admin/Admin/login
INFO: [ app_init ] --START--
INFO: Run Behavior\BuildLiteBehavior [ RunTime:0.000010s ]
INFO: [ app_init ] --END-- [ RunTime:0.000060s ]
INFO: [ app_begin ] --START--
INFO: Run Behavior\ReadHtmlCacheBehavior [ RunTime:0.000022s ]
INFO: [ app_begin ] --END-- [ RunTime:0.000049s ]
SQL: SHOW COLUMNS FROM `sw_manager` [ RunTime:0.0493s ]
SQL: SHOW COLUMNS FROM `sw_role` [ RunTime:0.0016s ]
SQL: SELECT * FROM `sw_role` LIMIT 1   [ RunTime:0.0003s ]
SQL: SHOW COLUMNS FROM `sw_manager` [ RunTime:0.0005s ]
INFO: [ view_parse ] --START--
NOTIC: [8] Undefined index: errorInfo /home/ncscherb/shop/Runtime/Cache/76836dd94ac10783b175d1c9d8f6a7f8f937c010.file.login.html.php 第 107 行.
NOTIC: [8] Trying to get property of non-object /home/ncscherb/shop/Runtime/Cache/76836dd94ac10783b175d1c9d8f6a7f8f937c010.file.login.html.php 第 107 行.
INFO: Run Behavior\ParseTemplateBehavior [ RunTime:0.000735s ]
INFO: [ view_parse ] --END-- [ RunTime:0.000770s ]
INFO: [ view_filter ] --START--
INFO: Run Behavior\WriteHtmlCacheBehavior [ RunTime:0.000028s ]
INFO: [ view_filter ] --END-- [ RunTime:0.000050s ]
INFO: [ app_end ] --START--
INFO: Run Behavior\ShowPageTraceBehavior [ RunTime:0.000020s ]
INFO: [ app_end ] --END-- [ RunTime:0.000042s ]

[ 2017-02-28T22:37:15+08:00 ] 127.0.0.1 /shop/index.php/Admin/Admin/verifyImg
INFO: [ app_init ] --START--
INFO: Run Behavior\BuildLiteBehavior [ RunTime:0.000009s ]
INFO: [ app_init ] --END-- [ RunTime:0.000055s ]
INFO: [ app_begin ] --START--
INFO: Run Behavior\ReadHtmlCacheBehavior [ RunTime:0.000021s ]
INFO: [ app_begin ] --END-- [ RunTime:0.000047s ]
SQL: SHOW COLUMNS FROM `sw_manager` [ RunTime:0.0140s ]
SQL: SHOW COLUMNS FROM `sw_role` [ RunTime:0.0004s ]
SQL: SELECT * FROM `sw_role` LIMIT 1   [ RunTime:0.0002s ]
INFO: [ app_end ] --START--
INFO: Run Behavior\ShowPageTraceBehavior [ RunTime:0.000039s ]
INFO: [ app_end ] --END-- [ RunTime:0.000080s ]

[ 2017-02-28T22:38:57+08:00 ] 127.0.0.1 /shop/index.php/Admin/Admin/login
INFO: [ app_init ] --START--
INFO: Run Behavior\BuildLiteBehavior [ RunTime:0.000011s ]
INFO: [ app_init ] --END-- [ RunTime:0.000112s ]
INFO: [ app_begin ] --START--
INFO: Run Behavior\ReadHtmlCacheBehavior [ RunTime:0.000026s ]
INFO: [ app_begin ] --END-- [ RunTime:0.000055s ]
SQL: SHOW COLUMNS FROM `sw_manager` [ RunTime:0.0202s ]
SQL: SHOW COLUMNS FROM `sw_role` [ RunTime:0.0232s ]
SQL: SELECT * FROM `sw_role` LIMIT 1   [ RunTime:0.0003s ]
SQL: SHOW COLUMNS FROM `sw_manager` [ RunTime:0.0263s ]
INFO: [ view_parse ] --START--
NOTIC: [8] Undefined index: errorInfo /home/ncscherb/shop/Runtime/Cache/76836dd94ac10783b175d1c9d8f6a7f8f937c010.file.login.html.php 第 107 行.
NOTIC: [8] Trying to get property of non-object /home/ncscherb/shop/Runtime/Cache/76836dd94ac10783b175d1c9d8f6a7f8f937c010.file.login.html.php 第 107 行.
INFO: Run Behavior\ParseTemplateBehavior [ RunTime:0.014033s ]
INFO: [ view_parse ] --END-- [ RunTime:0.014069s ]
INFO: [ view_filter ] --START--
INFO: Run Behavior\WriteHtmlCacheBehavior [ RunTime:0.000032s ]
INFO: [ view_filter ] --END-- [ RunTime:0.000053s ]
INFO: [ app_end ] --START--
INFO: Run Behavior\ShowPageTraceBehavior [ RunTime:0.000021s ]
INFO: [ app_end ] --END-- [ RunTime:0.000041s ]

[ 2017-02-28T22:38:57+08:00 ] 127.0.0.1 /shop/index.php/Admin/Admin/verifyImg
INFO: [ app_init ] --START--
INFO: Run Behavior\BuildLiteBehavior [ RunTime:0.000015s ]
INFO: [ app_init ] --END-- [ RunTime:0.000082s ]
INFO: [ app_begin ] --START--
INFO: Run Behavior\ReadHtmlCacheBehavior [ RunTime:0.000032s ]
INFO: [ app_begin ] --END-- [ RunTime:0.000064s ]
SQL: SHOW COLUMNS FROM `sw_manager` [ RunTime:0.0010s ]
SQL: SHOW COLUMNS FROM `sw_role` [ RunTime:0.0009s ]
SQL: SELECT * FROM `sw_role` LIMIT 1   [ RunTime:0.0004s ]
INFO: [ app_end ] --START--
INFO: Run Behavior\ShowPageTraceBehavior [ RunTime:0.000147s ]
INFO: [ app_end ] --END-- [ RunTime:0.000217s ]

[ 2017-02-28T22:38:58+08:00 ] 127.0.0.1 /shop/index.php/Admin/Admin/login
INFO: [ app_init ] --START--
INFO: Run Behavior\BuildLiteBehavior [ RunTime:0.000012s ]
INFO: [ app_init ] --END-- [ RunTime:0.000074s ]
INFO: [ app_begin ] --START--
INFO: Run Behavior\ReadHtmlCacheBehavior [ RunTime:0.000027s ]
INFO: [ app_begin ] --END-- [ RunTime:0.000062s ]
SQL: SHOW COLUMNS FROM `sw_manager` [ RunTime:0.0268s ]
SQL: SHOW COLUMNS FROM `sw_role` [ RunTime:0.0004s ]
SQL: SELECT * FROM `sw_role` LIMIT 1   [ RunTime:0.0002s ]
SQL: SHOW COLUMNS FROM `sw_manager` [ RunTime:0.0006s ]
INFO: [ view_parse ] --START--
NOTIC: [8] Undefined index: errorInfo /home/ncscherb/shop/Runtime/Cache/76836dd94ac10783b175d1c9d8f6a7f8f937c010.file.login.html.php 第 107 行.
NOTIC: [8] Trying to get property of non-object /home/ncscherb/shop/Runtime/Cache/76836dd94ac10783b175d1c9d8f6a7f8f937c010.file.login.html.php 第 107 行.
INFO: Run Behavior\ParseTemplateBehavior [ RunTime:0.014131s ]
INFO: [ view_parse ] --END-- [ RunTime:0.014171s ]
INFO: [ view_filter ] --START--
INFO: Run Behavior\WriteHtmlCacheBehavior [ RunTime:0.000031s ]
INFO: [ view_filter ] --END-- [ RunTime:0.000059s ]
INFO: [ app_end ] --START--
INFO: Run Behavior\ShowPageTraceBehavior [ RunTime:0.000023s ]
INFO: [ app_end ] --END-- [ RunTime:0.000051s ]

[ 2017-02-28T22:38:58+08:00 ] 127.0.0.1 /shop/index.php/Admin/Admin/verifyImg
INFO: [ app_init ] --START--
INFO: Run Behavior\BuildLiteBehavior [ RunTime:0.000009s ]
INFO: [ app_init ] --END-- [ RunTime:0.000059s ]
INFO: [ app_begin ] --START--
INFO: Run Behavior\ReadHtmlCacheBehavior [ RunTime:0.000021s ]
INFO: [ app_begin ] --END-- [ RunTime:0.000047s ]
SQL: SHOW COLUMNS FROM `sw_manager` [ RunTime:0.0013s ]
SQL: SHOW COLUMNS FROM `sw_role` [ RunTime:0.0150s ]
SQL: SELECT * FROM `sw_role` LIMIT 1   [ RunTime:0.0006s ]
INFO: [ app_end ] --START--
INFO: Run Behavior\ShowPageTraceBehavior [ RunTime:0.000047s ]
INFO: [ app_end ] --END-- [ RunTime:0.000095s ]

[ 2017-02-28T22:39:00+08:00 ] 127.0.0.1 /shop/index.php/Admin/Admin/login
INFO: [ app_init ] --START--
INFO: Run Behavior\BuildLiteBehavior [ RunTime:0.000009s ]
INFO: [ app_init ] --END-- [ RunTime:0.000065s ]
INFO: [ app_begin ] --START--
INFO: Run Behavior\ReadHtmlCacheBehavior [ RunTime:0.000023s ]
INFO: [ app_begin ] --END-- [ RunTime:0.000048s ]
SQL: SHOW COLUMNS FROM `sw_manager` [ RunTime:0.0306s ]
SQL: SHOW COLUMNS FROM `sw_role` [ RunTime:0.0005s ]
SQL: SELECT * FROM `sw_role` LIMIT 1   [ RunTime:0.0003s ]
SQL: SHOW COLUMNS FROM `sw_manager` [ RunTime:0.0003s ]
INFO: [ view_parse ] --START--
NOTIC: [8] Undefined index: errorInfo /home/ncscherb/shop/Runtime/Cache/76836dd94ac10783b175d1c9d8f6a7f8f937c010.file.login.html.php 第 109 行.
NOTIC: [8] Trying to get property of non-object /home/ncscherb/shop/Runtime/Cache/76836dd94ac10783b175d1c9d8f6a7f8f937c010.file.login.html.php 第 109 行.
INFO: Run Behavior\ParseTemplateBehavior [ RunTime:0.000779s ]
INFO: [ view_parse ] --END-- [ RunTime:0.000809s ]
INFO: [ view_filter ] --START--
INFO: Run Behavior\WriteHtmlCacheBehavior [ RunTime:0.000028s ]
INFO: [ view_filter ] --END-- [ RunTime:0.000049s ]
INFO: [ app_end ] --START--
INFO: Run Behavior\ShowPageTraceBehavior [ RunTime:0.000021s ]
INFO: [ app_end ] --END-- [ RunTime:0.000043s ]

[ 2017-02-28T22:39:01+08:00 ] 127.0.0.1 /shop/index.php/Admin/Admin/verifyImg
INFO: [ app_init ] --START--
INFO: Run Behavior\BuildLiteBehavior [ RunTime:0.000009s ]
INFO: [ app_init ] --END-- [ RunTime:0.000056s ]
INFO: [ app_begin ] --START--
INFO: Run Behavior\ReadHtmlCacheBehavior [ RunTime:0.000021s ]
INFO: [ app_begin ] --END-- [ RunTime:0.000045s ]
SQL: SHOW COLUMNS FROM `sw_manager` [ RunTime:0.0011s ]
SQL: SHOW COLUMNS FROM `sw_role` [ RunTime:0.0003s ]
SQL: SELECT * FROM `sw_role` LIMIT 1   [ RunTime:0.0002s ]
INFO: [ app_end ] --START--
INFO: Run Behavior\ShowPageTraceBehavior [ RunTime:0.000042s ]
INFO: [ app_end ] --END-- [ RunTime:0.000087s ]

[ 2017-02-28T22:39:01+08:00 ] 127.0.0.1 /shop/index.php/Admin/Admin/login
INFO: [ app_init ] --START--
INFO: Run Behavior\BuildLiteBehavior [ RunTime:0.000013s ]
INFO: [ app_init ] --END-- [ RunTime:0.000078s ]
INFO: [ app_begin ] --START--
INFO: Run Behavior\ReadHtmlCacheBehavior [ RunTime:0.000027s ]
INFO: [ app_begin ] --END-- [ RunTime:0.000063s ]
SQL: SHOW COLUMNS FROM `sw_manager` [ RunTime:0.0012s ]
SQL: SHOW COLUMNS FROM `sw_role` [ RunTime:0.0003s ]
SQL: SELECT * FROM `sw_role` LIMIT 1   [ RunTime:0.0043s ]
SQL: SHOW COLUMNS FROM `sw_manager` [ RunTime:0.0004s ]
INFO: [ view_parse ] --START--
NOTIC: [8] Undefined index: errorInfo /home/ncscherb/shop/Runtime/Cache/76836dd94ac10783b175d1c9d8f6a7f8f937c010.file.login.html.php 第 109 行.
NOTIC: [8] Trying to get property of non-object /home/ncscherb/shop/Runtime/Cache/76836dd94ac10783b175d1c9d8f6a7f8f937c010.file.login.html.php 第 109 行.
INFO: Run Behavior\ParseTemplateBehavior [ RunTime:0.000553s ]
INFO: [ view_parse ] --END-- [ RunTime:0.000612s ]
INFO: [ view_filter ] --START--
INFO: Run Behavior\WriteHtmlCacheBehavior [ RunTime:0.000031s ]
INFO: [ view_filter ] --END-- [ RunTime:0.000053s ]
INFO: [ app_end ] --START--
INFO: Run Behavior\ShowPageTraceBehavior [ RunTime:0.000019s ]
INFO: [ app_end ] --END-- [ RunTime:0.000041s ]

[ 2017-02-28T22:39:02+08:00 ] 127.0.0.1 /shop/index.php/Admin/Admin/verifyImg
INFO: [ app_init ] --START--
INFO: Run Behavior\BuildLiteBehavior [ RunTime:0.000009s ]
INFO: [ app_init ] --END-- [ RunTime:0.000056s ]
INFO: [ app_begin ] --START--
INFO: Run Behavior\ReadHtmlCacheBehavior [ RunTime:0.000020s ]
INFO: [ app_begin ] --END-- [ RunTime:0.000045s ]
SQL: SHOW COLUMNS FROM `sw_manager` [ RunTime:0.0760s ]
SQL: SHOW COLUMNS FROM `sw_role` [ RunTime:0.0004s ]
SQL: SELECT * FROM `sw_role` LIMIT 1   [ RunTime:0.0002s ]
INFO: [ app_end ] --START--
INFO: Run Behavior\ShowPageTraceBehavior [ RunTime:0.000076s ]
INFO: [ app_end ] --END-- [ RunTime:0.000150s ]

[ 2017-02-28T22:39:04+08:00 ] 127.0.0.1 /shop/index.php/Admin/Admin/login
INFO: [ app_init ] --START--
INFO: Run Behavior\BuildLiteBehavior [ RunTime:0.000011s ]
INFO: [ app_init ] --END-- [ RunTime:0.000076s ]
INFO: [ app_begin ] --START--
INFO: Run Behavior\ReadHtmlCacheBehavior [ RunTime:0.000029s ]
INFO: [ app_begin ] --END-- [ RunTime:0.000065s ]
SQL: SHOW COLUMNS FROM `sw_manager` [ RunTime:0.0425s ]
SQL: SHOW COLUMNS FROM `sw_role` [ RunTime:0.0041s ]
SQL: SELECT * FROM `sw_role` LIMIT 1   [ RunTime:0.0076s ]
SQL: SHOW COLUMNS FROM `sw_manager` [ RunTime:0.0003s ]
INFO: [ view_parse ] --START--
NOTIC: [8] Undefined index: errorInfo /home/ncscherb/shop/Runtime/Cache/76836dd94ac10783b175d1c9d8f6a7f8f937c010.file.login.html.php 第 109 行.
NOTIC: [8] Trying to get property of non-object /home/ncscherb/shop/Runtime/Cache/76836dd94ac10783b175d1c9d8f6a7f8f937c010.file.login.html.php 第 109 行.
INFO: Run Behavior\ParseTemplateBehavior [ RunTime:0.000378s ]
INFO: [ view_parse ] --END-- [ RunTime:0.000406s ]
INFO: [ view_filter ] --START--
INFO: Run Behavior\WriteHtmlCacheBehavior [ RunTime:0.000022s ]
INFO: [ view_filter ] --END-- [ RunTime:0.000044s ]
INFO: [ app_end ] --START--
INFO: Run Behavior\ShowPageTraceBehavior [ RunTime:0.000020s ]
INFO: [ app_end ] --END-- [ RunTime:0.000041s ]

[ 2017-02-28T22:39:04+08:00 ] 127.0.0.1 /shop/index.php/Admin/Admin/verifyImg
INFO: [ app_init ] --START--
INFO: Run Behavior\BuildLiteBehavior [ RunTime:0.000009s ]
INFO: [ app_init ] --END-- [ RunTime:0.000058s ]
INFO: [ app_begin ] --START--
INFO: Run Behavior\ReadHtmlCacheBehavior [ RunTime:0.000020s ]
INFO: [ app_begin ] --END-- [ RunTime:0.000045s ]
SQL: SHOW COLUMNS FROM `sw_manager` [ RunTime:0.0536s ]
SQL: SHOW COLUMNS FROM `sw_role` [ RunTime:0.0003s ]
SQL: SELECT * FROM `sw_role` LIMIT 1   [ RunTime:0.0003s ]
INFO: [ app_end ] --START--
INFO: Run Behavior\ShowPageTraceBehavior [ RunTime:0.000038s ]
INFO: [ app_end ] --END-- [ RunTime:0.000079s ]

[ 2017-02-28T22:40:18+08:00 ] 127.0.0.1 /shop/index.php/Admin/Admin/login
INFO: [ app_init ] --START--
INFO: Run Behavior\BuildLiteBehavior [ RunTime:0.000009s ]
INFO: [ app_init ] --END-- [ RunTime:0.000063s ]
INFO: [ app_begin ] --START--
INFO: Run Behavior\ReadHtmlCacheBehavior [ RunTime:0.000022s ]
INFO: [ app_begin ] --END-- [ RunTime:0.000048s ]
SQL: SHOW COLUMNS FROM `sw_manager` [ RunTime:0.0201s ]
SQL: SHOW COLUMNS FROM `sw_role` [ RunTime:0.0005s ]
SQL: SELECT * FROM `sw_role` LIMIT 1   [ RunTime:0.0005s ]
SQL: SHOW COLUMNS FROM `sw_manager` [ RunTime:0.0003s ]
INFO: [ view_parse ] --START--
NOTIC: [8] Undefined index: errorInfo /home/ncscherb/shop/Runtime/Cache/76836dd94ac10783b175d1c9d8f6a7f8f937c010.file.login.html.php 第 109 行.
NOTIC: [8] Trying to get property of non-object /home/ncscherb/shop/Runtime/Cache/76836dd94ac10783b175d1c9d8f6a7f8f937c010.file.login.html.php 第 109 行.
INFO: Run Behavior\ParseTemplateBehavior [ RunTime:0.013550s ]
INFO: [ view_parse ] --END-- [ RunTime:0.013605s ]
INFO: [ view_filter ] --START--
INFO: Run Behavior\WriteHtmlCacheBehavior [ RunTime:0.000037s ]
INFO: [ view_filter ] --END-- [ RunTime:0.000077s ]
INFO: [ app_end ] --START--
INFO: Run Behavior\ShowPageTraceBehavior [ RunTime:0.000026s ]
INFO: [ app_end ] --END-- [ RunTime:0.000048s ]

[ 2017-02-28T22:40:18+08:00 ] 127.0.0.1 /shop/index.php/Admin/Admin/verifyImg
INFO: [ app_init ] --START--
INFO: Run Behavior\BuildLiteBehavior [ RunTime:0.000016s ]
INFO: [ app_init ] --END-- [ RunTime:0.000103s ]
INFO: [ app_begin ] --START--
INFO: Run Behavior\ReadHtmlCacheBehavior [ RunTime:0.000024s ]
INFO: [ app_begin ] --END-- [ RunTime:0.000055s ]
SQL: SHOW COLUMNS FROM `sw_manager` [ RunTime:0.0198s ]
SQL: SHOW COLUMNS FROM `sw_role` [ RunTime:0.0003s ]
SQL: SELECT * FROM `sw_role` LIMIT 1   [ RunTime:0.0002s ]
INFO: [ app_end ] --START--
INFO: Run Behavior\ShowPageTraceBehavior [ RunTime:0.000039s ]
INFO: [ app_end ] --END-- [ RunTime:0.000079s ]

[ 2017-02-28T22:40:19+08:00 ] 127.0.0.1 /shop/index.php/Admin/Admin/login
INFO: [ app_init ] --START--
INFO: Run Behavior\BuildLiteBehavior [ RunTime:0.000008s ]
INFO: [ app_init ] --END-- [ RunTime:0.000055s ]
INFO: [ app_begin ] --START--
INFO: Run Behavior\ReadHtmlCacheBehavior [ RunTime:0.000023s ]
INFO: [ app_begin ] --END-- [ RunTime:0.000050s ]
SQL: SHOW COLUMNS FROM `sw_manager` [ RunTime:0.0196s ]
SQL: SHOW COLUMNS FROM `sw_role` [ RunTime:0.0003s ]
SQL: SELECT * FROM `sw_role` LIMIT 1   [ RunTime:0.0004s ]
SQL: SHOW COLUMNS FROM `sw_manager` [ RunTime:0.0004s ]
INFO: [ view_parse ] --START--
NOTIC: [8] Undefined index: errorInfo /home/ncscherb/shop/Runtime/Cache/76836dd94ac10783b175d1c9d8f6a7f8f937c010.file.login.html.php 第 109 行.
NOTIC: [8] Trying to get property of non-object /home/ncscherb/shop/Runtime/Cache/76836dd94ac10783b175d1c9d8f6a7f8f937c010.file.login.html.php 第 109 行.
INFO: Run Behavior\ParseTemplateBehavior [ RunTime:0.014192s ]
INFO: [ view_parse ] --END-- [ RunTime:0.014234s ]
INFO: [ view_filter ] --START--
INFO: Run Behavior\WriteHtmlCacheBehavior [ RunTime:0.000035s ]
INFO: [ view_filter ] --END-- [ RunTime:0.000059s ]
INFO: [ app_end ] --START--
INFO: Run Behavior\ShowPageTraceBehavior [ RunTime:0.000020s ]
INFO: [ app_end ] --END-- [ RunTime:0.000043s ]

[ 2017-02-28T22:40:19+08:00 ] 127.0.0.1 /shop/index.php/Admin/Admin/verifyImg
INFO: [ app_init ] --START--
INFO: Run Behavior\BuildLiteBehavior [ RunTime:0.000008s ]
INFO: [ app_init ] --END-- [ RunTime:0.000053s ]
INFO: [ app_begin ] --START--
INFO: Run Behavior\ReadHtmlCacheBehavior [ RunTime:0.000021s ]
INFO: [ app_begin ] --END-- [ RunTime:0.000048s ]
SQL: SHOW COLUMNS FROM `sw_manager` [ RunTime:0.0009s ]
SQL: SHOW COLUMNS FROM `sw_role` [ RunTime:0.0003s ]
SQL: SELECT * FROM `sw_role` LIMIT 1   [ RunTime:0.0002s ]
INFO: [ app_end ] --START--
INFO: Run Behavior\ShowPageTraceBehavior [ RunTime:0.000038s ]
INFO: [ app_end ] --END-- [ RunTime:0.000078s ]

[ 2017-02-28T22:41:00+08:00 ] 127.0.0.1 /shop/index.php/Admin/Admin/login
INFO: [ app_init ] --START--
INFO: Run Behavior\BuildLiteBehavior [ RunTime:0.000034s ]
INFO: [ app_init ] --END-- [ RunTime:0.000254s ]
INFO: [ app_begin ] --START--
INFO: Run Behavior\ReadHtmlCacheBehavior [ RunTime:0.000106s ]
INFO: [ app_begin ] --END-- [ RunTime:0.000224s ]
SQL: SHOW COLUMNS FROM `sw_manager` [ RunTime:0.2651s ]
SQL: SHOW COLUMNS FROM `sw_role` [ RunTime:0.0009s ]
SQL: SELECT * FROM `sw_role` LIMIT 1   [ RunTime:0.1543s ]
SQL: SHOW COLUMNS FROM `sw_manager` [ RunTime:0.0004s ]
INFO: [ view_parse ] --START--
NOTIC: [8] Undefined index: errorInfo /home/ncscherb/shop/Runtime/Cache/76836dd94ac10783b175d1c9d8f6a7f8f937c010.file.login.html.php 第 109 行.
NOTIC: [8] Trying to get property of non-object /home/ncscherb/shop/Runtime/Cache/76836dd94ac10783b175d1c9d8f6a7f8f937c010.file.login.html.php 第 109 行.
INFO: Run Behavior\ParseTemplateBehavior [ RunTime:0.014638s ]
INFO: [ view_parse ] --END-- [ RunTime:0.014674s ]
INFO: [ view_filter ] --START--
INFO: Run Behavior\WriteHtmlCacheBehavior [ RunTime:0.000038s ]
INFO: [ view_filter ] --END-- [ RunTime:0.000060s ]
INFO: [ app_end ] --START--
INFO: Run Behavior\ShowPageTraceBehavior [ RunTime:0.000023s ]
INFO: [ app_end ] --END-- [ RunTime:0.000044s ]

[ 2017-02-28T22:41:01+08:00 ] 127.0.0.1 /shop/index.php/Admin/Admin/login
INFO: [ app_init ] --START--
INFO: Run Behavior\BuildLiteBehavior [ RunTime:0.000010s ]
INFO: [ app_init ] --END-- [ RunTime:0.000070s ]
INFO: [ app_begin ] --START--
INFO: Run Behavior\ReadHtmlCacheBehavior [ RunTime:0.000025s ]
INFO: [ app_begin ] --END-- [ RunTime:0.000055s ]
SQL: SHOW COLUMNS FROM `sw_manager` [ RunTime:0.0854s ]
SQL: SHOW COLUMNS FROM `sw_role` [ RunTime:0.0008s ]
SQL: SELECT * FROM `sw_role` LIMIT 1   [ RunTime:0.0005s ]
SQL: SHOW COLUMNS FROM `sw_manager` [ RunTime:0.0127s ]
INFO: [ view_parse ] --START--
NOTIC: [8] Undefined index: errorInfo /home/ncscherb/shop/Runtime/Cache/76836dd94ac10783b175d1c9d8f6a7f8f937c010.file.login.html.php 第 109 行.
NOTIC: [8] Trying to get property of non-object /home/ncscherb/shop/Runtime/Cache/76836dd94ac10783b175d1c9d8f6a7f8f937c010.file.login.html.php 第 109 行.
INFO: Run Behavior\ParseTemplateBehavior [ RunTime:0.024346s ]
INFO: [ view_parse ] --END-- [ RunTime:0.024409s ]
INFO: [ view_filter ] --START--
INFO: Run Behavior\WriteHtmlCacheBehavior [ RunTime:0.000037s ]
INFO: [ view_filter ] --END-- [ RunTime:0.000072s ]
INFO: [ app_end ] --START--
INFO: Run Behavior\ShowPageTraceBehavior [ RunTime:0.000030s ]
INFO: [ app_end ] --END-- [ RunTime:0.000063s ]

[ 2017-02-28T22:41:01+08:00 ] 127.0.0.1 /shop/index.php/Admin/Admin/verifyImg
INFO: [ app_init ] --START--
INFO: Run Behavior\BuildLiteBehavior [ RunTime:0.000010s ]
INFO: [ app_init ] --END-- [ RunTime:0.000076s ]
INFO: [ app_begin ] --START--
INFO: Run Behavior\ReadHtmlCacheBehavior [ RunTime:0.000019s ]
INFO: [ app_begin ] --END-- [ RunTime:0.000046s ]
SQL: SHOW COLUMNS FROM `sw_manager` [ RunTime:0.0532s ]
SQL: SHOW COLUMNS FROM `sw_role` [ RunTime:0.0003s ]
SQL: SELECT * FROM `sw_role` LIMIT 1   [ RunTime:0.0056s ]
INFO: [ app_end ] --START--
INFO: Run Behavior\ShowPageTraceBehavior [ RunTime:0.000044s ]
INFO: [ app_end ] --END-- [ RunTime:0.000109s ]

[ 2017-02-28T22:44:02+08:00 ] 127.0.0.1 /shop/index.php/Admin/Admin/login
INFO: [ app_init ] --START--
INFO: Run Behavior\BuildLiteBehavior [ RunTime:0.000033s ]
INFO: [ app_init ] --END-- [ RunTime:0.000247s ]
INFO: [ app_begin ] --START--
INFO: Run Behavior\ReadHtmlCacheBehavior [ RunTime:0.000143s ]
INFO: [ app_begin ] --END-- [ RunTime:0.000291s ]
SQL: SHOW COLUMNS FROM `sw_manager` [ RunTime:0.0681s ]
SQL: SHOW COLUMNS FROM `sw_role` [ RunTime:0.0010s ]
SQL: SELECT * FROM `sw_role` LIMIT 1   [ RunTime:0.0006s ]
SQL: SHOW COLUMNS FROM `sw_manager` [ RunTime:0.0025s ]
INFO: [ view_parse ] --START--
NOTIC: [8] Undefined index: errorInfo /home/ncscherb/shop/Runtime/Cache/76836dd94ac10783b175d1c9d8f6a7f8f937c010.file.login.html.php 第 109 行.
NOTIC: [8] Trying to get property of non-object /home/ncscherb/shop/Runtime/Cache/76836dd94ac10783b175d1c9d8f6a7f8f937c010.file.login.html.php 第 109 行.
INFO: Run Behavior\ParseTemplateBehavior [ RunTime:0.070581s ]
INFO: [ view_parse ] --END-- [ RunTime:0.070673s ]
INFO: [ view_filter ] --START--
INFO: Run Behavior\WriteHtmlCacheBehavior [ RunTime:0.000127s ]
INFO: [ view_filter ] --END-- [ RunTime:0.000189s ]
INFO: [ app_end ] --START--
INFO: Run Behavior\ShowPageTraceBehavior [ RunTime:0.000068s ]
INFO: [ app_end ] --END-- [ RunTime:0.000163s ]

[ 2017-02-28T22:44:03+08:00 ] 127.0.0.1 /shop/index.php/Admin/Admin/verifyImg
INFO: [ app_init ] --START--
INFO: Run Behavior\BuildLiteBehavior [ RunTime:0.000009s ]
INFO: [ app_init ] --END-- [ RunTime:0.000052s ]
INFO: [ app_begin ] --START--
INFO: Run Behavior\ReadHtmlCacheBehavior [ RunTime:0.000020s ]
INFO: [ app_begin ] --END-- [ RunTime:0.000044s ]
SQL: SHOW COLUMNS FROM `sw_manager` [ RunTime:0.1519s ]
SQL: SHOW COLUMNS FROM `sw_role` [ RunTime:0.0003s ]
SQL: SELECT * FROM `sw_role` LIMIT 1   [ RunTime:0.0675s ]
INFO: [ app_end ] --START--
INFO: Run Behavior\ShowPageTraceBehavior [ RunTime:0.000052s ]
INFO: [ app_end ] --END-- [ RunTime:0.000098s ]

[ 2017-02-28T22:45:50+08:00 ] 127.0.0.1 /shop/index.php/Admin/Admin/login
INFO: [ app_init ] --START--
INFO: Run Behavior\BuildLiteBehavior [ RunTime:0.000016s ]
INFO: [ app_init ] --END-- [ RunTime:0.000126s ]
INFO: [ app_begin ] --START--
INFO: Run Behavior\ReadHtmlCacheBehavior [ RunTime:0.000056s ]
INFO: [ app_begin ] --END-- [ RunTime:0.000118s ]
SQL: SHOW COLUMNS FROM `sw_manager` [ RunTime:0.0204s ]
SQL: SHOW COLUMNS FROM `sw_role` [ RunTime:0.0004s ]
SQL: SELECT * FROM `sw_role` LIMIT 1   [ RunTime:0.0003s ]
SQL: SHOW COLUMNS FROM `sw_manager` [ RunTime:0.0005s ]
INFO: [ view_parse ] --START--
NOTIC: [8] Undefined index: errorInfo /home/ncscherb/shop/Runtime/Cache/76836dd94ac10783b175d1c9d8f6a7f8f937c010.file.login.html.php 第 109 行.
NOTIC: [8] Trying to get property of non-object /home/ncscherb/shop/Runtime/Cache/76836dd94ac10783b175d1c9d8f6a7f8f937c010.file.login.html.php 第 109 行.
INFO: Run Behavior\ParseTemplateBehavior [ RunTime:0.155489s ]
INFO: [ view_parse ] --END-- [ RunTime:0.155548s ]
INFO: [ view_filter ] --START--
INFO: Run Behavior\WriteHtmlCacheBehavior [ RunTime:0.000301s ]
INFO: [ view_filter ] --END-- [ RunTime:0.000378s ]
INFO: [ app_end ] --START--
INFO: Run Behavior\ShowPageTraceBehavior [ RunTime:0.000094s ]
INFO: [ app_end ] --END-- [ RunTime:0.000130s ]

[ 2017-02-28T22:45:50+08:00 ] 127.0.0.1 /shop/index.php/Admin/Admin/verifyImg
INFO: [ app_init ] --START--
INFO: Run Behavior\BuildLiteBehavior [ RunTime:0.000009s ]
INFO: [ app_init ] --END-- [ RunTime:0.000056s ]
INFO: [ app_begin ] --START--
INFO: Run Behavior\ReadHtmlCacheBehavior [ RunTime:0.000020s ]
INFO: [ app_begin ] --END-- [ RunTime:0.000048s ]
SQL: SHOW COLUMNS FROM `sw_manager` [ RunTime:0.0112s ]
SQL: SHOW COLUMNS FROM `sw_role` [ RunTime:0.0004s ]
SQL: SELECT * FROM `sw_role` LIMIT 1   [ RunTime:0.0079s ]
INFO: [ app_end ] --START--
INFO: Run Behavior\ShowPageTraceBehavior [ RunTime:0.000057s ]
INFO: [ app_end ] --END-- [ RunTime:0.000121s ]

[ 2017-02-28T22:45:58+08:00 ] 127.0.0.1 /shop/index.php/Admin/Admin/login
INFO: [ app_init ] --START--
INFO: Run Behavior\BuildLiteBehavior [ RunTime:0.000016s ]
INFO: [ app_init ] --END-- [ RunTime:0.000117s ]
INFO: [ app_begin ] --START--
INFO: Run Behavior\ReadHtmlCacheBehavior [ RunTime:0.000043s ]
INFO: [ app_begin ] --END-- [ RunTime:0.000166s ]
SQL: SHOW COLUMNS FROM `sw_manager` [ RunTime:0.0089s ]
SQL: SHOW COLUMNS FROM `sw_role` [ RunTime:0.0003s ]
SQL: SELECT * FROM `sw_role` LIMIT 1   [ RunTime:0.0002s ]
SQL: SHOW COLUMNS FROM `sw_manager` [ RunTime:0.0129s ]
INFO: [ view_parse ] --START--
NOTIC: [8] Undefined index: errorInfo /home/ncscherb/shop/Runtime/Cache/76836dd94ac10783b175d1c9d8f6a7f8f937c010.file.login.html.php 第 113 行.
NOTIC: [8] Trying to get property of non-object /home/ncscherb/shop/Runtime/Cache/76836dd94ac10783b175d1c9d8f6a7f8f937c010.file.login.html.php 第 113 行.
INFO: Run Behavior\ParseTemplateBehavior [ RunTime:0.000820s ]
INFO: [ view_parse ] --END-- [ RunTime:0.000852s ]
INFO: [ view_filter ] --START--
INFO: Run Behavior\WriteHtmlCacheBehavior [ RunTime:0.000037s ]
INFO: [ view_filter ] --END-- [ RunTime:0.000060s ]
INFO: [ app_end ] --START--
INFO: Run Behavior\ShowPageTraceBehavior [ RunTime:0.000022s ]
INFO: [ app_end ] --END-- [ RunTime:0.000044s ]

[ 2017-02-28T22:45:58+08:00 ] 127.0.0.1 /shop/index.php/Admin/Admin/verifyImg
INFO: [ app_init ] --START--
INFO: Run Behavior\BuildLiteBehavior [ RunTime:0.000008s ]
INFO: [ app_init ] --END-- [ RunTime:0.000052s ]
INFO: [ app_begin ] --START--
INFO: Run Behavior\ReadHtmlCacheBehavior [ RunTime:0.000019s ]
INFO: [ app_begin ] --END-- [ RunTime:0.000044s ]
SQL: SHOW COLUMNS FROM `sw_manager` [ RunTime:0.0014s ]
SQL: SHOW COLUMNS FROM `sw_role` [ RunTime:0.0004s ]
SQL: SELECT * FROM `sw_role` LIMIT 1   [ RunTime:0.0002s ]
INFO: [ app_end ] --START--
INFO: Run Behavior\ShowPageTraceBehavior [ RunTime:0.000044s ]
INFO: [ app_end ] --END-- [ RunTime:0.000087s ]

[ 2017-02-28T22:45:59+08:00 ] 127.0.0.1 /shop/index.php/Admin/Admin/login
INFO: [ app_init ] --START--
INFO: Run Behavior\BuildLiteBehavior [ RunTime:0.000008s ]
INFO: [ app_init ] --END-- [ RunTime:0.000050s ]
INFO: [ app_begin ] --START--
INFO: Run Behavior\ReadHtmlCacheBehavior [ RunTime:0.000019s ]
INFO: [ app_begin ] --END-- [ RunTime:0.000043s ]
SQL: SHOW COLUMNS FROM `sw_manager` [ RunTime:0.0094s ]
SQL: SHOW COLUMNS FROM `sw_role` [ RunTime:0.0003s ]
SQL: SELECT * FROM `sw_role` LIMIT 1   [ RunTime:0.0002s ]
SQL: SHOW COLUMNS FROM `sw_manager` [ RunTime:0.0003s ]
INFO: [ view_parse ] --START--
NOTIC: [8] Undefined index: errorInfo /home/ncscherb/shop/Runtime/Cache/76836dd94ac10783b175d1c9d8f6a7f8f937c010.file.login.html.php 第 113 行.
NOTIC: [8] Trying to get property of non-object /home/ncscherb/shop/Runtime/Cache/76836dd94ac10783b175d1c9d8f6a7f8f937c010.file.login.html.php 第 113 行.
INFO: Run Behavior\ParseTemplateBehavior [ RunTime:0.000410s ]
INFO: [ view_parse ] --END-- [ RunTime:0.000440s ]
INFO: [ view_filter ] --START--
INFO: Run Behavior\WriteHtmlCacheBehavior [ RunTime:0.000021s ]
INFO: [ view_filter ] --END-- [ RunTime:0.000043s ]
INFO: [ app_end ] --START--
INFO: Run Behavior\ShowPageTraceBehavior [ RunTime:0.000017s ]
INFO: [ app_end ] --END-- [ RunTime:0.000039s ]

[ 2017-02-28T22:45:59+08:00 ] 127.0.0.1 /shop/index.php/Admin/Admin/verifyImg
INFO: [ app_init ] --START--
INFO: Run Behavior\BuildLiteBehavior [ RunTime:0.000008s ]
INFO: [ app_init ] --END-- [ RunTime:0.000051s ]
INFO: [ app_begin ] --START--
INFO: Run Behavior\ReadHtmlCacheBehavior [ RunTime:0.000031s ]
INFO: [ app_begin ] --END-- [ RunTime:0.000063s ]
SQL: SHOW COLUMNS FROM `sw_manager` [ RunTime:0.0025s ]
SQL: SHOW COLUMNS FROM `sw_role` [ RunTime:0.0003s ]
SQL: SELECT * FROM `sw_role` LIMIT 1   [ RunTime:0.0002s ]
INFO: [ app_end ] --START--
INFO: Run Behavior\ShowPageTraceBehavior [ RunTime:0.000043s ]
INFO: [ app_end ] --END-- [ RunTime:0.000084s ]

[ 2017-02-28T22:46:00+08:00 ] 127.0.0.1 /shop/index.php/Admin/Admin/login
INFO: [ app_init ] --START--
INFO: Run Behavior\BuildLiteBehavior [ RunTime:0.000017s ]
INFO: [ app_init ] --END-- [ RunTime:0.000102s ]
INFO: [ app_begin ] --START--
INFO: Run Behavior\ReadHtmlCacheBehavior [ RunTime:0.000035s ]
INFO: [ app_begin ] --END-- [ RunTime:0.000089s ]
SQL: SHOW COLUMNS FROM `sw_manager` [ RunTime:0.0389s ]
SQL: SHOW COLUMNS FROM `sw_role` [ RunTime:0.0003s ]
SQL: SELECT * FROM `sw_role` LIMIT 1   [ RunTime:0.0002s ]
SQL: SHOW COLUMNS FROM `sw_manager` [ RunTime:0.0004s ]
INFO: [ view_parse ] --START--
NOTIC: [8] Undefined index: errorInfo /home/ncscherb/shop/Runtime/Cache/76836dd94ac10783b175d1c9d8f6a7f8f937c010.file.login.html.php 第 113 行.
NOTIC: [8] Trying to get property of non-object /home/ncscherb/shop/Runtime/Cache/76836dd94ac10783b175d1c9d8f6a7f8f937c010.file.login.html.php 第 113 行.
INFO: Run Behavior\ParseTemplateBehavior [ RunTime:0.000429s ]
INFO: [ view_parse ] --END-- [ RunTime:0.000481s ]
INFO: [ view_filter ] --START--
INFO: Run Behavior\WriteHtmlCacheBehavior [ RunTime:0.000042s ]
INFO: [ view_filter ] --END-- [ RunTime:0.000162s ]
INFO: [ app_end ] --START--
INFO: Run Behavior\ShowPageTraceBehavior [ RunTime:0.000034s ]
INFO: [ app_end ] --END-- [ RunTime:0.000064s ]

[ 2017-02-28T22:46:00+08:00 ] 127.0.0.1 /shop/index.php/Admin/Admin/verifyImg
INFO: [ app_init ] --START--
INFO: Run Behavior\BuildLiteBehavior [ RunTime:0.000009s ]
INFO: [ app_init ] --END-- [ RunTime:0.000058s ]
INFO: [ app_begin ] --START--
INFO: Run Behavior\ReadHtmlCacheBehavior [ RunTime:0.000034s ]
INFO: [ app_begin ] --END-- [ RunTime:0.000065s ]
SQL: SHOW COLUMNS FROM `sw_manager` [ RunTime:0.0012s ]
SQL: SHOW COLUMNS FROM `sw_role` [ RunTime:0.0003s ]
SQL: SELECT * FROM `sw_role` LIMIT 1   [ RunTime:0.0002s ]
INFO: [ app_end ] --START--
INFO: Run Behavior\ShowPageTraceBehavior [ RunTime:0.000037s ]
INFO: [ app_end ] --END-- [ RunTime:0.000075s ]

[ 2017-02-28T22:47:01+08:00 ] 127.0.0.1 /shop/index.php/Admin/Admin/login
INFO: [ app_init ] --START--
INFO: Run Behavior\BuildLiteBehavior [ RunTime:0.000009s ]
INFO: [ app_init ] --END-- [ RunTime:0.000069s ]
INFO: [ app_begin ] --START--
INFO: Run Behavior\ReadHtmlCacheBehavior [ RunTime:0.000026s ]
INFO: [ app_begin ] --END-- [ RunTime:0.000054s ]
SQL: SHOW COLUMNS FROM `sw_manager` [ RunTime:0.0203s ]
SQL: SHOW COLUMNS FROM `sw_role` [ RunTime:0.0004s ]
SQL: SELECT * FROM `sw_role` LIMIT 1   [ RunTime:0.0003s ]
SQL: SHOW COLUMNS FROM `sw_manager` [ RunTime:0.0003s ]
INFO: [ view_parse ] --START--
NOTIC: [8] Undefined index: errorInfo /home/ncscherb/shop/Runtime/Cache/76836dd94ac10783b175d1c9d8f6a7f8f937c010.file.login.html.php 第 113 行.
NOTIC: [8] Trying to get property of non-object /home/ncscherb/shop/Runtime/Cache/76836dd94ac10783b175d1c9d8f6a7f8f937c010.file.login.html.php 第 113 行.
INFO: Run Behavior\ParseTemplateBehavior [ RunTime:0.015964s ]
INFO: [ view_parse ] --END-- [ RunTime:0.015999s ]
INFO: [ view_filter ] --START--
INFO: Run Behavior\WriteHtmlCacheBehavior [ RunTime:0.000035s ]
INFO: [ view_filter ] --END-- [ RunTime:0.000058s ]
INFO: [ app_end ] --START--
INFO: Run Behavior\ShowPageTraceBehavior [ RunTime:0.000022s ]
INFO: [ app_end ] --END-- [ RunTime:0.000044s ]

[ 2017-02-28T22:47:01+08:00 ] 127.0.0.1 /shop/index.php/Admin/Admin/verifyImg
INFO: [ app_init ] --START--
INFO: Run Behavior\BuildLiteBehavior [ RunTime:0.000011s ]
INFO: [ app_init ] --END-- [ RunTime:0.000117s ]
INFO: [ app_begin ] --START--
INFO: Run Behavior\ReadHtmlCacheBehavior [ RunTime:0.000029s ]
INFO: [ app_begin ] --END-- [ RunTime:0.000060s ]
SQL: SHOW COLUMNS FROM `sw_manager` [ RunTime:0.0003s ]
SQL: SHOW COLUMNS FROM `sw_role` [ RunTime:0.0003s ]
SQL: SELECT * FROM `sw_role` LIMIT 1   [ RunTime:0.0004s ]
INFO: [ app_end ] --START--
INFO: Run Behavior\ShowPageTraceBehavior [ RunTime:0.000036s ]
INFO: [ app_end ] --END-- [ RunTime:0.000075s ]

[ 2017-02-28T22:47:03+08:00 ] 127.0.0.1 /shop/index.php/Admin/Admin/login
INFO: [ app_init ] --START--
INFO: Run Behavior\BuildLiteBehavior [ RunTime:0.000012s ]
INFO: [ app_init ] --END-- [ RunTime:0.000070s ]
INFO: [ app_begin ] --START--
INFO: Run Behavior\ReadHtmlCacheBehavior [ RunTime:0.000028s ]
INFO: [ app_begin ] --END-- [ RunTime:0.000065s ]
SQL: SHOW COLUMNS FROM `sw_manager` [ RunTime:0.0045s ]
SQL: SHOW COLUMNS FROM `sw_role` [ RunTime:0.0004s ]
SQL: SELECT * FROM `sw_role` LIMIT 1   [ RunTime:0.0003s ]
SQL: SHOW COLUMNS FROM `sw_manager` [ RunTime:0.0003s ]
INFO: [ view_parse ] --START--
NOTIC: [8] Undefined index: errorInfo /home/ncscherb/shop/Runtime/Cache/76836dd94ac10783b175d1c9d8f6a7f8f937c010.file.login.html.php 第 113 行.
NOTIC: [8] Trying to get property of non-object /home/ncscherb/shop/Runtime/Cache/76836dd94ac10783b175d1c9d8f6a7f8f937c010.file.login.html.php 第 113 行.
INFO: Run Behavior\ParseTemplateBehavior [ RunTime:0.013356s ]
INFO: [ view_parse ] --END-- [ RunTime:0.013388s ]
INFO: [ view_filter ] --START--
INFO: Run Behavior\WriteHtmlCacheBehavior [ RunTime:0.000026s ]
INFO: [ view_filter ] --END-- [ RunTime:0.000048s ]
INFO: [ app_end ] --START--
INFO: Run Behavior\ShowPageTraceBehavior [ RunTime:0.000019s ]
INFO: [ app_end ] --END-- [ RunTime:0.000040s ]

[ 2017-02-28T22:47:03+08:00 ] 127.0.0.1 /shop/index.php/Admin/Admin/verifyImg
INFO: [ app_init ] --START--
INFO: Run Behavior\BuildLiteBehavior [ RunTime:0.000012s ]
INFO: [ app_init ] --END-- [ RunTime:0.000072s ]
INFO: [ app_begin ] --START--
INFO: Run Behavior\ReadHtmlCacheBehavior [ RunTime:0.000026s ]
INFO: [ app_begin ] --END-- [ RunTime:0.000054s ]
SQL: SHOW COLUMNS FROM `sw_manager` [ RunTime:0.0083s ]
SQL: SHOW COLUMNS FROM `sw_role` [ RunTime:0.0003s ]
SQL: SELECT * FROM `sw_role` LIMIT 1   [ RunTime:0.0001s ]
INFO: [ app_end ] --START--
INFO: Run Behavior\ShowPageTraceBehavior [ RunTime:0.000035s ]
INFO: [ app_end ] --END-- [ RunTime:0.000071s ]

[ 2017-02-28T22:47:15+08:00 ] 127.0.0.1 /shop/index.php/Admin/Admin/login
INFO: [ app_init ] --START--
INFO: Run Behavior\BuildLiteBehavior [ RunTime:0.000070s ]
INFO: [ app_init ] --END-- [ RunTime:0.000138s ]
INFO: [ app_begin ] --START--
INFO: Run Behavior\ReadHtmlCacheBehavior [ RunTime:0.000032s ]
INFO: [ app_begin ] --END-- [ RunTime:0.000062s ]
SQL: SHOW COLUMNS FROM `sw_manager` [ RunTime:0.0125s ]
SQL: SHOW COLUMNS FROM `sw_role` [ RunTime:0.0003s ]
SQL: SELECT * FROM `sw_role` LIMIT 1   [ RunTime:0.0002s ]
SQL: SHOW COLUMNS FROM `sw_manager` [ RunTime:0.0003s ]
INFO: [ view_parse ] --START--
NOTIC: [8] Undefined index: errorInfo /home/ncscherb/shop/Runtime/Cache/76836dd94ac10783b175d1c9d8f6a7f8f937c010.file.login.html.php 第 114 行.
NOTIC: [8] Trying to get property of non-object /home/ncscherb/shop/Runtime/Cache/76836dd94ac10783b175d1c9d8f6a7f8f937c010.file.login.html.php 第 114 行.
INFO: Run Behavior\ParseTemplateBehavior [ RunTime:0.000894s ]
INFO: [ view_parse ] --END-- [ RunTime:0.000929s ]
INFO: [ view_filter ] --START--
INFO: Run Behavior\WriteHtmlCacheBehavior [ RunTime:0.000037s ]
INFO: [ view_filter ] --END-- [ RunTime:0.000064s ]
INFO: [ app_end ] --START--
INFO: Run Behavior\ShowPageTraceBehavior [ RunTime:0.000029s ]
INFO: [ app_end ] --END-- [ RunTime:0.000057s ]

[ 2017-02-28T22:47:15+08:00 ] 127.0.0.1 /shop/index.php/Admin/Admin/verifyImg
INFO: [ app_init ] --START--
INFO: Run Behavior\BuildLiteBehavior [ RunTime:0.000016s ]
INFO: [ app_init ] --END-- [ RunTime:0.000149s ]
INFO: [ app_begin ] --START--
INFO: Run Behavior\ReadHtmlCacheBehavior [ RunTime:0.000038s ]
INFO: [ app_begin ] --END-- [ RunTime:0.000065s ]
SQL: SHOW COLUMNS FROM `sw_manager` [ RunTime:0.0011s ]
SQL: SHOW COLUMNS FROM `sw_role` [ RunTime:0.0005s ]
SQL: SELECT * FROM `sw_role` LIMIT 1   [ RunTime:0.0003s ]
INFO: [ app_end ] --START--
INFO: Run Behavior\ShowPageTraceBehavior [ RunTime:0.000040s ]
INFO: [ app_end ] --END-- [ RunTime:0.000082s ]

[ 2017-02-28T22:47:16+08:00 ] 127.0.0.1 /shop/index.php/Admin/Admin/login
INFO: [ app_init ] --START--
INFO: Run Behavior\BuildLiteBehavior [ RunTime:0.000008s ]
INFO: [ app_init ] --END-- [ RunTime:0.000050s ]
INFO: [ app_begin ] --START--
INFO: Run Behavior\ReadHtmlCacheBehavior [ RunTime:0.000019s ]
INFO: [ app_begin ] --END-- [ RunTime:0.000044s ]
SQL: SHOW COLUMNS FROM `sw_manager` [ RunTime:0.0196s ]
SQL: SHOW COLUMNS FROM `sw_role` [ RunTime:0.0010s ]
SQL: SELECT * FROM `sw_role` LIMIT 1   [ RunTime:0.0004s ]
SQL: SHOW COLUMNS FROM `sw_manager` [ RunTime:0.0006s ]
INFO: [ view_parse ] --START--
NOTIC: [8] Undefined index: errorInfo /home/ncscherb/shop/Runtime/Cache/76836dd94ac10783b175d1c9d8f6a7f8f937c010.file.login.html.php 第 114 行.
NOTIC: [8] Trying to get property of non-object /home/ncscherb/shop/Runtime/Cache/76836dd94ac10783b175d1c9d8f6a7f8f937c010.file.login.html.php 第 114 行.
INFO: Run Behavior\ParseTemplateBehavior [ RunTime:0.000572s ]
INFO: [ view_parse ] --END-- [ RunTime:0.000607s ]
INFO: [ view_filter ] --START--
INFO: Run Behavior\WriteHtmlCacheBehavior [ RunTime:0.000028s ]
INFO: [ view_filter ] --END-- [ RunTime:0.000052s ]
INFO: [ app_end ] --START--
INFO: Run Behavior\ShowPageTraceBehavior [ RunTime:0.000022s ]
INFO: [ app_end ] --END-- [ RunTime:0.000044s ]

[ 2017-02-28T22:47:16+08:00 ] 127.0.0.1 /shop/index.php/Admin/Admin/verifyImg
INFO: [ app_init ] --START--
INFO: Run Behavior\BuildLiteBehavior [ RunTime:0.000010s ]
INFO: [ app_init ] --END-- [ RunTime:0.000065s ]
INFO: [ app_begin ] --START--
INFO: Run Behavior\ReadHtmlCacheBehavior [ RunTime:0.000039s ]
INFO: [ app_begin ] --END-- [ RunTime:0.000075s ]
SQL: SHOW COLUMNS FROM `sw_manager` [ RunTime:0.0012s ]
SQL: SHOW COLUMNS FROM `sw_role` [ RunTime:0.0004s ]
SQL: SELECT * FROM `sw_role` LIMIT 1   [ RunTime:0.0001s ]
INFO: [ app_end ] --START--
INFO: Run Behavior\ShowPageTraceBehavior [ RunTime:0.000048s ]
INFO: [ app_end ] --END-- [ RunTime:0.000092s ]

[ 2017-02-28T22:47:18+08:00 ] 127.0.0.1 /shop/index.php/Admin/Admin/login
INFO: [ app_init ] --START--
INFO: Run Behavior\BuildLiteBehavior [ RunTime:0.000008s ]
INFO: [ app_init ] --END-- [ RunTime:0.000053s ]
INFO: [ app_begin ] --START--
INFO: Run Behavior\ReadHtmlCacheBehavior [ RunTime:0.000021s ]
INFO: [ app_begin ] --END-- [ RunTime:0.000045s ]
SQL: SHOW COLUMNS FROM `sw_manager` [ RunTime:0.0201s ]
SQL: SHOW COLUMNS FROM `sw_role` [ RunTime:0.0003s ]
SQL: SELECT * FROM `sw_role` LIMIT 1   [ RunTime:0.0002s ]
SQL: SHOW COLUMNS FROM `sw_manager` [ RunTime:0.0003s ]
INFO: [ view_parse ] --START--
NOTIC: [8] Undefined index: errorInfo /home/ncscherb/shop/Runtime/Cache/76836dd94ac10783b175d1c9d8f6a7f8f937c010.file.login.html.php 第 114 行.
NOTIC: [8] Trying to get property of non-object /home/ncscherb/shop/Runtime/Cache/76836dd94ac10783b175d1c9d8f6a7f8f937c010.file.login.html.php 第 114 行.
INFO: Run Behavior\ParseTemplateBehavior [ RunTime:0.000733s ]
INFO: [ view_parse ] --END-- [ RunTime:0.000792s ]
INFO: [ view_filter ] --START--
INFO: Run Behavior\WriteHtmlCacheBehavior [ RunTime:0.000033s ]
INFO: [ view_filter ] --END-- [ RunTime:0.000060s ]
INFO: [ app_end ] --START--
INFO: Run Behavior\ShowPageTraceBehavior [ RunTime:0.000025s ]
INFO: [ app_end ] --END-- [ RunTime:0.000052s ]

[ 2017-02-28T22:47:18+08:00 ] 127.0.0.1 /shop/index.php/Admin/Admin/verifyImg
INFO: [ app_init ] --START--
INFO: Run Behavior\BuildLiteBehavior [ RunTime:0.000008s ]
INFO: [ app_init ] --END-- [ RunTime:0.000051s ]
INFO: [ app_begin ] --START--
INFO: Run Behavior\ReadHtmlCacheBehavior [ RunTime:0.000084s ]
INFO: [ app_begin ] --END-- [ RunTime:0.000112s ]
SQL: SHOW COLUMNS FROM `sw_manager` [ RunTime:0.0005s ]
SQL: SHOW COLUMNS FROM `sw_role` [ RunTime:0.0004s ]
SQL: SELECT * FROM `sw_role` LIMIT 1   [ RunTime:0.0003s ]
INFO: [ app_end ] --START--
INFO: Run Behavior\ShowPageTraceBehavior [ RunTime:0.000038s ]
INFO: [ app_end ] --END-- [ RunTime:0.000078s ]

[ 2017-02-28T23:09:31+08:00 ] 127.0.0.1 /shop/index.php/Admin/Admin/login
INFO: [ app_init ] --START--
INFO: Run Behavior\BuildLiteBehavior [ RunTime:0.000037s ]
INFO: [ app_init ] --END-- [ RunTime:0.000267s ]
INFO: [ app_begin ] --START--
INFO: Run Behavior\ReadHtmlCacheBehavior [ RunTime:0.000141s ]
INFO: [ app_begin ] --END-- [ RunTime:0.000281s ]
SQL: SHOW COLUMNS FROM `sw_manager` [ RunTime:0.2488s ]
SQL: SHOW COLUMNS FROM `sw_role` [ RunTime:0.0013s ]
SQL: SELECT * FROM `sw_role` LIMIT 1   [ RunTime:0.0025s ]
SQL: SHOW COLUMNS FROM `sw_manager` [ RunTime:0.0057s ]
INFO: [ view_parse ] --START--
NOTIC: [8] Undefined index: errorInfo /home/ncscherb/shop/Runtime/Cache/76836dd94ac10783b175d1c9d8f6a7f8f937c010.file.login.html.php 第 114 行.
NOTIC: [8] Trying to get property of non-object /home/ncscherb/shop/Runtime/Cache/76836dd94ac10783b175d1c9d8f6a7f8f937c010.file.login.html.php 第 114 行.
INFO: Run Behavior\ParseTemplateBehavior [ RunTime:0.091602s ]
INFO: [ view_parse ] --END-- [ RunTime:0.091677s ]
INFO: [ view_filter ] --START--
INFO: Run Behavior\WriteHtmlCacheBehavior [ RunTime:0.000068s ]
INFO: [ view_filter ] --END-- [ RunTime:0.000104s ]
INFO: [ app_end ] --START--
INFO: Run Behavior\ShowPageTraceBehavior [ RunTime:0.000038s ]
INFO: [ app_end ] --END-- [ RunTime:0.000074s ]

[ 2017-02-28T23:09:34+08:00 ] 127.0.0.1 /shop/index.php/Admin/Admin/login
INFO: [ app_init ] --START--
INFO: Run Behavior\BuildLiteBehavior [ RunTime:0.000029s ]
INFO: [ app_init ] --END-- [ RunTime:0.000182s ]
INFO: [ app_begin ] --START--
INFO: Run Behavior\ReadHtmlCacheBehavior [ RunTime:0.000080s ]
INFO: [ app_begin ] --END-- [ RunTime:0.000180s ]
SQL: SHOW COLUMNS FROM `sw_manager` [ RunTime:0.0273s ]
SQL: SHOW COLUMNS FROM `sw_role` [ RunTime:0.0005s ]
SQL: SELECT * FROM `sw_role` LIMIT 1   [ RunTime:0.0003s ]
SQL: SHOW COLUMNS FROM `sw_manager` [ RunTime:0.0005s ]
INFO: [ view_parse ] --START--
NOTIC: [8] Undefined index: errorInfo /home/ncscherb/shop/Runtime/Cache/76836dd94ac10783b175d1c9d8f6a7f8f937c010.file.login.html.php 第 115 行.
NOTIC: [8] Trying to get property of non-object /home/ncscherb/shop/Runtime/Cache/76836dd94ac10783b175d1c9d8f6a7f8f937c010.file.login.html.php 第 115 行.
INFO: Run Behavior\ParseTemplateBehavior [ RunTime:0.001053s ]
INFO: [ view_parse ] --END-- [ RunTime:0.001095s ]
INFO: [ view_filter ] --START--
INFO: Run Behavior\WriteHtmlCacheBehavior [ RunTime:0.000040s ]
INFO: [ view_filter ] --END-- [ RunTime:0.000073s ]
INFO: [ app_end ] --START--
INFO: Run Behavior\ShowPageTraceBehavior [ RunTime:0.000026s ]
INFO: [ app_end ] --END-- [ RunTime:0.000057s ]

[ 2017-02-28T23:09:35+08:00 ] 127.0.0.1 /shop/index.php/Admin/Admin/verifyImg
INFO: [ app_init ] --START--
INFO: Run Behavior\BuildLiteBehavior [ RunTime:0.000014s ]
INFO: [ app_init ] --END-- [ RunTime:0.000156s ]
INFO: [ app_begin ] --START--
INFO: Run Behavior\ReadHtmlCacheBehavior [ RunTime:0.000048s ]
INFO: [ app_begin ] --END-- [ RunTime:0.000095s ]
SQL: SHOW COLUMNS FROM `sw_manager` [ RunTime:0.0870s ]
SQL: SHOW COLUMNS FROM `sw_role` [ RunTime:0.0003s ]
SQL: SELECT * FROM `sw_role` LIMIT 1   [ RunTime:0.0002s ]
INFO: [ app_end ] --START--
INFO: Run Behavior\ShowPageTraceBehavior [ RunTime:0.000096s ]
INFO: [ app_end ] --END-- [ RunTime:0.000214s ]

[ 2017-02-28T23:10:18+08:00 ] 127.0.0.1 /shop/index.php/Admin/Admin/login
INFO: [ app_init ] --START--
INFO: Run Behavior\BuildLiteBehavior [ RunTime:0.000009s ]
INFO: [ app_init ] --END-- [ RunTime:0.000060s ]
INFO: [ app_begin ] --START--
INFO: Run Behavior\ReadHtmlCacheBehavior [ RunTime:0.000022s ]
INFO: [ app_begin ] --END-- [ RunTime:0.000048s ]
SQL: SHOW COLUMNS FROM `sw_manager` [ RunTime:0.0172s ]
SQL: SHOW COLUMNS FROM `sw_role` [ RunTime:0.0003s ]
SQL: SELECT * FROM `sw_role` LIMIT 1   [ RunTime:0.0002s ]
SQL: SHOW COLUMNS FROM `sw_manager` [ RunTime:0.0003s ]
INFO: [ view_parse ] --START--
NOTIC: [8] Undefined index: errorInfo /home/ncscherb/shop/Runtime/Cache/76836dd94ac10783b175d1c9d8f6a7f8f937c010.file.login.html.php 第 115 行.
NOTIC: [8] Trying to get property of non-object /home/ncscherb/shop/Runtime/Cache/76836dd94ac10783b175d1c9d8f6a7f8f937c010.file.login.html.php 第 115 行.
INFO: Run Behavior\ParseTemplateBehavior [ RunTime:0.014962s ]
INFO: [ view_parse ] --END-- [ RunTime:0.014999s ]
INFO: [ view_filter ] --START--
INFO: Run Behavior\WriteHtmlCacheBehavior [ RunTime:0.000034s ]
INFO: [ view_filter ] --END-- [ RunTime:0.000057s ]
INFO: [ app_end ] --START--
INFO: Run Behavior\ShowPageTraceBehavior [ RunTime:0.000022s ]
INFO: [ app_end ] --END-- [ RunTime:0.000044s ]

[ 2017-02-28T23:10:18+08:00 ] 127.0.0.1 /shop/index.php/Admin/Admin/verifyImg
INFO: [ app_init ] --START--
INFO: Run Behavior\BuildLiteBehavior [ RunTime:0.000008s ]
INFO: [ app_init ] --END-- [ RunTime:0.000051s ]
INFO: [ app_begin ] --START--
INFO: Run Behavior\ReadHtmlCacheBehavior [ RunTime:0.000019s ]
INFO: [ app_begin ] --END-- [ RunTime:0.000045s ]
SQL: SHOW COLUMNS FROM `sw_manager` [ RunTime:0.0199s ]
SQL: SHOW COLUMNS FROM `sw_role` [ RunTime:0.0003s ]
SQL: SELECT * FROM `sw_role` LIMIT 1   [ RunTime:0.0002s ]
INFO: [ app_end ] --START--
INFO: Run Behavior\ShowPageTraceBehavior [ RunTime:0.000049s ]
INFO: [ app_end ] --END-- [ RunTime:0.000094s ]

[ 2017-02-28T23:10:22+08:00 ] 127.0.0.1 /shop/index.php/Admin/Admin/login
INFO: [ app_init ] --START--
INFO: Run Behavior\BuildLiteBehavior [ RunTime:0.000015s ]
INFO: [ app_init ] --END-- [ RunTime:0.000097s ]
INFO: [ app_begin ] --START--
INFO: Run Behavior\ReadHtmlCacheBehavior [ RunTime:0.000045s ]
INFO: [ app_begin ] --END-- [ RunTime:0.000096s ]
SQL: SHOW COLUMNS FROM `sw_manager` [ RunTime:0.3404s ]
SQL: SHOW COLUMNS FROM `sw_role` [ RunTime:0.0003s ]
SQL: SELECT * FROM `sw_role` LIMIT 1   [ RunTime:0.0002s ]
SQL: SHOW COLUMNS FROM `sw_manager` [ RunTime:0.0004s ]
INFO: [ view_parse ] --START--
NOTIC: [8] Undefined index: errorInfo /home/ncscherb/shop/Runtime/Cache/76836dd94ac10783b175d1c9d8f6a7f8f937c010.file.login.html.php 第 115 行.
NOTIC: [8] Trying to get property of non-object /home/ncscherb/shop/Runtime/Cache/76836dd94ac10783b175d1c9d8f6a7f8f937c010.file.login.html.php 第 115 行.
INFO: Run Behavior\ParseTemplateBehavior [ RunTime:0.000895s ]
INFO: [ view_parse ] --END-- [ RunTime:0.000929s ]
INFO: [ view_filter ] --START--
INFO: Run Behavior\WriteHtmlCacheBehavior [ RunTime:0.000030s ]
INFO: [ view_filter ] --END-- [ RunTime:0.000054s ]
INFO: [ app_end ] --START--
INFO: Run Behavior\ShowPageTraceBehavior [ RunTime:0.000022s ]
INFO: [ app_end ] --END-- [ RunTime:0.000047s ]

[ 2017-02-28T23:10:22+08:00 ] 127.0.0.1 /shop/index.php/Admin/Admin/verifyImg
INFO: [ app_init ] --START--
INFO: Run Behavior\BuildLiteBehavior [ RunTime:0.000009s ]
INFO: [ app_init ] --END-- [ RunTime:0.000060s ]
INFO: [ app_begin ] --START--
INFO: Run Behavior\ReadHtmlCacheBehavior [ RunTime:0.000023s ]
INFO: [ app_begin ] --END-- [ RunTime:0.000049s ]
SQL: SHOW COLUMNS FROM `sw_manager` [ RunTime:0.1458s ]
SQL: SHOW COLUMNS FROM `sw_role` [ RunTime:0.0002s ]
SQL: SELECT * FROM `sw_role` LIMIT 1   [ RunTime:0.0001s ]
INFO: [ app_end ] --START--
INFO: Run Behavior\ShowPageTraceBehavior [ RunTime:0.000033s ]
INFO: [ app_end ] --END-- [ RunTime:0.000070s ]

[ 2017-02-28T23:11:11+08:00 ] 127.0.0.1 /shop/index.php/Admin/Admin/login
INFO: [ app_init ] --START--
INFO: Run Behavior\BuildLiteBehavior [ RunTime:0.000009s ]
INFO: [ app_init ] --END-- [ RunTime:0.000060s ]
INFO: [ app_begin ] --START--
INFO: Run Behavior\ReadHtmlCacheBehavior [ RunTime:0.000022s ]
INFO: [ app_begin ] --END-- [ RunTime:0.000048s ]
SQL: SHOW COLUMNS FROM `sw_manager` [ RunTime:0.0118s ]
SQL: SHOW COLUMNS FROM `sw_role` [ RunTime:0.0004s ]
SQL: SELECT * FROM `sw_role` LIMIT 1   [ RunTime:0.0096s ]
SQL: SHOW COLUMNS FROM `sw_manager` [ RunTime:0.0004s ]
INFO: [ view_parse ] --START--
NOTIC: [8] Undefined index: errorInfo /home/ncscherb/shop/Runtime/Cache/76836dd94ac10783b175d1c9d8f6a7f8f937c010.file.login.html.php 第 115 行.
NOTIC: [8] Trying to get property of non-object /home/ncscherb/shop/Runtime/Cache/76836dd94ac10783b175d1c9d8f6a7f8f937c010.file.login.html.php 第 115 行.
INFO: Run Behavior\ParseTemplateBehavior [ RunTime:0.014380s ]
INFO: [ view_parse ] --END-- [ RunTime:0.014420s ]
INFO: [ view_filter ] --START--
INFO: Run Behavior\WriteHtmlCacheBehavior [ RunTime:0.000039s ]
INFO: [ view_filter ] --END-- [ RunTime:0.000062s ]
INFO: [ app_end ] --START--
INFO: Run Behavior\ShowPageTraceBehavior [ RunTime:0.000028s ]
INFO: [ app_end ] --END-- [ RunTime:0.000054s ]

[ 2017-02-28T23:11:11+08:00 ] 127.0.0.1 /shop/index.php/Admin/Admin/verifyImg
INFO: [ app_init ] --START--
INFO: Run Behavior\BuildLiteBehavior [ RunTime:0.000008s ]
INFO: [ app_init ] --END-- [ RunTime:0.000052s ]
INFO: [ app_begin ] --START--
INFO: Run Behavior\ReadHtmlCacheBehavior [ RunTime:0.000024s ]
INFO: [ app_begin ] --END-- [ RunTime:0.000053s ]
SQL: SHOW COLUMNS FROM `sw_manager` [ RunTime:0.0207s ]
SQL: SHOW COLUMNS FROM `sw_role` [ RunTime:0.0003s ]
SQL: SELECT * FROM `sw_role` LIMIT 1   [ RunTime:0.0001s ]
INFO: [ app_end ] --START--
INFO: Run Behavior\ShowPageTraceBehavior [ RunTime:0.000038s ]
INFO: [ app_end ] --END-- [ RunTime:0.000079s ]

[ 2017-02-28T23:11:14+08:00 ] 127.0.0.1 /shop/index.php/Admin/Admin/login
INFO: [ app_init ] --START--
INFO: Run Behavior\BuildLiteBehavior [ RunTime:0.000009s ]
INFO: [ app_init ] --END-- [ RunTime:0.000058s ]
INFO: [ app_begin ] --START--
INFO: Run Behavior\ReadHtmlCacheBehavior [ RunTime:0.000022s ]
INFO: [ app_begin ] --END-- [ RunTime:0.000047s ]
SQL: SHOW COLUMNS FROM `sw_manager` [ RunTime:0.0117s ]
SQL: SHOW COLUMNS FROM `sw_role` [ RunTime:0.0003s ]
SQL: SELECT * FROM `sw_role` LIMIT 1   [ RunTime:0.0070s ]
SQL: SHOW COLUMNS FROM `sw_manager` [ RunTime:0.0005s ]
INFO: [ view_parse ] --START--
NOTIC: [8] Undefined index: errorInfo /home/ncscherb/shop/Runtime/Cache/76836dd94ac10783b175d1c9d8f6a7f8f937c010.file.login.html.php 第 114 行.
NOTIC: [8] Trying to get property of non-object /home/ncscherb/shop/Runtime/Cache/76836dd94ac10783b175d1c9d8f6a7f8f937c010.file.login.html.php 第 114 行.
INFO: Run Behavior\ParseTemplateBehavior [ RunTime:0.009482s ]
INFO: [ view_parse ] --END-- [ RunTime:0.009521s ]
INFO: [ view_filter ] --START--
INFO: Run Behavior\WriteHtmlCacheBehavior [ RunTime:0.000042s ]
INFO: [ view_filter ] --END-- [ RunTime:0.000065s ]
INFO: [ app_end ] --START--
INFO: Run Behavior\ShowPageTraceBehavior [ RunTime:0.000022s ]
INFO: [ app_end ] --END-- [ RunTime:0.000044s ]

[ 2017-02-28T23:11:14+08:00 ] 127.0.0.1 /shop/index.php/Admin/Admin/verifyImg
INFO: [ app_init ] --START--
INFO: Run Behavior\BuildLiteBehavior [ RunTime:0.000014s ]
INFO: [ app_init ] --END-- [ RunTime:0.000082s ]
INFO: [ app_begin ] --START--
INFO: Run Behavior\ReadHtmlCacheBehavior [ RunTime:0.000030s ]
INFO: [ app_begin ] --END-- [ RunTime:0.000060s ]
SQL: SHOW COLUMNS FROM `sw_manager` [ RunTime:0.0011s ]
SQL: SHOW COLUMNS FROM `sw_role` [ RunTime:0.0003s ]
SQL: SELECT * FROM `sw_role` LIMIT 1   [ RunTime:0.0005s ]
INFO: [ app_end ] --START--
INFO: Run Behavior\ShowPageTraceBehavior [ RunTime:0.000039s ]
INFO: [ app_end ] --END-- [ RunTime:0.000080s ]

[ 2017-02-28T23:17:32+08:00 ] 127.0.0.1 /shop/index.php/Admin/Admin/login
INFO: [ app_init ] --START--
INFO: Run Behavior\BuildLiteBehavior [ RunTime:0.000010s ]
INFO: [ app_init ] --END-- [ RunTime:0.000063s ]
INFO: [ app_begin ] --START--
INFO: Run Behavior\ReadHtmlCacheBehavior [ RunTime:0.000022s ]
INFO: [ app_begin ] --END-- [ RunTime:0.000048s ]
SQL: SHOW COLUMNS FROM `sw_manager` [ RunTime:0.0321s ]
SQL: SHOW COLUMNS FROM `sw_role` [ RunTime:0.0003s ]
SQL: SELECT * FROM `sw_role` LIMIT 1   [ RunTime:0.0002s ]
SQL: SHOW COLUMNS FROM `sw_manager` [ RunTime:0.0004s ]
INFO: [ view_parse ] --START--
ERR: Syntax Error in template "/var/www/shop/Admin/View/Admin/login.html"  on line 28 "console.log({&quot;b&quot;,&quot;a&quot;});"  - Unexpected ",", expected one of: "}" , " "

[ 2017-02-28T23:17:48+08:00 ] 127.0.0.1 /shop/index.php/Admin/Admin/login
INFO: [ app_init ] --START--
INFO: Run Behavior\BuildLiteBehavior [ RunTime:0.000009s ]
INFO: [ app_init ] --END-- [ RunTime:0.000070s ]
INFO: [ app_begin ] --START--
INFO: Run Behavior\ReadHtmlCacheBehavior [ RunTime:0.000023s ]
INFO: [ app_begin ] --END-- [ RunTime:0.000047s ]
SQL: SHOW COLUMNS FROM `sw_manager` [ RunTime:0.0188s ]
SQL: SHOW COLUMNS FROM `sw_role` [ RunTime:0.0003s ]
SQL: SELECT * FROM `sw_role` LIMIT 1   [ RunTime:0.0002s ]
SQL: SHOW COLUMNS FROM `sw_manager` [ RunTime:0.0003s ]
INFO: [ view_parse ] --START--
NOTIC: [8] Undefined index: errorInfo /home/ncscherb/shop/Runtime/Cache/76836dd94ac10783b175d1c9d8f6a7f8f937c010.file.login.html.php 第 114 行.
NOTIC: [8] Trying to get property of non-object /home/ncscherb/shop/Runtime/Cache/76836dd94ac10783b175d1c9d8f6a7f8f937c010.file.login.html.php 第 114 行.
INFO: Run Behavior\ParseTemplateBehavior [ RunTime:0.032331s ]
INFO: [ view_parse ] --END-- [ RunTime:0.032371s ]
INFO: [ view_filter ] --START--
INFO: Run Behavior\WriteHtmlCacheBehavior [ RunTime:0.000052s ]
INFO: [ view_filter ] --END-- [ RunTime:0.000082s ]
INFO: [ app_end ] --START--
INFO: Run Behavior\ShowPageTraceBehavior [ RunTime:0.000029s ]
INFO: [ app_end ] --END-- [ RunTime:0.000058s ]

[ 2017-02-28T23:17:48+08:00 ] 127.0.0.1 /shop/index.php/Admin/Admin/verifyImg
INFO: [ app_init ] --START--
INFO: Run Behavior\BuildLiteBehavior [ RunTime:0.000014s ]
INFO: [ app_init ] --END-- [ RunTime:0.000086s ]
INFO: [ app_begin ] --START--
INFO: Run Behavior\ReadHtmlCacheBehavior [ RunTime:0.000023s ]
INFO: [ app_begin ] --END-- [ RunTime:0.000050s ]
SQL: SHOW COLUMNS FROM `sw_manager` [ RunTime:0.0013s ]
SQL: SHOW COLUMNS FROM `sw_role` [ RunTime:0.0011s ]
SQL: SELECT * FROM `sw_role` LIMIT 1   [ RunTime:0.0002s ]
INFO: [ app_end ] --START--
INFO: Run Behavior\ShowPageTraceBehavior [ RunTime:0.000042s ]
INFO: [ app_end ] --END-- [ RunTime:0.000085s ]

[ 2017-02-28T23:17:53+08:00 ] 127.0.0.1 /shop/index.php/Admin/Admin/login
INFO: [ app_init ] --START--
INFO: Run Behavior\BuildLiteBehavior [ RunTime:0.000010s ]
INFO: [ app_init ] --END-- [ RunTime:0.000059s ]
INFO: [ app_begin ] --START--
INFO: Run Behavior\ReadHtmlCacheBehavior [ RunTime:0.000022s ]
INFO: [ app_begin ] --END-- [ RunTime:0.000048s ]
SQL: SHOW COLUMNS FROM `sw_manager` [ RunTime:0.0319s ]
SQL: SHOW COLUMNS FROM `sw_role` [ RunTime:0.0087s ]
SQL: SELECT * FROM `sw_role` LIMIT 1   [ RunTime:0.0002s ]
SQL: SHOW COLUMNS FROM `sw_manager` [ RunTime:0.0004s ]
INFO: [ view_parse ] --START--
NOTIC: [8] Undefined index: errorInfo /home/ncscherb/shop/Runtime/Cache/76836dd94ac10783b175d1c9d8f6a7f8f937c010.file.login.html.php 第 121 行.
NOTIC: [8] Trying to get property of non-object /home/ncscherb/shop/Runtime/Cache/76836dd94ac10783b175d1c9d8f6a7f8f937c010.file.login.html.php 第 121 行.
INFO: Run Behavior\ParseTemplateBehavior [ RunTime:0.000792s ]
INFO: [ view_parse ] --END-- [ RunTime:0.000823s ]
INFO: [ view_filter ] --START--
INFO: Run Behavior\WriteHtmlCacheBehavior [ RunTime:0.000028s ]
INFO: [ view_filter ] --END-- [ RunTime:0.000049s ]
INFO: [ app_end ] --START--
INFO: Run Behavior\ShowPageTraceBehavior [ RunTime:0.000042s ]
INFO: [ app_end ] --END-- [ RunTime:0.000067s ]

[ 2017-02-28T23:17:53+08:00 ] 127.0.0.1 /shop/index.php/Admin/Admin/verifyImg
INFO: [ app_init ] --START--
INFO: Run Behavior\BuildLiteBehavior [ RunTime:0.000013s ]
INFO: [ app_init ] --END-- [ RunTime:0.000093s ]
INFO: [ app_begin ] --START--
INFO: Run Behavior\ReadHtmlCacheBehavior [ RunTime:0.000030s ]
INFO: [ app_begin ] --END-- [ RunTime:0.000059s ]
SQL: SHOW COLUMNS FROM `sw_manager` [ RunTime:0.0012s ]
SQL: SHOW COLUMNS FROM `sw_role` [ RunTime:0.0003s ]
SQL: SELECT * FROM `sw_role` LIMIT 1   [ RunTime:0.0112s ]
INFO: [ app_end ] --START--
INFO: Run Behavior\ShowPageTraceBehavior [ RunTime:0.000086s ]
INFO: [ app_end ] --END-- [ RunTime:0.000157s ]

[ 2017-02-28T23:18:22+08:00 ] 127.0.0.1 /shop/index.php/Admin/Admin/login
INFO: [ app_init ] --START--
INFO: Run Behavior\BuildLiteBehavior [ RunTime:0.000009s ]
INFO: [ app_init ] --END-- [ RunTime:0.000060s ]
INFO: [ app_begin ] --START--
INFO: Run Behavior\ReadHtmlCacheBehavior [ RunTime:0.000023s ]
INFO: [ app_begin ] --END-- [ RunTime:0.000050s ]
SQL: SHOW COLUMNS FROM `sw_manager` [ RunTime:0.0276s ]
SQL: SHOW COLUMNS FROM `sw_role` [ RunTime:0.0009s ]
SQL: SELECT * FROM `sw_role` LIMIT 1   [ RunTime:0.0002s ]
SQL: SHOW COLUMNS FROM `sw_manager` [ RunTime:0.0122s ]
INFO: [ view_parse ] --START--
NOTIC: [8] Undefined index: errorInfo /home/ncscherb/shop/Runtime/Cache/76836dd94ac10783b175d1c9d8f6a7f8f937c010.file.login.html.php 第 121 行.
NOTIC: [8] Trying to get property of non-object /home/ncscherb/shop/Runtime/Cache/76836dd94ac10783b175d1c9d8f6a7f8f937c010.file.login.html.php 第 121 行.
INFO: Run Behavior\ParseTemplateBehavior [ RunTime:0.015298s ]
INFO: [ view_parse ] --END-- [ RunTime:0.015335s ]
INFO: [ view_filter ] --START--
INFO: Run Behavior\WriteHtmlCacheBehavior [ RunTime:0.000035s ]
INFO: [ view_filter ] --END-- [ RunTime:0.000059s ]
INFO: [ app_end ] --START--
INFO: Run Behavior\ShowPageTraceBehavior [ RunTime:0.000023s ]
INFO: [ app_end ] --END-- [ RunTime:0.000045s ]

[ 2017-02-28T23:18:22+08:00 ] 127.0.0.1 /shop/index.php/Admin/Admin/verifyImg
INFO: [ app_init ] --START--
INFO: Run Behavior\BuildLiteBehavior [ RunTime:0.000023s ]
INFO: [ app_init ] --END-- [ RunTime:0.000109s ]
INFO: [ app_begin ] --START--
INFO: Run Behavior\ReadHtmlCacheBehavior [ RunTime:0.000041s ]
INFO: [ app_begin ] --END-- [ RunTime:0.000076s ]
SQL: SHOW COLUMNS FROM `sw_manager` [ RunTime:0.0063s ]
SQL: SHOW COLUMNS FROM `sw_role` [ RunTime:0.0003s ]
SQL: SELECT * FROM `sw_role` LIMIT 1   [ RunTime:0.0002s ]
INFO: [ app_end ] --START--
INFO: Run Behavior\ShowPageTraceBehavior [ RunTime:0.000039s ]
INFO: [ app_end ] --END-- [ RunTime:0.000080s ]

[ 2017-02-28T23:18:25+08:00 ] 127.0.0.1 /shop/index.php/Admin/Admin/login
INFO: [ app_init ] --START--
INFO: Run Behavior\BuildLiteBehavior [ RunTime:0.000010s ]
INFO: [ app_init ] --END-- [ RunTime:0.000063s ]
INFO: [ app_begin ] --START--
INFO: Run Behavior\ReadHtmlCacheBehavior [ RunTime:0.000028s ]
INFO: [ app_begin ] --END-- [ RunTime:0.000059s ]
SQL: SHOW COLUMNS FROM `sw_manager` [ RunTime:0.0142s ]
SQL: SHOW COLUMNS FROM `sw_role` [ RunTime:0.0006s ]
SQL: SELECT * FROM `sw_role` LIMIT 1   [ RunTime:0.0002s ]
SQL: SHOW COLUMNS FROM `sw_manager` [ RunTime:0.0003s ]
INFO: [ view_parse ] --START--
NOTIC: [8] Undefined index: errorInfo /home/ncscherb/shop/Runtime/Cache/76836dd94ac10783b175d1c9d8f6a7f8f937c010.file.login.html.php 第 121 行.
NOTIC: [8] Trying to get property of non-object /home/ncscherb/shop/Runtime/Cache/76836dd94ac10783b175d1c9d8f6a7f8f937c010.file.login.html.php 第 121 行.
INFO: Run Behavior\ParseTemplateBehavior [ RunTime:0.000771s ]
INFO: [ view_parse ] --END-- [ RunTime:0.000808s ]
INFO: [ view_filter ] --START--
INFO: Run Behavior\WriteHtmlCacheBehavior [ RunTime:0.000033s ]
INFO: [ view_filter ] --END-- [ RunTime:0.000063s ]
INFO: [ app_end ] --START--
INFO: Run Behavior\ShowPageTraceBehavior [ RunTime:0.000025s ]
INFO: [ app_end ] --END-- [ RunTime:0.000053s ]

[ 2017-02-28T23:18:25+08:00 ] 127.0.0.1 /shop/index.php/Admin/Admin/verifyImg
INFO: [ app_init ] --START--
INFO: Run Behavior\BuildLiteBehavior [ RunTime:0.000013s ]
INFO: [ app_init ] --END-- [ RunTime:0.000100s ]
INFO: [ app_begin ] --START--
INFO: Run Behavior\ReadHtmlCacheBehavior [ RunTime:0.000048s ]
INFO: [ app_begin ] --END-- [ RunTime:0.000089s ]
SQL: SHOW COLUMNS FROM `sw_manager` [ RunTime:0.0118s ]
SQL: SHOW COLUMNS FROM `sw_role` [ RunTime:0.0004s ]
SQL: SELECT * FROM `sw_role` LIMIT 1   [ RunTime:0.0002s ]
INFO: [ app_end ] --START--
INFO: Run Behavior\ShowPageTraceBehavior [ RunTime:0.000086s ]
INFO: [ app_end ] --END-- [ RunTime:0.000168s ]

