[ 2017-05-14T08:57:54+08:00 ] ::1 /shop/weixin/curl.php?XDEBUG_SESSION_START=17700
INFO: [ app_init ] --START--
INFO: Run Behavior\BuildLiteBehavior [ RunTime:0.000061s ]
INFO: [ app_init ] --END-- [ RunTime:0.029207s ]
INFO: [ app_begin ] --START--
INFO: Run Behavior\ReadHtmlCacheBehavior [ RunTime:0.006192s ]
INFO: [ app_begin ] --END-- [ RunTime:0.006277s ]
ERR: 无法加载控制器:Weixin

[ 2017-05-14T08:58:13+08:00 ] ::1 /shop/weixin/curl.php?XDEBUG_SESSION_START=17700
INFO: [ app_init ] --START--
INFO: Run Behavior\BuildLiteBehavior [ RunTime:0.000020s ]
INFO: [ app_init ] --END-- [ RunTime:0.000372s ]
INFO: [ app_begin ] --START--
INFO: Run Behavior\ReadHtmlCacheBehavior [ RunTime:0.000524s ]
INFO: [ app_begin ] --END-- [ RunTime:0.000590s ]
ERR: 无法加载控制器:Weixin

[ 2017-05-14T08:58:14+08:00 ] ::1 /shop/weixin/curl.php?XDEBUG_SESSION_START=17700
INFO: [ app_init ] --START--
INFO: Run Behavior\BuildLiteBehavior [ RunTime:0.000025s ]
INFO: [ app_init ] --END-- [ RunTime:0.000422s ]
INFO: [ app_begin ] --START--
INFO: Run Behavior\ReadHtmlCacheBehavior [ RunTime:0.000524s ]
INFO: [ app_begin ] --END-- [ RunTime:0.000602s ]
ERR: 无法加载控制器:Weixin

[ 2017-05-14T08:58:32+08:00 ] ::1 /shop/weixin/curl.php?XDEBUG_SESSION_START=17700
INFO: [ app_init ] --START--
INFO: Run Behavior\BuildLiteBehavior [ RunTime:0.000092s ]
INFO: [ app_init ] --END-- [ RunTime:0.058380s ]
INFO: [ app_begin ] --START--
INFO: Run Behavior\ReadHtmlCacheBehavior [ RunTime:0.027868s ]
INFO: [ app_begin ] --END-- [ RunTime:0.028167s ]
ERR: 无法加载控制器:Weixin

[ 2017-05-14T08:58:52+08:00 ] ::1 /shop/weixin/curl.php?XDEBUG_SESSION_START=17700
INFO: [ app_init ] --START--
INFO: Run Behavior\BuildLiteBehavior [ RunTime:0.000032s ]
INFO: [ app_init ] --END-- [ RunTime:0.014021s ]
INFO: [ app_begin ] --START--
INFO: Run Behavior\ReadHtmlCacheBehavior [ RunTime:0.000608s ]
INFO: [ app_begin ] --END-- [ RunTime:0.000697s ]
ERR: 无法加载控制器:Weixin

[ 2017-05-14T08:59:01+08:00 ] ::1 /shop/weixin/curl.php?XDEBUG_SESSION_START=17700
INFO: [ app_init ] --START--
INFO: Run Behavior\BuildLiteBehavior [ RunTime:0.000025s ]
INFO: [ app_init ] --END-- [ RunTime:0.000370s ]
INFO: [ app_begin ] --START--
INFO: Run Behavior\ReadHtmlCacheBehavior [ RunTime:0.000394s ]
INFO: [ app_begin ] --END-- [ RunTime:0.000480s ]
ERR: 无法加载控制器:Weixin

