[ 2017-05-12T22:32:44+08:00 ] ::1 /shop/?XDEBUG_SESSION_START=17700
INFO: [ app_init ] --START--
INFO: Run Behavior\BuildLiteBehavior [ RunTime:0.000038s ]
INFO: [ app_init ] --END-- [ RunTime:0.029072s ]
INFO: [ app_begin ] --START--
INFO: Run Behavior\ReadHtmlCacheBehavior [ RunTime:0.027169s ]
INFO: [ app_begin ] --END-- [ RunTime:0.027292s ]
SQL: SHOW COLUMNS FROM `sw_goods` [ RunTime:0.9633s ]
SQL: SELECT * FROM `sw_goods` ORDER BY goods_id desc LIMIT 10   [ RunTime:0.0415s ]
INFO: [ view_parse ] --START--
INFO: Run Behavior\ParseTemplateBehavior [ RunTime:0.245235s ]
INFO: [ view_parse ] --END-- [ RunTime:0.245379s ]
INFO: [ view_filter ] --START--
INFO: Run Behavior\WriteHtmlCacheBehavior [ RunTime:0.007743s ]
INFO: [ view_filter ] --END-- [ RunTime:0.007852s ]
INFO: [ app_end ] --START--
INFO: Run Behavior\ShowPageTraceBehavior [ RunTime:0.156106s ]
INFO: [ app_end ] --END-- [ RunTime:0.156273s ]

[ 2017-05-12T22:32:50+08:00 ] ::1 /shop/2014-11-09/small_545f1beb27005.JPG
INFO: [ app_init ] --START--
INFO: Run Behavior\BuildLiteBehavior [ RunTime:0.000076s ]
INFO: [ app_init ] --END-- [ RunTime:0.043133s ]

[ 2017-05-12T22:32:51+08:00 ] ::1 /shop/Application/Home/Public/img/ecmoban_link.jpg
INFO: [ app_init ] --START--
INFO: Run Behavior\BuildLiteBehavior [ RunTime:0.000048s ]
INFO: [ app_init ] --END-- [ RunTime:0.000764s ]

[ 2017-05-12T22:32:51+08:00 ] ::1 /shop/2014-11-09/small_545f1b848cb03.jpg
INFO: [ app_init ] --START--
INFO: Run Behavior\BuildLiteBehavior [ RunTime:0.000047s ]
INFO: [ app_init ] --END-- [ RunTime:0.000668s ]

[ 2017-05-12T22:32:51+08:00 ] ::1 /shop/Application/Home/Public/img/yongda_logo.gif
INFO: [ app_init ] --START--
INFO: Run Behavior\BuildLiteBehavior [ RunTime:0.000047s ]
INFO: [ app_init ] --END-- [ RunTime:0.000678s ]

