[ 2017-05-05T22:17:09+08:00 ] ::1 /shop/
INFO: [ app_init ] --START--
INFO: Run Behavior\BuildLiteBehavior [ RunTime:0.000016s ]
INFO: [ app_init ] --END-- [ RunTime:0.000319s ]
INFO: [ app_begin ] --START--
INFO: Run Behavior\ReadHtmlCacheBehavior [ RunTime:0.000239s ]
INFO: [ app_begin ] --END-- [ RunTime:0.000278s ]
INFO: [ view_parse ] --START--
NOTIC: [2] filemtime(): stat failed for ./Application/Runtime/Cache/d5c4efec70a0a967b5684ac66a58dba13edd61fd.file.index.html.php /var/www/shop/ThinkPHP/Library/Vendor/Smarty/sysplugins/smarty_resource.php 第 683 行.
NOTIC: [2] unlink(./Application/Runtime/Cache/d5c4efec70a0a967b5684ac66a58dba13edd61fd.file.index.html.php): No such file or directory /var/www/shop/ThinkPHP/Library/Vendor/Smarty/sysplugins/smarty_internal_write_file.php 第 49 行.
INFO: Run Behavior\ParseTemplateBehavior [ RunTime:0.196062s ]
INFO: [ view_parse ] --END-- [ RunTime:0.196125s ]
INFO: [ view_filter ] --START--
INFO: Run Behavior\WriteHtmlCacheBehavior [ RunTime:0.015003s ]
INFO: [ view_filter ] --END-- [ RunTime:0.015067s ]
INFO: [ app_end ] --START--
INFO: Run Behavior\ShowPageTraceBehavior [ RunTime:0.001015s ]
INFO: [ app_end ] --END-- [ RunTime:0.001091s ]

[ 2017-05-05T22:18:09+08:00 ] ::1 /shop/index.php/Home/Index/detail/id/2
INFO: [ app_init ] --START--
INFO: Run Behavior\BuildLiteBehavior [ RunTime:0.000027s ]
INFO: [ app_init ] --END-- [ RunTime:0.000488s ]
INFO: [ app_begin ] --START--
INFO: Run Behavior\ReadHtmlCacheBehavior [ RunTime:0.000556s ]
INFO: [ app_begin ] --END-- [ RunTime:0.000629s ]
SQL: SHOW COLUMNS FROM `sw_goods` [ RunTime:0.3512s ]
SQL: SELECT * FROM `sw_goods` WHERE `goods_id` = 2 LIMIT 1   [ RunTime:0.0274s ]
INFO: [ view_parse ] --START--
NOTIC: [2] filemtime(): stat failed for ./Application/Runtime/Cache/55c3a6be2ffe1f1296922113a218b1729a1104bc.file.detail.html.php /var/www/shop/ThinkPHP/Library/Vendor/Smarty/sysplugins/smarty_resource.php 第 683 行.
NOTIC: [2] unlink(./Application/Runtime/Cache/55c3a6be2ffe1f1296922113a218b1729a1104bc.file.detail.html.php): No such file or directory /var/www/shop/ThinkPHP/Library/Vendor/Smarty/sysplugins/smarty_internal_write_file.php 第 49 行.
INFO: Run Behavior\ParseTemplateBehavior [ RunTime:0.096432s ]
INFO: [ view_parse ] --END-- [ RunTime:0.096485s ]
INFO: [ view_filter ] --START--
INFO: Run Behavior\WriteHtmlCacheBehavior [ RunTime:0.000114s ]
INFO: [ view_filter ] --END-- [ RunTime:0.000146s ]
INFO: [ app_end ] --START--
INFO: Run Behavior\ShowPageTraceBehavior [ RunTime:0.000291s ]
INFO: [ app_end ] --END-- [ RunTime:0.000327s ]

[ 2017-05-05T23:06:41+08:00 ] ::1 /shop/?XDEBUG_SESSION_START=11375
INFO: [ app_init ] --START--
INFO: Run Behavior\BuildLiteBehavior [ RunTime:0.000038s ]
INFO: [ app_init ] --END-- [ RunTime:0.019099s ]
INFO: [ app_begin ] --START--
INFO: Run Behavior\ReadHtmlCacheBehavior [ RunTime:0.060340s ]
INFO: [ app_begin ] --END-- [ RunTime:0.060448s ]
NOTIC: [8] Use of undefined constant string - assumed 'string' xdebug://debug-eval 第 1 行.
INFO: [ view_parse ] --START--
INFO: Run Behavior\ParseTemplateBehavior [ RunTime:0.078433s ]
INFO: [ view_parse ] --END-- [ RunTime:0.078577s ]
INFO: [ view_filter ] --START--
INFO: Run Behavior\WriteHtmlCacheBehavior [ RunTime:0.006404s ]
INFO: [ view_filter ] --END-- [ RunTime:0.006499s ]
INFO: [ app_end ] --START--
INFO: Run Behavior\ShowPageTraceBehavior [ RunTime:0.001713s ]
INFO: [ app_end ] --END-- [ RunTime:0.001868s ]

