[ 2017-06-01T20:55:22+08:00 ] ::1 /shop/weixin/curl.php?XDEBUG_SESSION_START=17700
INFO: [ app_init ] --START--
INFO: Run Behavior\BuildLiteBehavior [ RunTime:0.000036s ]
INFO: [ app_init ] --END-- [ RunTime:0.078090s ]
INFO: [ app_begin ] --START--
INFO: Run Behavior\ReadHtmlCacheBehavior [ RunTime:0.089802s ]
INFO: [ app_begin ] --END-- [ RunTime:0.089919s ]
ERR: 无法加载控制器:Weixin

[ 2017-06-01T21:02:18+08:00 ] ::1 /shop/weixin/index?XDEBUG_SESSION_START=17700
INFO: [ app_init ] --START--
INFO: Run Behavior\BuildLiteBehavior [ RunTime:0.000038s ]
INFO: [ app_init ] --END-- [ RunTime:0.016050s ]
INFO: [ app_begin ] --START--
INFO: Run Behavior\ReadHtmlCacheBehavior [ RunTime:0.013286s ]
INFO: [ app_begin ] --END-- [ RunTime:0.013399s ]
ERR: 无法加载控制器:Weixin

[ 2017-06-01T21:02:23+08:00 ] ::1 /shop/weixin/index.htm?XDEBUG_SESSION_START=17700
INFO: [ app_init ] --START--
INFO: Run Behavior\BuildLiteBehavior [ RunTime:0.000023s ]
INFO: [ app_init ] --END-- [ RunTime:0.000304s ]
INFO: [ app_begin ] --START--
INFO: Run Behavior\ReadHtmlCacheBehavior [ RunTime:0.000245s ]
INFO: [ app_begin ] --END-- [ RunTime:0.000336s ]
ERR: 无法加载控制器:Weixin

[ 2017-06-01T21:03:38+08:00 ] ::1 /shop/weixin/sendMessage.php?XDEBUG_SESSION_START=17700
INFO: [ app_init ] --START--
INFO: Run Behavior\BuildLiteBehavior [ RunTime:0.000059s ]
INFO: [ app_init ] --END-- [ RunTime:0.000554s ]
INFO: [ app_begin ] --START--
INFO: Run Behavior\ReadHtmlCacheBehavior [ RunTime:0.000476s ]
INFO: [ app_begin ] --END-- [ RunTime:0.000593s ]
ERR: 无法加载控制器:Weixin

