[ 2017-05-11T20:49:34+08:00 ] ::1 /shop/index.php/Admin/Goods/add
INFO: [ app_init ] --START--
INFO: Run Behavior\BuildLiteBehavior [ RunTime:0.000261s ]
INFO: [ app_init ] --END-- [ RunTime:0.013706s ]
INFO: [ app_begin ] --START--
INFO: Run Behavior\ReadHtmlCacheBehavior [ RunTime:0.001666s ]
INFO: [ app_begin ] --END-- [ RunTime:0.001963s ]
SQL: SHOW COLUMNS FROM `sw_role` [ RunTime:0.0077s ]
SQL: SELECT * FROM `sw_role` WHERE `role_id` = 0 LIMIT 1   [ RunTime:0.1095s ]
SQL: SHOW COLUMNS FROM `sw_goods` [ RunTime:0.0015s ]
NOTIC: [2] call_user_func() expects parameter 1 to be a valid callback, no array or string given /var/www/shop/ThinkPHP/Library/Think/Upload.class.php 第 170 行.
SQL: INSERT INTO `sw_goods` (`goods_name`,`goods_price`,`goods_weight`,`goods_number`,`goods_introduce`,`goods_big_img`,`goods_small_img`,`goods_create_time`) VALUES ('dsl','12000','140','1','','Uploads/2017-05-11/59145ddd51239.png','Uploads/2017-05-11/small59145ddd51239.png','17') [ RunTime:0.1301s ]
INFO: [ view_parse ] --START--
NOTIC: [2] filemtime(): stat failed for ./Application/Runtime/Cache/2bf475b122b99f012e1d7c38aa5e2d9e849d04f5.file.detail.html.php /var/www/shop/ThinkPHP/Library/Vendor/Smarty/sysplugins/smarty_resource.php 第 683 行.
NOTIC: [2] unlink(./Application/Runtime/Cache/2bf475b122b99f012e1d7c38aa5e2d9e849d04f5.file.detail.html.php): No such file or directory /var/www/shop/ThinkPHP/Library/Vendor/Smarty/sysplugins/smarty_internal_write_file.php 第 49 行.
INFO: Run Behavior\ParseTemplateBehavior [ RunTime:0.383186s ]
INFO: [ view_parse ] --END-- [ RunTime:0.383340s ]
INFO: [ view_filter ] --START--
INFO: Run Behavior\WriteHtmlCacheBehavior [ RunTime:0.007468s ]
INFO: [ view_filter ] --END-- [ RunTime:0.007556s ]
NOTIC: [2] file_put_contents(./Public/CachedHtml/Goods/goods_223.html): failed to open stream: No such file or directory /var/www/shop/Application/Admin/Controller/GoodsController.class.php 第 128 行.

[ 2017-05-11T20:52:06+08:00 ] ::1 /shop/index.php/Admin/Goods/add
INFO: [ app_init ] --START--
INFO: Run Behavior\BuildLiteBehavior [ RunTime:0.000041s ]
INFO: [ app_init ] --END-- [ RunTime:0.000547s ]
INFO: [ app_begin ] --START--
INFO: Run Behavior\ReadHtmlCacheBehavior [ RunTime:0.000382s ]
INFO: [ app_begin ] --END-- [ RunTime:0.000491s ]
SQL: SHOW COLUMNS FROM `sw_role` [ RunTime:0.0005s ]
SQL: SELECT * FROM `sw_role` WHERE `role_id` = 0 LIMIT 1   [ RunTime:0.0003s ]
SQL: SHOW COLUMNS FROM `sw_goods` [ RunTime:0.0004s ]
NOTIC: [2] call_user_func() expects parameter 1 to be a valid callback, no array or string given /var/www/shop/ThinkPHP/Library/Think/Upload.class.php 第 170 行.

[ 2017-05-11T20:52:17+08:00 ] ::1 /shop/index.php/Admin/Goods/add
INFO: [ app_init ] --START--
INFO: Run Behavior\BuildLiteBehavior [ RunTime:0.000037s ]
INFO: [ app_init ] --END-- [ RunTime:0.000460s ]
INFO: [ app_begin ] --START--
INFO: Run Behavior\ReadHtmlCacheBehavior [ RunTime:0.000434s ]
INFO: [ app_begin ] --END-- [ RunTime:0.000554s ]
SQL: SHOW COLUMNS FROM `sw_role` [ RunTime:0.0371s ]
SQL: SELECT * FROM `sw_role` WHERE `role_id` = 0 LIMIT 1   [ RunTime:0.0003s ]
SQL: SHOW COLUMNS FROM `sw_goods` [ RunTime:0.0005s ]
INFO: [ view_parse ] --START--
NOTIC: [2] filemtime(): stat failed for ./Application/Runtime/Cache/7fc7f88cd379afcd55acface200be3e0e2fd8db6.file.add.html.php /var/www/shop/ThinkPHP/Library/Vendor/Smarty/sysplugins/smarty_resource.php 第 683 行.
NOTIC: [2] unlink(./Application/Runtime/Cache/7fc7f88cd379afcd55acface200be3e0e2fd8db6.file.add.html.php): No such file or directory /var/www/shop/ThinkPHP/Library/Vendor/Smarty/sysplugins/smarty_internal_write_file.php 第 49 行.
INFO: Run Behavior\ParseTemplateBehavior [ RunTime:0.102675s ]
INFO: [ view_parse ] --END-- [ RunTime:0.102769s ]
INFO: [ view_filter ] --START--
INFO: Run Behavior\WriteHtmlCacheBehavior [ RunTime:0.000205s ]
INFO: [ view_filter ] --END-- [ RunTime:0.000283s ]
INFO: [ app_end ] --START--
INFO: Run Behavior\ShowPageTraceBehavior [ RunTime:0.000341s ]
INFO: [ app_end ] --END-- [ RunTime:0.000421s ]

[ 2017-05-11T20:52:19+08:00 ] ::1 /shop/index.php/Admin/Goods/showlist
INFO: [ app_init ] --START--
INFO: Run Behavior\BuildLiteBehavior [ RunTime:0.000025s ]
INFO: [ app_init ] --END-- [ RunTime:0.000343s ]
INFO: [ app_begin ] --START--
INFO: Run Behavior\ReadHtmlCacheBehavior [ RunTime:0.000471s ]
INFO: [ app_begin ] --END-- [ RunTime:0.000569s ]
SQL: SHOW COLUMNS FROM `sw_role` [ RunTime:0.0005s ]
SQL: SELECT * FROM `sw_role` WHERE `role_id` = 0 LIMIT 1   [ RunTime:0.0003s ]
SQL: SHOW COLUMNS FROM `sw_goods` [ RunTime:0.0007s ]
SQL: SELECT COUNT(*) AS tp_count FROM `sw_goods` LIMIT 1   [ RunTime:0.0211s ]
NOTIC: [8] Undefined index: page /var/www/shop/Application/Tools/Page.class.php 第 23 行.
SQL: select * from sw_goods order by goods_id desc limit 0,8 [ RunTime:0.0005s ]
INFO: [ view_parse ] --START--
NOTIC: [2] filemtime(): stat failed for ./Application/Runtime/Cache/1a8b78bfd07067048da832f75deeb3e2c2164764.file.showlist.html.php /var/www/shop/ThinkPHP/Library/Vendor/Smarty/sysplugins/smarty_resource.php 第 683 行.
NOTIC: [2] unlink(./Application/Runtime/Cache/1a8b78bfd07067048da832f75deeb3e2c2164764.file.showlist.html.php): No such file or directory /var/www/shop/ThinkPHP/Library/Vendor/Smarty/sysplugins/smarty_internal_write_file.php 第 49 行.
INFO: Run Behavior\ParseTemplateBehavior [ RunTime:0.170096s ]
INFO: [ view_parse ] --END-- [ RunTime:0.170242s ]
INFO: [ view_filter ] --START--
INFO: Run Behavior\WriteHtmlCacheBehavior [ RunTime:0.000158s ]
INFO: [ view_filter ] --END-- [ RunTime:0.000246s ]
INFO: [ app_end ] --START--
INFO: Run Behavior\ShowPageTraceBehavior [ RunTime:0.000364s ]
INFO: [ app_end ] --END-- [ RunTime:0.000450s ]

[ 2017-05-11T20:52:20+08:00 ] ::1 /shop/index.php/Admin/Goods/add
INFO: [ app_init ] --START--
INFO: Run Behavior\BuildLiteBehavior [ RunTime:0.000033s ]
INFO: [ app_init ] --END-- [ RunTime:0.000442s ]
INFO: [ app_begin ] --START--
INFO: Run Behavior\ReadHtmlCacheBehavior [ RunTime:0.000401s ]
INFO: [ app_begin ] --END-- [ RunTime:0.000522s ]
SQL: SHOW COLUMNS FROM `sw_role` [ RunTime:0.0006s ]
SQL: SELECT * FROM `sw_role` WHERE `role_id` = 0 LIMIT 1   [ RunTime:0.0004s ]
SQL: SHOW COLUMNS FROM `sw_goods` [ RunTime:0.0007s ]
INFO: [ view_parse ] --START--
INFO: Run Behavior\ParseTemplateBehavior [ RunTime:0.006148s ]
INFO: [ view_parse ] --END-- [ RunTime:0.006256s ]
INFO: [ view_filter ] --START--
INFO: Run Behavior\WriteHtmlCacheBehavior [ RunTime:0.000125s ]
INFO: [ view_filter ] --END-- [ RunTime:0.000236s ]
INFO: [ app_end ] --START--
INFO: Run Behavior\ShowPageTraceBehavior [ RunTime:0.000266s ]
INFO: [ app_end ] --END-- [ RunTime:0.000331s ]

[ 2017-05-11T20:52:40+08:00 ] ::1 /shop/index.php/Admin/Goods/add
INFO: [ app_init ] --START--
INFO: Run Behavior\BuildLiteBehavior [ RunTime:0.000027s ]
INFO: [ app_init ] --END-- [ RunTime:0.000324s ]
INFO: [ app_begin ] --START--
INFO: Run Behavior\ReadHtmlCacheBehavior [ RunTime:0.000410s ]
INFO: [ app_begin ] --END-- [ RunTime:0.000507s ]
SQL: SHOW COLUMNS FROM `sw_role` [ RunTime:0.0005s ]
SQL: SELECT * FROM `sw_role` WHERE `role_id` = 0 LIMIT 1   [ RunTime:0.0003s ]
SQL: SHOW COLUMNS FROM `sw_goods` [ RunTime:0.0004s ]
NOTIC: [2] call_user_func() expects parameter 1 to be a valid callback, no array or string given /var/www/shop/ThinkPHP/Library/Think/Upload.class.php 第 170 行.
SQL: INSERT INTO `sw_goods` (`goods_name`,`goods_price`,`goods_weight`,`goods_number`,`goods_introduce`,`goods_big_img`,`goods_small_img`,`goods_create_time`) VALUES ('fsd','11','12','1','','Uploads/2017-05-11/59145e986246f.png','Uploads/2017-05-11/small59145e986246f.png','17') [ RunTime:0.1761s ]
INFO: [ view_parse ] --START--
INFO: Run Behavior\ParseTemplateBehavior [ RunTime:0.034330s ]
INFO: [ view_parse ] --END-- [ RunTime:0.034442s ]
INFO: [ view_filter ] --START--
INFO: Run Behavior\WriteHtmlCacheBehavior [ RunTime:0.000196s ]
INFO: [ view_filter ] --END-- [ RunTime:0.000278s ]
NOTIC: [2] file_put_contents(./Public/CachedHtml/Goods/goods_224.html): failed to open stream: No such file or directory /var/www/shop/Application/Admin/Controller/GoodsController.class.php 第 128 行.

[ 2017-05-11T20:52:42+08:00 ] ::1 /shop/index.php/Admin/Goods/showlist.html
INFO: [ app_init ] --START--
INFO: Run Behavior\BuildLiteBehavior [ RunTime:0.000034s ]
INFO: [ app_init ] --END-- [ RunTime:0.000402s ]
INFO: [ app_begin ] --START--
INFO: Run Behavior\ReadHtmlCacheBehavior [ RunTime:0.000484s ]
INFO: [ app_begin ] --END-- [ RunTime:0.000615s ]
SQL: SHOW COLUMNS FROM `sw_role` [ RunTime:0.0008s ]
SQL: SELECT * FROM `sw_role` WHERE `role_id` = 0 LIMIT 1   [ RunTime:0.0004s ]
SQL: SHOW COLUMNS FROM `sw_goods` [ RunTime:0.0007s ]
SQL: SELECT COUNT(*) AS tp_count FROM `sw_goods` LIMIT 1   [ RunTime:0.0006s ]
NOTIC: [8] Undefined index: page /var/www/shop/Application/Tools/Page.class.php 第 23 行.
SQL: select * from sw_goods order by goods_id desc limit 0,8 [ RunTime:0.0175s ]
INFO: [ view_parse ] --START--
INFO: Run Behavior\ParseTemplateBehavior [ RunTime:0.005324s ]
INFO: [ view_parse ] --END-- [ RunTime:0.005412s ]
INFO: [ view_filter ] --START--
INFO: Run Behavior\WriteHtmlCacheBehavior [ RunTime:0.000124s ]
INFO: [ view_filter ] --END-- [ RunTime:0.000185s ]
INFO: [ app_end ] --START--
INFO: Run Behavior\ShowPageTraceBehavior [ RunTime:0.000313s ]
INFO: [ app_end ] --END-- [ RunTime:0.000383s ]

[ 2017-05-11T20:55:05+08:00 ] ::1 /shop/index.php/Admin/Goods/showlist
INFO: [ app_init ] --START--
INFO: Run Behavior\BuildLiteBehavior [ RunTime:0.000035s ]
INFO: [ app_init ] --END-- [ RunTime:0.004393s ]
INFO: [ app_begin ] --START--
INFO: Run Behavior\ReadHtmlCacheBehavior [ RunTime:0.002262s ]
INFO: [ app_begin ] --END-- [ RunTime:0.002392s ]
SQL: SHOW COLUMNS FROM `sw_role` [ RunTime:0.2540s ]
SQL: SELECT * FROM `sw_role` WHERE `role_id` = 0 LIMIT 1   [ RunTime:0.0356s ]
SQL: SHOW COLUMNS FROM `sw_goods` [ RunTime:0.0169s ]
SQL: SELECT COUNT(*) AS tp_count FROM `sw_goods` LIMIT 1   [ RunTime:0.0003s ]
NOTIC: [8] Undefined index: page /var/www/shop/Application/Tools/Page.class.php 第 23 行.
SQL: select * from sw_goods order by goods_id desc limit 0,8 [ RunTime:0.0006s ]
INFO: [ view_parse ] --START--
INFO: Run Behavior\ParseTemplateBehavior [ RunTime:0.122430s ]
INFO: [ view_parse ] --END-- [ RunTime:0.122568s ]
INFO: [ view_filter ] --START--
INFO: Run Behavior\WriteHtmlCacheBehavior [ RunTime:0.006511s ]
INFO: [ view_filter ] --END-- [ RunTime:0.006642s ]
INFO: [ app_end ] --START--
INFO: Run Behavior\ShowPageTraceBehavior [ RunTime:0.001021s ]
INFO: [ app_end ] --END-- [ RunTime:0.001137s ]

[ 2017-05-11T20:55:06+08:00 ] ::1 /shop/index.php/Admin/Goods/add
INFO: [ app_init ] --START--
INFO: Run Behavior\BuildLiteBehavior [ RunTime:0.000032s ]
INFO: [ app_init ] --END-- [ RunTime:0.000360s ]
INFO: [ app_begin ] --START--
INFO: Run Behavior\ReadHtmlCacheBehavior [ RunTime:0.000420s ]
INFO: [ app_begin ] --END-- [ RunTime:0.000569s ]
SQL: SHOW COLUMNS FROM `sw_role` [ RunTime:0.0008s ]
SQL: SELECT * FROM `sw_role` WHERE `role_id` = 0 LIMIT 1   [ RunTime:0.0002s ]
SQL: SHOW COLUMNS FROM `sw_goods` [ RunTime:0.0004s ]
INFO: [ view_parse ] --START--
INFO: Run Behavior\ParseTemplateBehavior [ RunTime:0.026254s ]
INFO: [ view_parse ] --END-- [ RunTime:0.026369s ]
INFO: [ view_filter ] --START--
INFO: Run Behavior\WriteHtmlCacheBehavior [ RunTime:0.000185s ]
INFO: [ view_filter ] --END-- [ RunTime:0.000305s ]
INFO: [ app_end ] --START--
INFO: Run Behavior\ShowPageTraceBehavior [ RunTime:0.000356s ]
INFO: [ app_end ] --END-- [ RunTime:0.000441s ]

[ 2017-05-11T20:55:07+08:00 ] ::1 /shop/index.php/Admin/Goods/showlist
INFO: [ app_init ] --START--
INFO: Run Behavior\BuildLiteBehavior [ RunTime:0.000023s ]
INFO: [ app_init ] --END-- [ RunTime:0.000259s ]
INFO: [ app_begin ] --START--
INFO: Run Behavior\ReadHtmlCacheBehavior [ RunTime:0.000286s ]
INFO: [ app_begin ] --END-- [ RunTime:0.000353s ]
SQL: SHOW COLUMNS FROM `sw_role` [ RunTime:0.0109s ]
SQL: SELECT * FROM `sw_role` WHERE `role_id` = 0 LIMIT 1   [ RunTime:0.0002s ]
SQL: SHOW COLUMNS FROM `sw_goods` [ RunTime:0.0116s ]
SQL: SELECT COUNT(*) AS tp_count FROM `sw_goods` LIMIT 1   [ RunTime:0.0004s ]
NOTIC: [8] Undefined index: page /var/www/shop/Application/Tools/Page.class.php 第 23 行.
SQL: select * from sw_goods order by goods_id desc limit 0,8 [ RunTime:0.0004s ]
INFO: [ view_parse ] --START--
INFO: Run Behavior\ParseTemplateBehavior [ RunTime:0.004957s ]
INFO: [ view_parse ] --END-- [ RunTime:0.005034s ]
INFO: [ view_filter ] --START--
INFO: Run Behavior\WriteHtmlCacheBehavior [ RunTime:0.000101s ]
INFO: [ view_filter ] --END-- [ RunTime:0.000158s ]
INFO: [ app_end ] --START--
INFO: Run Behavior\ShowPageTraceBehavior [ RunTime:0.000286s ]
INFO: [ app_end ] --END-- [ RunTime:0.000352s ]

[ 2017-05-11T21:15:42+08:00 ] ::1 /shop/index.php/Admin/Goods/add
INFO: [ app_init ] --START--
INFO: Run Behavior\BuildLiteBehavior [ RunTime:0.000030s ]
INFO: [ app_init ] --END-- [ RunTime:0.000348s ]
INFO: [ app_begin ] --START--
INFO: Run Behavior\ReadHtmlCacheBehavior [ RunTime:0.000466s ]
INFO: [ app_begin ] --END-- [ RunTime:0.000583s ]
SQL: SHOW COLUMNS FROM `sw_role` [ RunTime:0.0235s ]
SQL: SELECT * FROM `sw_role` WHERE `role_id` = 0 LIMIT 1   [ RunTime:0.0004s ]
SQL: SHOW COLUMNS FROM `sw_goods` [ RunTime:0.0006s ]
INFO: [ view_parse ] --START--
INFO: Run Behavior\ParseTemplateBehavior [ RunTime:0.033940s ]
INFO: [ view_parse ] --END-- [ RunTime:0.034056s ]
INFO: [ view_filter ] --START--
INFO: Run Behavior\WriteHtmlCacheBehavior [ RunTime:0.000212s ]
INFO: [ view_filter ] --END-- [ RunTime:0.000294s ]
INFO: [ app_end ] --START--
INFO: Run Behavior\ShowPageTraceBehavior [ RunTime:0.000361s ]
INFO: [ app_end ] --END-- [ RunTime:0.000445s ]

[ 2017-05-11T21:15:55+08:00 ] ::1 /shop/index.php/Admin/Goods/add
INFO: [ app_init ] --START--
INFO: Run Behavior\BuildLiteBehavior [ RunTime:0.000027s ]
INFO: [ app_init ] --END-- [ RunTime:0.000417s ]
INFO: [ app_begin ] --START--
INFO: Run Behavior\ReadHtmlCacheBehavior [ RunTime:0.000333s ]
INFO: [ app_begin ] --END-- [ RunTime:0.000413s ]
SQL: SHOW COLUMNS FROM `sw_role` [ RunTime:0.0008s ]
SQL: SELECT * FROM `sw_role` WHERE `role_id` = 0 LIMIT 1   [ RunTime:0.0003s ]
SQL: SHOW COLUMNS FROM `sw_goods` [ RunTime:0.0004s ]
NOTIC: [2] call_user_func() expects parameter 1 to be a valid callback, no array or string given /var/www/shop/ThinkPHP/Library/Think/Upload.class.php 第 170 行.
SQL: INSERT INTO `sw_goods` (`goods_name`,`goods_price`,`goods_weight`,`goods_number`,`goods_introduce`,`goods_big_img`,`goods_small_img`,`goods_create_time`) VALUES ('dsl','12000','140','1','','Uploads/2017-05-11/5914640b617ac.png','Uploads/2017-05-11/small5914640b617ac.png','17') [ RunTime:0.1863s ]
INFO: [ view_parse ] --START--
INFO: Run Behavior\ParseTemplateBehavior [ RunTime:0.022024s ]
INFO: [ view_parse ] --END-- [ RunTime:0.022142s ]
INFO: [ view_filter ] --START--
INFO: Run Behavior\WriteHtmlCacheBehavior [ RunTime:0.000208s ]
INFO: [ view_filter ] --END-- [ RunTime:0.000289s ]
NOTIC: [2] file_put_contents(./Public/CachedHtml/Goods/goods_225.html): failed to open stream: No such file or directory /var/www/shop/Application/Admin/Controller/GoodsController.class.php 第 128 行.

[ 2017-05-11T21:15:58+08:00 ] ::1 /shop/index.php/Admin/Goods/showlist.html
INFO: [ app_init ] --START--
INFO: Run Behavior\BuildLiteBehavior [ RunTime:0.000036s ]
INFO: [ app_init ] --END-- [ RunTime:0.000488s ]
INFO: [ app_begin ] --START--
INFO: Run Behavior\ReadHtmlCacheBehavior [ RunTime:0.000441s ]
INFO: [ app_begin ] --END-- [ RunTime:0.000554s ]
SQL: SHOW COLUMNS FROM `sw_role` [ RunTime:0.0109s ]
SQL: SELECT * FROM `sw_role` WHERE `role_id` = 0 LIMIT 1   [ RunTime:0.0006s ]
SQL: SHOW COLUMNS FROM `sw_goods` [ RunTime:0.0007s ]
SQL: SELECT COUNT(*) AS tp_count FROM `sw_goods` LIMIT 1   [ RunTime:0.0391s ]
NOTIC: [8] Undefined index: page /var/www/shop/Application/Tools/Page.class.php 第 23 行.
SQL: select * from sw_goods order by goods_id desc limit 0,8 [ RunTime:0.0275s ]
INFO: [ view_parse ] --START--
INFO: Run Behavior\ParseTemplateBehavior [ RunTime:0.062369s ]
INFO: [ view_parse ] --END-- [ RunTime:0.062471s ]
INFO: [ view_filter ] --START--
INFO: Run Behavior\WriteHtmlCacheBehavior [ RunTime:0.000159s ]
INFO: [ view_filter ] --END-- [ RunTime:0.000222s ]
INFO: [ app_end ] --START--
INFO: Run Behavior\ShowPageTraceBehavior [ RunTime:0.000313s ]
INFO: [ app_end ] --END-- [ RunTime:0.000381s ]

[ 2017-05-11T21:18:55+08:00 ] ::1 /shop/index.php/Admin/Goods/showlist
INFO: [ app_init ] --START--
INFO: Run Behavior\BuildLiteBehavior [ RunTime:0.000022s ]
INFO: [ app_init ] --END-- [ RunTime:0.000263s ]
INFO: [ app_begin ] --START--
INFO: Run Behavior\ReadHtmlCacheBehavior [ RunTime:0.000240s ]
INFO: [ app_begin ] --END-- [ RunTime:0.000356s ]
SQL: SHOW COLUMNS FROM `sw_role` [ RunTime:0.0215s ]
SQL: SELECT * FROM `sw_role` WHERE `role_id` = 0 LIMIT 1   [ RunTime:0.0003s ]
SQL: SHOW COLUMNS FROM `sw_goods` [ RunTime:0.0005s ]
SQL: SELECT COUNT(*) AS tp_count FROM `sw_goods` LIMIT 1   [ RunTime:0.0003s ]
NOTIC: [8] Undefined index: page /var/www/shop/Application/Tools/Page.class.php 第 23 行.
SQL: select * from sw_goods order by goods_id desc limit 0,8 [ RunTime:0.0003s ]
INFO: [ view_parse ] --START--
INFO: Run Behavior\ParseTemplateBehavior [ RunTime:0.005659s ]
INFO: [ view_parse ] --END-- [ RunTime:0.005763s ]
INFO: [ view_filter ] --START--
INFO: Run Behavior\WriteHtmlCacheBehavior [ RunTime:0.000120s ]
INFO: [ view_filter ] --END-- [ RunTime:0.000186s ]
INFO: [ app_end ] --START--
INFO: Run Behavior\ShowPageTraceBehavior [ RunTime:0.000325s ]
INFO: [ app_end ] --END-- [ RunTime:0.000402s ]

[ 2017-05-11T21:18:57+08:00 ] ::1 /shop/index.php/Admin/Goods/add
INFO: [ app_init ] --START--
INFO: Run Behavior\BuildLiteBehavior [ RunTime:0.000056s ]
INFO: [ app_init ] --END-- [ RunTime:0.000688s ]
INFO: [ app_begin ] --START--
INFO: Run Behavior\ReadHtmlCacheBehavior [ RunTime:0.000376s ]
INFO: [ app_begin ] --END-- [ RunTime:0.000473s ]
SQL: SHOW COLUMNS FROM `sw_role` [ RunTime:0.0290s ]
SQL: SELECT * FROM `sw_role` WHERE `role_id` = 0 LIMIT 1   [ RunTime:0.0004s ]
SQL: SHOW COLUMNS FROM `sw_goods` [ RunTime:0.0005s ]
INFO: [ view_parse ] --START--
INFO: Run Behavior\ParseTemplateBehavior [ RunTime:0.014656s ]
INFO: [ view_parse ] --END-- [ RunTime:0.014782s ]
INFO: [ view_filter ] --START--
INFO: Run Behavior\WriteHtmlCacheBehavior [ RunTime:0.000162s ]
INFO: [ view_filter ] --END-- [ RunTime:0.000243s ]
INFO: [ app_end ] --START--
INFO: Run Behavior\ShowPageTraceBehavior [ RunTime:0.000333s ]
INFO: [ app_end ] --END-- [ RunTime:0.000405s ]

[ 2017-05-11T21:19:08+08:00 ] ::1 /shop/index.php/Admin/Goods/add
INFO: [ app_init ] --START--
INFO: Run Behavior\BuildLiteBehavior [ RunTime:0.000023s ]
INFO: [ app_init ] --END-- [ RunTime:0.000277s ]
INFO: [ app_begin ] --START--
INFO: Run Behavior\ReadHtmlCacheBehavior [ RunTime:0.000300s ]
INFO: [ app_begin ] --END-- [ RunTime:0.000372s ]
SQL: SHOW COLUMNS FROM `sw_role` [ RunTime:0.0041s ]
SQL: SELECT * FROM `sw_role` WHERE `role_id` = 0 LIMIT 1   [ RunTime:0.0004s ]
SQL: SHOW COLUMNS FROM `sw_goods` [ RunTime:0.0005s ]
NOTIC: [2] call_user_func() expects parameter 1 to be a valid callback, no array or string given /var/www/shop/ThinkPHP/Library/Think/Upload.class.php 第 170 行.
SQL: INSERT INTO `sw_goods` (`goods_name`,`goods_price`,`goods_weight`,`goods_number`,`goods_introduce`,`goods_big_img`,`goods_small_img`,`goods_create_time`) VALUES ('fsd','12000','140','1','ssss','Uploads/2017-05-11/591464cc56e55.png','Uploads/2017-05-11/small591464cc56e55.png','1494508748') [ RunTime:0.0256s ]
INFO: [ view_parse ] --START--
INFO: Run Behavior\ParseTemplateBehavior [ RunTime:0.036804s ]
INFO: [ view_parse ] --END-- [ RunTime:0.036903s ]
INFO: [ view_filter ] --START--
INFO: Run Behavior\WriteHtmlCacheBehavior [ RunTime:0.000149s ]
INFO: [ view_filter ] --END-- [ RunTime:0.000210s ]
NOTIC: [2] file_put_contents(./Public/CachedHtml/Goods/goods_226.html): failed to open stream: No such file or directory /var/www/shop/Application/Admin/Controller/GoodsController.class.php 第 128 行.
ERR: 模板不存在:./Application/Home/View/Goods/add.html
NOTIC: [2] Cannot modify header information - headers already sent by (output started at /var/www/shop/ThinkPHP/Common/functions.php:850) /var/www/shop/ThinkPHP/Library/Think/Think.class.php 第 229 行.
NOTIC: [2] Cannot modify header information - headers already sent by (output started at /var/www/shop/ThinkPHP/Common/functions.php:850) /var/www/shop/ThinkPHP/Library/Think/Think.class.php 第 230 行.

[ 2017-05-11T21:20:26+08:00 ] ::1 /shop/index.php/Admin/Goods/add
INFO: [ app_init ] --START--
INFO: Run Behavior\BuildLiteBehavior [ RunTime:0.000031s ]
INFO: [ app_init ] --END-- [ RunTime:0.000323s ]
INFO: [ app_begin ] --START--
INFO: Run Behavior\ReadHtmlCacheBehavior [ RunTime:0.000333s ]
INFO: [ app_begin ] --END-- [ RunTime:0.000418s ]
SQL: SHOW COLUMNS FROM `sw_role` [ RunTime:0.0117s ]
SQL: SELECT * FROM `sw_role` WHERE `role_id` = 0 LIMIT 1   [ RunTime:0.0295s ]
SQL: SHOW COLUMNS FROM `sw_goods` [ RunTime:0.0005s ]
INFO: [ view_parse ] --START--
INFO: Run Behavior\ParseTemplateBehavior [ RunTime:0.005809s ]
INFO: [ view_parse ] --END-- [ RunTime:0.005902s ]
INFO: [ view_filter ] --START--
INFO: Run Behavior\WriteHtmlCacheBehavior [ RunTime:0.000161s ]
INFO: [ view_filter ] --END-- [ RunTime:0.000225s ]
INFO: [ app_end ] --START--
INFO: Run Behavior\ShowPageTraceBehavior [ RunTime:0.000384s ]
INFO: [ app_end ] --END-- [ RunTime:0.000459s ]

[ 2017-05-11T21:21:20+08:00 ] ::1 /shop/index.php/Admin/Goods/add
INFO: [ app_init ] --START--
INFO: Run Behavior\BuildLiteBehavior [ RunTime:0.000021s ]
INFO: [ app_init ] --END-- [ RunTime:0.000249s ]
INFO: [ app_begin ] --START--
INFO: Run Behavior\ReadHtmlCacheBehavior [ RunTime:0.000235s ]
INFO: [ app_begin ] --END-- [ RunTime:0.000304s ]
SQL: SHOW COLUMNS FROM `sw_role` [ RunTime:0.0009s ]
SQL: SELECT * FROM `sw_role` WHERE `role_id` = 0 LIMIT 1   [ RunTime:0.0119s ]
SQL: SHOW COLUMNS FROM `sw_goods` [ RunTime:0.0005s ]
NOTIC: [2] call_user_func() expects parameter 1 to be a valid callback, no array or string given /var/www/shop/ThinkPHP/Library/Think/Upload.class.php 第 170 行.
SQL: INSERT INTO `sw_goods` (`goods_name`,`goods_price`,`goods_weight`,`goods_number`,`goods_introduce`,`goods_big_img`,`goods_small_img`,`goods_create_time`) VALUES ('fsd','12000','140','1','ssss','Uploads/2017-05-11/5914651bc2c87.png','Uploads/2017-05-11/small5914651bc2c87.png','1494508827') [ RunTime:0.0546s ]
INFO: [ view_parse ] --START--
INFO: Run Behavior\ParseTemplateBehavior [ RunTime:0.007830s ]
INFO: [ view_parse ] --END-- [ RunTime:0.007977s ]
INFO: [ view_filter ] --START--
INFO: Run Behavior\WriteHtmlCacheBehavior [ RunTime:0.000215s ]
INFO: [ view_filter ] --END-- [ RunTime:0.000321s ]
NOTIC: [2] file_put_contents(./Public/CachedHtml/Goods/goods_227.html): failed to open stream: No such file or directory /var/www/shop/Application/Admin/Controller/GoodsController.class.php 第 128 行.

[ 2017-05-11T21:30:14+08:00 ] ::1 /shop/index.php/Admin/Goods/add
INFO: [ app_init ] --START--
INFO: Run Behavior\BuildLiteBehavior [ RunTime:0.000041s ]
INFO: [ app_init ] --END-- [ RunTime:0.014063s ]
INFO: [ app_begin ] --START--
INFO: Run Behavior\ReadHtmlCacheBehavior [ RunTime:0.000902s ]
INFO: [ app_begin ] --END-- [ RunTime:0.001017s ]
SQL: SHOW COLUMNS FROM `sw_role` [ RunTime:0.0271s ]
SQL: SELECT * FROM `sw_role` WHERE `role_id` = 0 LIMIT 1   [ RunTime:0.0744s ]
SQL: SHOW COLUMNS FROM `sw_goods` [ RunTime:0.0006s ]
INFO: [ view_parse ] --START--
INFO: Run Behavior\ParseTemplateBehavior [ RunTime:0.173215s ]
INFO: [ view_parse ] --END-- [ RunTime:0.173647s ]
INFO: [ view_filter ] --START--
INFO: Run Behavior\WriteHtmlCacheBehavior [ RunTime:0.007846s ]
INFO: [ view_filter ] --END-- [ RunTime:0.007957s ]
INFO: [ app_end ] --START--
INFO: Run Behavior\ShowPageTraceBehavior [ RunTime:0.000818s ]
INFO: [ app_end ] --END-- [ RunTime:0.000909s ]

[ 2017-05-11T21:30:28+08:00 ] ::1 /shop/index.php/Admin/Goods/add
INFO: [ app_init ] --START--
INFO: Run Behavior\BuildLiteBehavior [ RunTime:0.000029s ]
INFO: [ app_init ] --END-- [ RunTime:0.000315s ]
INFO: [ app_begin ] --START--
INFO: Run Behavior\ReadHtmlCacheBehavior [ RunTime:0.000247s ]
INFO: [ app_begin ] --END-- [ RunTime:0.000326s ]
SQL: SHOW COLUMNS FROM `sw_role` [ RunTime:0.0008s ]
SQL: SELECT * FROM `sw_role` WHERE `role_id` = 0 LIMIT 1   [ RunTime:0.0003s ]
SQL: SHOW COLUMNS FROM `sw_goods` [ RunTime:0.0005s ]
NOTIC: [2] call_user_func() expects parameter 1 to be a valid callback, no array or string given /var/www/shop/ThinkPHP/Library/Think/Upload.class.php 第 170 行.
SQL: INSERT INTO `sw_goods` (`goods_name`,`goods_price`,`goods_weight`,`goods_number`,`goods_introduce`,`goods_big_img`,`goods_small_img`,`goods_create_time`) VALUES ('dsl','111','140','1','','Uploads/2017-05-11/59146773b0e33.png','Uploads/2017-05-11/small59146773b0e33.png','1494509427') [ RunTime:0.1763s ]
INFO: [ view_parse ] --START--
INFO: Run Behavior\ParseTemplateBehavior [ RunTime:0.022800s ]
INFO: [ view_parse ] --END-- [ RunTime:0.022915s ]
INFO: [ view_filter ] --START--
INFO: Run Behavior\WriteHtmlCacheBehavior [ RunTime:0.000181s ]
INFO: [ view_filter ] --END-- [ RunTime:0.000279s ]
NOTIC: [2] file_put_contents(./Public/CachedHtml/Goods/goods_228.html): failed to open stream: Permission denied /var/www/shop/Application/Admin/Controller/GoodsController.class.php 第 128 行.

[ 2017-05-11T21:41:39+08:00 ] ::1 /shop/index.php/Admin/Goods/add
INFO: [ app_init ] --START--
INFO: Run Behavior\BuildLiteBehavior [ RunTime:0.000022s ]
INFO: [ app_init ] --END-- [ RunTime:0.000256s ]
INFO: [ app_begin ] --START--
INFO: Run Behavior\ReadHtmlCacheBehavior [ RunTime:0.000267s ]
INFO: [ app_begin ] --END-- [ RunTime:0.000334s ]
SQL: SHOW COLUMNS FROM `sw_role` [ RunTime:0.0129s ]
SQL: SELECT * FROM `sw_role` WHERE `role_id` = 0 LIMIT 1   [ RunTime:0.0069s ]
SQL: SHOW COLUMNS FROM `sw_goods` [ RunTime:0.0005s ]
INFO: [ view_parse ] --START--
INFO: Run Behavior\ParseTemplateBehavior [ RunTime:0.010543s ]
INFO: [ view_parse ] --END-- [ RunTime:0.010637s ]
INFO: [ view_filter ] --START--
INFO: Run Behavior\WriteHtmlCacheBehavior [ RunTime:0.000162s ]
INFO: [ view_filter ] --END-- [ RunTime:0.000224s ]
INFO: [ app_end ] --START--
INFO: Run Behavior\ShowPageTraceBehavior [ RunTime:0.000282s ]
INFO: [ app_end ] --END-- [ RunTime:0.000346s ]

[ 2017-05-11T21:41:52+08:00 ] ::1 /shop/index.php/Admin/Goods/add
INFO: [ app_init ] --START--
INFO: Run Behavior\BuildLiteBehavior [ RunTime:0.000023s ]
INFO: [ app_init ] --END-- [ RunTime:0.000288s ]
INFO: [ app_begin ] --START--
INFO: Run Behavior\ReadHtmlCacheBehavior [ RunTime:0.000232s ]
INFO: [ app_begin ] --END-- [ RunTime:0.000302s ]
SQL: SHOW COLUMNS FROM `sw_role` [ RunTime:0.0012s ]
SQL: SELECT * FROM `sw_role` WHERE `role_id` = 0 LIMIT 1   [ RunTime:0.0003s ]
SQL: SHOW COLUMNS FROM `sw_goods` [ RunTime:0.0005s ]
NOTIC: [2] call_user_func() expects parameter 1 to be a valid callback, no array or string given /var/www/shop/ThinkPHP/Library/Think/Upload.class.php 第 170 行.
SQL: INSERT INTO `sw_goods` (`goods_name`,`goods_price`,`goods_weight`,`goods_number`,`goods_introduce`,`goods_big_img`,`goods_small_img`,`goods_create_time`) VALUES ('dsl','12000','140','1','','Uploads/2017-05-11/59146a2022853.png','Uploads/2017-05-11/small59146a2022853.png','1494510112') [ RunTime:0.2835s ]
INFO: [ view_parse ] --START--
INFO: Run Behavior\ParseTemplateBehavior [ RunTime:0.006243s ]
INFO: [ view_parse ] --END-- [ RunTime:0.006345s ]
INFO: [ view_filter ] --START--
INFO: Run Behavior\WriteHtmlCacheBehavior [ RunTime:0.000149s ]
INFO: [ view_filter ] --END-- [ RunTime:0.000235s ]

[ 2017-05-11T21:41:55+08:00 ] ::1 /shop/index.php/Admin/Goods/showlist.html
INFO: [ app_init ] --START--
INFO: Run Behavior\BuildLiteBehavior [ RunTime:0.000052s ]
INFO: [ app_init ] --END-- [ RunTime:0.000701s ]
INFO: [ app_begin ] --START--
INFO: Run Behavior\ReadHtmlCacheBehavior [ RunTime:0.000584s ]
INFO: [ app_begin ] --END-- [ RunTime:0.000735s ]
SQL: SHOW COLUMNS FROM `sw_role` [ RunTime:0.0007s ]
SQL: SELECT * FROM `sw_role` WHERE `role_id` = 0 LIMIT 1   [ RunTime:0.0004s ]
SQL: SHOW COLUMNS FROM `sw_goods` [ RunTime:0.0007s ]
SQL: SELECT COUNT(*) AS tp_count FROM `sw_goods` LIMIT 1   [ RunTime:0.0974s ]
NOTIC: [8] Undefined index: page /var/www/shop/Application/Tools/Page.class.php 第 23 行.
SQL: select * from sw_goods order by goods_id desc limit 0,8 [ RunTime:0.0240s ]
INFO: [ view_parse ] --START--
INFO: Run Behavior\ParseTemplateBehavior [ RunTime:0.087185s ]
INFO: [ view_parse ] --END-- [ RunTime:0.087595s ]
INFO: [ view_filter ] --START--
INFO: Run Behavior\WriteHtmlCacheBehavior [ RunTime:0.000723s ]
INFO: [ view_filter ] --END-- [ RunTime:0.001179s ]
INFO: [ app_end ] --START--
INFO: Run Behavior\ShowPageTraceBehavior [ RunTime:0.001294s ]
INFO: [ app_end ] --END-- [ RunTime:0.001701s ]

[ 2017-05-11T21:42:27+08:00 ] ::1 /shop/index.php/Admin/Goods/showlist.html/page/9
INFO: [ app_init ] --START--
INFO: Run Behavior\BuildLiteBehavior [ RunTime:0.000023s ]
INFO: [ app_init ] --END-- [ RunTime:0.000260s ]
INFO: [ app_begin ] --START--
INFO: Run Behavior\ReadHtmlCacheBehavior [ RunTime:0.000343s ]
INFO: [ app_begin ] --END-- [ RunTime:0.000454s ]
SQL: SHOW COLUMNS FROM `sw_role` [ RunTime:0.0135s ]
SQL: SELECT * FROM `sw_role` WHERE `role_id` = 0 LIMIT 1   [ RunTime:0.0170s ]
ERR: 非法操作:showlist.html

[ 2017-05-11T21:42:35+08:00 ] ::1 /shop/index.php/Admin/Goods/showlist.html/page/7
INFO: [ app_init ] --START--
INFO: Run Behavior\BuildLiteBehavior [ RunTime:0.000024s ]
INFO: [ app_init ] --END-- [ RunTime:0.000366s ]
INFO: [ app_begin ] --START--
INFO: Run Behavior\ReadHtmlCacheBehavior [ RunTime:0.000397s ]
INFO: [ app_begin ] --END-- [ RunTime:0.000506s ]
SQL: SHOW COLUMNS FROM `sw_role` [ RunTime:0.0052s ]
SQL: SELECT * FROM `sw_role` WHERE `role_id` = 0 LIMIT 1   [ RunTime:0.0003s ]
ERR: 非法操作:showlist.html

[ 2017-05-11T21:42:41+08:00 ] ::1 /shop/index.php/Admin/Goods/showlist.html/page/2
INFO: [ app_init ] --START--
INFO: Run Behavior\BuildLiteBehavior [ RunTime:0.000052s ]
INFO: [ app_init ] --END-- [ RunTime:0.000316s ]
INFO: [ app_begin ] --START--
INFO: Run Behavior\ReadHtmlCacheBehavior [ RunTime:0.000302s ]
INFO: [ app_begin ] --END-- [ RunTime:0.000381s ]
SQL: SHOW COLUMNS FROM `sw_role` [ RunTime:0.0343s ]
SQL: SELECT * FROM `sw_role` WHERE `role_id` = 0 LIMIT 1   [ RunTime:0.0003s ]
ERR: 非法操作:showlist.html

[ 2017-05-11T21:43:04+08:00 ] ::1 /shop/index.php/Admin/Goods/showlist
INFO: [ app_init ] --START--
INFO: Run Behavior\BuildLiteBehavior [ RunTime:0.000039s ]
INFO: [ app_init ] --END-- [ RunTime:0.000501s ]
INFO: [ app_begin ] --START--
INFO: Run Behavior\ReadHtmlCacheBehavior [ RunTime:0.000573s ]
INFO: [ app_begin ] --END-- [ RunTime:0.000722s ]
SQL: SHOW COLUMNS FROM `sw_role` [ RunTime:0.0013s ]
SQL: SELECT * FROM `sw_role` WHERE `role_id` = 0 LIMIT 1   [ RunTime:0.0004s ]
SQL: SHOW COLUMNS FROM `sw_goods` [ RunTime:0.0005s ]
SQL: SELECT COUNT(*) AS tp_count FROM `sw_goods` LIMIT 1   [ RunTime:0.0003s ]
NOTIC: [8] Undefined index: page /var/www/shop/Application/Tools/Page.class.php 第 23 行.
SQL: select * from sw_goods order by goods_id desc limit 0,8 [ RunTime:0.0161s ]
INFO: [ view_parse ] --START--
INFO: Run Behavior\ParseTemplateBehavior [ RunTime:0.018773s ]
INFO: [ view_parse ] --END-- [ RunTime:0.018868s ]
INFO: [ view_filter ] --START--
INFO: Run Behavior\WriteHtmlCacheBehavior [ RunTime:0.000120s ]
INFO: [ view_filter ] --END-- [ RunTime:0.000183s ]
INFO: [ app_end ] --START--
INFO: Run Behavior\ShowPageTraceBehavior [ RunTime:0.000273s ]
INFO: [ app_end ] --END-- [ RunTime:0.000340s ]

[ 2017-05-11T21:43:08+08:00 ] ::1 /shop/index.php/Admin/Goods/showlist/page/2
INFO: [ app_init ] --START--
INFO: Run Behavior\BuildLiteBehavior [ RunTime:0.000021s ]
INFO: [ app_init ] --END-- [ RunTime:0.000236s ]
INFO: [ app_begin ] --START--
INFO: Run Behavior\ReadHtmlCacheBehavior [ RunTime:0.000239s ]
INFO: [ app_begin ] --END-- [ RunTime:0.000356s ]
SQL: SHOW COLUMNS FROM `sw_role` [ RunTime:0.0411s ]
SQL: SELECT * FROM `sw_role` WHERE `role_id` = 0 LIMIT 1   [ RunTime:0.0004s ]
SQL: SHOW COLUMNS FROM `sw_goods` [ RunTime:0.0007s ]
SQL: SELECT COUNT(*) AS tp_count FROM `sw_goods` LIMIT 1   [ RunTime:0.0005s ]
SQL: select * from sw_goods order by goods_id desc limit 8,8 [ RunTime:0.0006s ]
INFO: [ view_parse ] --START--
INFO: Run Behavior\ParseTemplateBehavior [ RunTime:0.004747s ]
INFO: [ view_parse ] --END-- [ RunTime:0.004832s ]
INFO: [ view_filter ] --START--
INFO: Run Behavior\WriteHtmlCacheBehavior [ RunTime:0.000109s ]
INFO: [ view_filter ] --END-- [ RunTime:0.000170s ]
INFO: [ app_end ] --START--
INFO: Run Behavior\ShowPageTraceBehavior [ RunTime:0.000265s ]
INFO: [ app_end ] --END-- [ RunTime:0.000332s ]

[ 2017-05-11T21:43:11+08:00 ] ::1 /shop/index.php/Admin/Goods/showlist/page/3
INFO: [ app_init ] --START--
INFO: Run Behavior\BuildLiteBehavior [ RunTime:0.000026s ]
INFO: [ app_init ] --END-- [ RunTime:0.000321s ]
INFO: [ app_begin ] --START--
INFO: Run Behavior\ReadHtmlCacheBehavior [ RunTime:0.000260s ]
INFO: [ app_begin ] --END-- [ RunTime:0.000329s ]
SQL: SHOW COLUMNS FROM `sw_role` [ RunTime:0.0016s ]
SQL: SELECT * FROM `sw_role` WHERE `role_id` = 0 LIMIT 1   [ RunTime:0.0004s ]
SQL: SHOW COLUMNS FROM `sw_goods` [ RunTime:0.0005s ]
SQL: SELECT COUNT(*) AS tp_count FROM `sw_goods` LIMIT 1   [ RunTime:0.0003s ]
SQL: select * from sw_goods order by goods_id desc limit 16,8 [ RunTime:0.0118s ]
INFO: [ view_parse ] --START--
INFO: Run Behavior\ParseTemplateBehavior [ RunTime:0.004799s ]
INFO: [ view_parse ] --END-- [ RunTime:0.004882s ]
INFO: [ view_filter ] --START--
INFO: Run Behavior\WriteHtmlCacheBehavior [ RunTime:0.000103s ]
INFO: [ view_filter ] --END-- [ RunTime:0.000162s ]
INFO: [ app_end ] --START--
INFO: Run Behavior\ShowPageTraceBehavior [ RunTime:0.000248s ]
INFO: [ app_end ] --END-- [ RunTime:0.000312s ]

[ 2017-05-11T21:43:36+08:00 ] ::1 /shop/index.php/Admin/Goods/showlist/page/4
INFO: [ app_init ] --START--
INFO: Run Behavior\BuildLiteBehavior [ RunTime:0.000029s ]
INFO: [ app_init ] --END-- [ RunTime:0.000380s ]
INFO: [ app_begin ] --START--
INFO: Run Behavior\ReadHtmlCacheBehavior [ RunTime:0.000342s ]
INFO: [ app_begin ] --END-- [ RunTime:0.000419s ]
SQL: SHOW COLUMNS FROM `sw_role` [ RunTime:0.0010s ]
SQL: SELECT * FROM `sw_role` WHERE `role_id` = 0 LIMIT 1   [ RunTime:0.0003s ]
SQL: SHOW COLUMNS FROM `sw_goods` [ RunTime:0.0004s ]
SQL: SELECT COUNT(*) AS tp_count FROM `sw_goods` LIMIT 1   [ RunTime:0.0003s ]
SQL: select * from sw_goods order by goods_id desc limit 24,8 [ RunTime:0.0005s ]
INFO: [ view_parse ] --START--
INFO: Run Behavior\ParseTemplateBehavior [ RunTime:0.004655s ]
INFO: [ view_parse ] --END-- [ RunTime:0.004738s ]
INFO: [ view_filter ] --START--
INFO: Run Behavior\WriteHtmlCacheBehavior [ RunTime:0.000130s ]
INFO: [ view_filter ] --END-- [ RunTime:0.000191s ]
INFO: [ app_end ] --START--
INFO: Run Behavior\ShowPageTraceBehavior [ RunTime:0.000262s ]
INFO: [ app_end ] --END-- [ RunTime:0.000331s ]

[ 2017-05-11T21:43:39+08:00 ] ::1 /shop/index.php/Admin/Goods/showlist
INFO: [ app_init ] --START--
INFO: Run Behavior\BuildLiteBehavior [ RunTime:0.000022s ]
INFO: [ app_init ] --END-- [ RunTime:0.000251s ]
INFO: [ app_begin ] --START--
INFO: Run Behavior\ReadHtmlCacheBehavior [ RunTime:0.000236s ]
INFO: [ app_begin ] --END-- [ RunTime:0.000305s ]
SQL: SHOW COLUMNS FROM `sw_role` [ RunTime:0.0013s ]
SQL: SELECT * FROM `sw_role` WHERE `role_id` = 0 LIMIT 1   [ RunTime:0.0003s ]
SQL: SHOW COLUMNS FROM `sw_goods` [ RunTime:0.0005s ]
SQL: SELECT COUNT(*) AS tp_count FROM `sw_goods` LIMIT 1   [ RunTime:0.0003s ]
NOTIC: [8] Undefined index: page /var/www/shop/Application/Tools/Page.class.php 第 23 行.
SQL: select * from sw_goods order by goods_id desc limit 0,8 [ RunTime:0.0197s ]
INFO: [ view_parse ] --START--
INFO: Run Behavior\ParseTemplateBehavior [ RunTime:0.004738s ]
INFO: [ view_parse ] --END-- [ RunTime:0.004820s ]
INFO: [ view_filter ] --START--
INFO: Run Behavior\WriteHtmlCacheBehavior [ RunTime:0.000112s ]
INFO: [ view_filter ] --END-- [ RunTime:0.000174s ]
INFO: [ app_end ] --START--
INFO: Run Behavior\ShowPageTraceBehavior [ RunTime:0.000265s ]
INFO: [ app_end ] --END-- [ RunTime:0.000331s ]

[ 2017-05-11T21:43:41+08:00 ] ::1 /shop/index.php/Admin/Goods/add
INFO: [ app_init ] --START--
INFO: Run Behavior\BuildLiteBehavior [ RunTime:0.000045s ]
INFO: [ app_init ] --END-- [ RunTime:0.000587s ]
INFO: [ app_begin ] --START--
INFO: Run Behavior\ReadHtmlCacheBehavior [ RunTime:0.000539s ]
INFO: [ app_begin ] --END-- [ RunTime:0.000699s ]
SQL: SHOW COLUMNS FROM `sw_role` [ RunTime:0.0138s ]
SQL: SELECT * FROM `sw_role` WHERE `role_id` = 0 LIMIT 1   [ RunTime:0.0004s ]
SQL: SHOW COLUMNS FROM `sw_goods` [ RunTime:0.0005s ]
INFO: [ view_parse ] --START--
INFO: Run Behavior\ParseTemplateBehavior [ RunTime:0.016498s ]
INFO: [ view_parse ] --END-- [ RunTime:0.016614s ]
INFO: [ view_filter ] --START--
INFO: Run Behavior\WriteHtmlCacheBehavior [ RunTime:0.000149s ]
INFO: [ view_filter ] --END-- [ RunTime:0.000208s ]
INFO: [ app_end ] --START--
INFO: Run Behavior\ShowPageTraceBehavior [ RunTime:0.000268s ]
INFO: [ app_end ] --END-- [ RunTime:0.000329s ]

[ 2017-05-11T21:43:43+08:00 ] ::1 /shop/index.php/Admin/Goods/showlist
INFO: [ app_init ] --START--
INFO: Run Behavior\BuildLiteBehavior [ RunTime:0.000045s ]
INFO: [ app_init ] --END-- [ RunTime:0.000554s ]
INFO: [ app_begin ] --START--
INFO: Run Behavior\ReadHtmlCacheBehavior [ RunTime:0.000574s ]
INFO: [ app_begin ] --END-- [ RunTime:0.000745s ]
SQL: SHOW COLUMNS FROM `sw_role` [ RunTime:0.0014s ]
SQL: SELECT * FROM `sw_role` WHERE `role_id` = 0 LIMIT 1   [ RunTime:0.0004s ]
SQL: SHOW COLUMNS FROM `sw_goods` [ RunTime:0.0005s ]
SQL: SELECT COUNT(*) AS tp_count FROM `sw_goods` LIMIT 1   [ RunTime:0.0003s ]
NOTIC: [8] Undefined index: page /var/www/shop/Application/Tools/Page.class.php 第 23 行.
SQL: select * from sw_goods order by goods_id desc limit 0,8 [ RunTime:0.0004s ]
INFO: [ view_parse ] --START--
INFO: Run Behavior\ParseTemplateBehavior [ RunTime:0.004664s ]
INFO: [ view_parse ] --END-- [ RunTime:0.004741s ]
INFO: [ view_filter ] --START--
INFO: Run Behavior\WriteHtmlCacheBehavior [ RunTime:0.000148s ]
INFO: [ view_filter ] --END-- [ RunTime:0.000208s ]
INFO: [ app_end ] --START--
INFO: Run Behavior\ShowPageTraceBehavior [ RunTime:0.000256s ]
INFO: [ app_end ] --END-- [ RunTime:0.000321s ]

[ 2017-05-11T21:46:00+08:00 ] ::1 /shop/index.php/Admin/Goods/add
INFO: [ app_init ] --START--
INFO: Run Behavior\BuildLiteBehavior [ RunTime:0.000019s ]
INFO: [ app_init ] --END-- [ RunTime:0.000235s ]
INFO: [ app_begin ] --START--
INFO: Run Behavior\ReadHtmlCacheBehavior [ RunTime:0.000219s ]
INFO: [ app_begin ] --END-- [ RunTime:0.000285s ]
SQL: SHOW COLUMNS FROM `sw_role` [ RunTime:0.0033s ]
SQL: SELECT * FROM `sw_role` WHERE `role_id` = 0 LIMIT 1   [ RunTime:0.0011s ]
SQL: SHOW COLUMNS FROM `sw_goods` [ RunTime:0.0005s ]
INFO: [ view_parse ] --START--
INFO: Run Behavior\ParseTemplateBehavior [ RunTime:0.012980s ]
INFO: [ view_parse ] --END-- [ RunTime:0.013092s ]
INFO: [ view_filter ] --START--
INFO: Run Behavior\WriteHtmlCacheBehavior [ RunTime:0.000184s ]
INFO: [ view_filter ] --END-- [ RunTime:0.000265s ]
INFO: [ app_end ] --START--
INFO: Run Behavior\ShowPageTraceBehavior [ RunTime:0.000346s ]
INFO: [ app_end ] --END-- [ RunTime:0.000453s ]

[ 2017-05-11T21:46:14+08:00 ] ::1 /shop/index.php/Admin/Goods/add
INFO: [ app_init ] --START--
INFO: Run Behavior\BuildLiteBehavior [ RunTime:0.000023s ]
INFO: [ app_init ] --END-- [ RunTime:0.000261s ]
INFO: [ app_begin ] --START--
INFO: Run Behavior\ReadHtmlCacheBehavior [ RunTime:0.000315s ]
INFO: [ app_begin ] --END-- [ RunTime:0.000388s ]
SQL: SHOW COLUMNS FROM `sw_role` [ RunTime:0.0130s ]
SQL: SELECT * FROM `sw_role` WHERE `role_id` = 0 LIMIT 1   [ RunTime:0.0003s ]
SQL: SHOW COLUMNS FROM `sw_goods` [ RunTime:0.0004s ]
NOTIC: [2] call_user_func() expects parameter 1 to be a valid callback, no array or string given /var/www/shop/ThinkPHP/Library/Think/Upload.class.php 第 170 行.
SQL: INSERT INTO `sw_goods` (`goods_name`,`goods_price`,`goods_weight`,`goods_number`,`goods_introduce`,`goods_big_img`,`goods_small_img`,`goods_create_time`) VALUES ('fsd','111','12','1','sdsad','Uploads/2017-05-11/59146b264ae76.png','Uploads/2017-05-11/small59146b264ae76.png','1494510374') [ RunTime:0.1719s ]
INFO: [ view_parse ] --START--
INFO: Run Behavior\ParseTemplateBehavior [ RunTime:0.045377s ]
INFO: [ view_parse ] --END-- [ RunTime:0.045642s ]
INFO: [ view_filter ] --START--
INFO: Run Behavior\WriteHtmlCacheBehavior [ RunTime:0.000677s ]
INFO: [ view_filter ] --END-- [ RunTime:0.001012s ]

[ 2017-05-11T21:46:22+08:00 ] ::1 /shop/index.php/Admin/Goods/showlist.html
INFO: [ app_init ] --START--
INFO: Run Behavior\BuildLiteBehavior [ RunTime:0.000033s ]
INFO: [ app_init ] --END-- [ RunTime:0.000502s ]
INFO: [ app_begin ] --START--
INFO: Run Behavior\ReadHtmlCacheBehavior [ RunTime:0.000573s ]
INFO: [ app_begin ] --END-- [ RunTime:0.000711s ]
SQL: SHOW COLUMNS FROM `sw_role` [ RunTime:0.0465s ]
SQL: SELECT * FROM `sw_role` WHERE `role_id` = 0 LIMIT 1   [ RunTime:0.0004s ]
SQL: SHOW COLUMNS FROM `sw_goods` [ RunTime:0.0006s ]
SQL: SELECT COUNT(*) AS tp_count FROM `sw_goods` LIMIT 1   [ RunTime:0.0003s ]
NOTIC: [8] Undefined index: page /var/www/shop/Application/Tools/Page.class.php 第 23 行.
SQL: select * from sw_goods order by goods_id desc limit 0,8 [ RunTime:0.0383s ]
INFO: [ view_parse ] --START--
INFO: Run Behavior\ParseTemplateBehavior [ RunTime:0.085052s ]
INFO: [ view_parse ] --END-- [ RunTime:0.085148s ]
INFO: [ view_filter ] --START--
INFO: Run Behavior\WriteHtmlCacheBehavior [ RunTime:0.000196s ]
INFO: [ view_filter ] --END-- [ RunTime:0.000287s ]
INFO: [ app_end ] --START--
INFO: Run Behavior\ShowPageTraceBehavior [ RunTime:0.000534s ]
INFO: [ app_end ] --END-- [ RunTime:0.000658s ]

[ 2017-05-11T21:46:36+08:00 ] ::1 /shop/index.php/Admin/Goods/showlist.html/page/4
INFO: [ app_init ] --START--
INFO: Run Behavior\BuildLiteBehavior [ RunTime:0.000020s ]
INFO: [ app_init ] --END-- [ RunTime:0.000265s ]
INFO: [ app_begin ] --START--
INFO: Run Behavior\ReadHtmlCacheBehavior [ RunTime:0.000471s ]
INFO: [ app_begin ] --END-- [ RunTime:0.000589s ]
SQL: SHOW COLUMNS FROM `sw_role` [ RunTime:0.0305s ]
SQL: SELECT * FROM `sw_role` WHERE `role_id` = 0 LIMIT 1   [ RunTime:0.0144s ]
ERR: 非法操作:showlist.html

[ 2017-05-11T21:46:57+08:00 ] ::1 /shop/index.php/Admin/Goods/showlist.html/page/3
INFO: [ app_init ] --START--
INFO: Run Behavior\BuildLiteBehavior [ RunTime:0.000029s ]
INFO: [ app_init ] --END-- [ RunTime:0.000350s ]
INFO: [ app_begin ] --START--
INFO: Run Behavior\ReadHtmlCacheBehavior [ RunTime:0.000319s ]
INFO: [ app_begin ] --END-- [ RunTime:0.000413s ]
SQL: SHOW COLUMNS FROM `sw_role` [ RunTime:0.0138s ]
SQL: SELECT * FROM `sw_role` WHERE `role_id` = 0 LIMIT 1   [ RunTime:0.0004s ]
ERR: 非法操作:showlist.html

[ 2017-05-11T21:48:02+08:00 ] ::1 /shop/index.php/Admin/Goods/showlist.html
INFO: [ app_init ] --START--
INFO: Run Behavior\BuildLiteBehavior [ RunTime:0.000032s ]
INFO: [ app_init ] --END-- [ RunTime:0.026568s ]
INFO: [ app_begin ] --START--
INFO: Run Behavior\ReadHtmlCacheBehavior [ RunTime:0.000844s ]
INFO: [ app_begin ] --END-- [ RunTime:0.000952s ]
SQL: SHOW COLUMNS FROM `sw_role` [ RunTime:0.2710s ]
SQL: SELECT * FROM `sw_role` WHERE `role_id` = 0 LIMIT 1   [ RunTime:0.0687s ]
SQL: SHOW COLUMNS FROM `sw_goods` [ RunTime:0.0170s ]
SQL: SELECT COUNT(*) AS tp_count FROM `sw_goods` LIMIT 1   [ RunTime:0.0004s ]
NOTIC: [8] Undefined index: page /var/www/shop/Application/Tools/Page.class.php 第 23 行.
SQL: select * from sw_goods order by goods_id desc limit 0,8 [ RunTime:0.0830s ]
INFO: [ view_parse ] --START--
INFO: Run Behavior\ParseTemplateBehavior [ RunTime:0.187364s ]
INFO: [ view_parse ] --END-- [ RunTime:0.187475s ]
INFO: [ view_filter ] --START--
INFO: Run Behavior\WriteHtmlCacheBehavior [ RunTime:0.010409s ]
INFO: [ view_filter ] --END-- [ RunTime:0.010510s ]
INFO: [ app_end ] --START--
INFO: Run Behavior\ShowPageTraceBehavior [ RunTime:0.100511s ]
INFO: [ app_end ] --END-- [ RunTime:0.100694s ]

[ 2017-05-11T21:48:10+08:00 ] ::1 /shop/index.php/Admin/Goods/showlist.html/page/2
INFO: [ app_init ] --START--
INFO: Run Behavior\BuildLiteBehavior [ RunTime:0.000033s ]
INFO: [ app_init ] --END-- [ RunTime:0.000375s ]
INFO: [ app_begin ] --START--
INFO: Run Behavior\ReadHtmlCacheBehavior [ RunTime:0.000420s ]
INFO: [ app_begin ] --END-- [ RunTime:0.000538s ]
SQL: SHOW COLUMNS FROM `sw_role` [ RunTime:0.0340s ]
SQL: SELECT * FROM `sw_role` WHERE `role_id` = 0 LIMIT 1   [ RunTime:0.0506s ]
ERR: 非法操作:showlist.html

[ 2017-05-11T21:48:29+08:00 ] ::1 /shop/index.php/Admin/Goods/showlist.html/page/2
INFO: [ app_init ] --START--
INFO: Run Behavior\BuildLiteBehavior [ RunTime:0.000029s ]
INFO: [ app_init ] --END-- [ RunTime:0.000303s ]
INFO: [ app_begin ] --START--
INFO: Run Behavior\ReadHtmlCacheBehavior [ RunTime:0.000339s ]
INFO: [ app_begin ] --END-- [ RunTime:0.000413s ]
SQL: SHOW COLUMNS FROM `sw_role` [ RunTime:0.0017s ]
SQL: SELECT * FROM `sw_role` WHERE `role_id` = 0 LIMIT 1   [ RunTime:0.0003s ]
ERR: 非法操作:showlist.html

[ 2017-05-11T21:52:08+08:00 ] ::1 /shop/index.php/Admin/Goods/showlist/page/2.html
INFO: [ app_init ] --START--
INFO: Run Behavior\BuildLiteBehavior [ RunTime:0.000023s ]
INFO: [ app_init ] --END-- [ RunTime:0.000266s ]
INFO: [ app_begin ] --START--
INFO: Run Behavior\ReadHtmlCacheBehavior [ RunTime:0.000233s ]
INFO: [ app_begin ] --END-- [ RunTime:0.000300s ]
SQL: SHOW COLUMNS FROM `sw_role` [ RunTime:0.0005s ]
SQL: SELECT * FROM `sw_role` WHERE `role_id` = 0 LIMIT 1   [ RunTime:0.0003s ]
SQL: SHOW COLUMNS FROM `sw_goods` [ RunTime:0.0005s ]
SQL: SELECT COUNT(*) AS tp_count FROM `sw_goods` LIMIT 1   [ RunTime:0.0708s ]

[ 2017-05-11T21:52:08+08:00 ] ::1 /shop/index.php/Admin/Goods/showlist/page/2.html
INFO: [ app_init ] --START--
INFO: Run Behavior\BuildLiteBehavior [ RunTime:0.000025s ]
INFO: [ app_init ] --END-- [ RunTime:0.000273s ]
INFO: [ app_begin ] --START--
INFO: Run Behavior\ReadHtmlCacheBehavior [ RunTime:0.000359s ]
INFO: [ app_begin ] --END-- [ RunTime:0.000450s ]
SQL: SHOW COLUMNS FROM `sw_role` [ RunTime:0.0501s ]
SQL: SELECT * FROM `sw_role` WHERE `role_id` = 0 LIMIT 1   [ RunTime:0.0003s ]
SQL: SHOW COLUMNS FROM `sw_goods` [ RunTime:0.0005s ]
SQL: SELECT COUNT(*) AS tp_count FROM `sw_goods` LIMIT 1   [ RunTime:0.0285s ]
SQL: select * from sw_goods order by goods_id desc limit 8,8 [ RunTime:0.0121s ]
INFO: [ view_parse ] --START--
INFO: Run Behavior\ParseTemplateBehavior [ RunTime:0.078082s ]
INFO: [ view_parse ] --END-- [ RunTime:0.078190s ]
INFO: [ view_filter ] --START--
INFO: Run Behavior\WriteHtmlCacheBehavior [ RunTime:0.000196s ]
INFO: [ view_filter ] --END-- [ RunTime:0.000266s ]
INFO: [ app_end ] --START--
INFO: Run Behavior\ShowPageTraceBehavior [ RunTime:0.000331s ]
INFO: [ app_end ] --END-- [ RunTime:0.000401s ]

[ 2017-05-11T21:55:27+08:00 ] ::1 /shop/index.php/Admin/Goods/showlist.html
INFO: [ app_init ] --START--
INFO: Run Behavior\BuildLiteBehavior [ RunTime:0.000023s ]
INFO: [ app_init ] --END-- [ RunTime:0.000299s ]
INFO: [ app_begin ] --START--
INFO: Run Behavior\ReadHtmlCacheBehavior [ RunTime:0.000446s ]
INFO: [ app_begin ] --END-- [ RunTime:0.000558s ]
SQL: SHOW COLUMNS FROM `sw_role` [ RunTime:0.0012s ]
SQL: SELECT * FROM `sw_role` WHERE `role_id` = 0 LIMIT 1   [ RunTime:0.0202s ]
SQL: SHOW COLUMNS FROM `sw_goods` [ RunTime:0.0007s ]
SQL: SELECT COUNT(*) AS tp_count FROM `sw_goods` LIMIT 1   [ RunTime:0.0003s ]
NOTIC: [8] Undefined index: page /var/www/shop/Application/Tools/Page.class.php 第 23 行.
SQL: select * from sw_goods order by goods_id desc limit 0,8 [ RunTime:0.0536s ]
INFO: [ view_parse ] --START--
INFO: Run Behavior\ParseTemplateBehavior [ RunTime:0.051392s ]
INFO: [ view_parse ] --END-- [ RunTime:0.051580s ]
INFO: [ view_filter ] --START--
INFO: Run Behavior\WriteHtmlCacheBehavior [ RunTime:0.000146s ]
INFO: [ view_filter ] --END-- [ RunTime:0.000225s ]
INFO: [ app_end ] --START--
INFO: Run Behavior\ShowPageTraceBehavior [ RunTime:0.000289s ]
INFO: [ app_end ] --END-- [ RunTime:0.000359s ]

[ 2017-05-11T21:56:16+08:00 ] ::1 /shop/index.php/Admin/Goods/showlist.html
INFO: [ app_init ] --START--
INFO: Run Behavior\BuildLiteBehavior [ RunTime:0.000021s ]
INFO: [ app_init ] --END-- [ RunTime:0.000246s ]
INFO: [ app_begin ] --START--
INFO: Run Behavior\ReadHtmlCacheBehavior [ RunTime:0.000271s ]
INFO: [ app_begin ] --END-- [ RunTime:0.000338s ]
SQL: SHOW COLUMNS FROM `sw_role` [ RunTime:0.0006s ]
SQL: SELECT * FROM `sw_role` WHERE `role_id` = 0 LIMIT 1   [ RunTime:0.0003s ]
SQL: SHOW COLUMNS FROM `sw_goods` [ RunTime:0.0005s ]
SQL: SELECT COUNT(*) AS tp_count FROM `sw_goods` LIMIT 1   [ RunTime:0.0003s ]
NOTIC: [8] Undefined index: page /var/www/shop/Application/Tools/Page.class.php 第 23 行.

[ 2017-05-11T22:04:06+08:00 ] ::1 /shop/index.php/Admin/Goods/showlist.html
INFO: [ app_init ] --START--
INFO: Run Behavior\BuildLiteBehavior [ RunTime:0.000022s ]
INFO: [ app_init ] --END-- [ RunTime:0.000278s ]
INFO: [ app_begin ] --START--
INFO: Run Behavior\ReadHtmlCacheBehavior [ RunTime:0.000226s ]
INFO: [ app_begin ] --END-- [ RunTime:0.000293s ]
SQL: SHOW COLUMNS FROM `sw_role` [ RunTime:0.0048s ]
SQL: SELECT * FROM `sw_role` WHERE `role_id` = 0 LIMIT 1   [ RunTime:0.0003s ]
SQL: SHOW COLUMNS FROM `sw_goods` [ RunTime:0.0005s ]
SQL: SELECT COUNT(*) AS tp_count FROM `sw_goods` LIMIT 1   [ RunTime:0.0003s ]
NOTIC: [8] Undefined index: page /var/www/shop/Application/Tools/Page.class.php 第 23 行.
SQL: select * from sw_goods order by goods_id desc limit 0,8 [ RunTime:0.0005s ]
INFO: [ view_parse ] --START--
INFO: Run Behavior\ParseTemplateBehavior [ RunTime:0.020659s ]
INFO: [ view_parse ] --END-- [ RunTime:0.020745s ]
INFO: [ view_filter ] --START--
INFO: Run Behavior\WriteHtmlCacheBehavior [ RunTime:0.000108s ]
INFO: [ view_filter ] --END-- [ RunTime:0.000169s ]
INFO: [ app_end ] --START--
INFO: Run Behavior\ShowPageTraceBehavior [ RunTime:0.000310s ]
INFO: [ app_end ] --END-- [ RunTime:0.000377s ]

[ 2017-05-11T22:04:11+08:00 ] ::1 /shop/index.php/Admin/Goods/showlist/page/3
INFO: [ app_init ] --START--
INFO: Run Behavior\BuildLiteBehavior [ RunTime:0.000039s ]
INFO: [ app_init ] --END-- [ RunTime:0.001086s ]
INFO: [ app_begin ] --START--
INFO: Run Behavior\ReadHtmlCacheBehavior [ RunTime:0.000351s ]
INFO: [ app_begin ] --END-- [ RunTime:0.000485s ]
SQL: SHOW COLUMNS FROM `sw_role` [ RunTime:0.0029s ]
SQL: SELECT * FROM `sw_role` WHERE `role_id` = 0 LIMIT 1   [ RunTime:0.0003s ]
SQL: SHOW COLUMNS FROM `sw_goods` [ RunTime:0.0005s ]
SQL: SELECT COUNT(*) AS tp_count FROM `sw_goods` LIMIT 1   [ RunTime:0.0003s ]
SQL: select * from sw_goods order by goods_id desc limit 16,8 [ RunTime:0.0004s ]
INFO: [ view_parse ] --START--
INFO: Run Behavior\ParseTemplateBehavior [ RunTime:0.008094s ]
INFO: [ view_parse ] --END-- [ RunTime:0.008212s ]
INFO: [ view_filter ] --START--
INFO: Run Behavior\WriteHtmlCacheBehavior [ RunTime:0.000169s ]
INFO: [ view_filter ] --END-- [ RunTime:0.000256s ]
INFO: [ app_end ] --START--
INFO: Run Behavior\ShowPageTraceBehavior [ RunTime:0.000378s ]
INFO: [ app_end ] --END-- [ RunTime:0.000504s ]

[ 2017-05-11T22:04:14+08:00 ] ::1 /shop/index.php/Admin/Goods/showlist/page/4
INFO: [ app_init ] --START--
INFO: Run Behavior\BuildLiteBehavior [ RunTime:0.000023s ]
INFO: [ app_init ] --END-- [ RunTime:0.000320s ]
INFO: [ app_begin ] --START--
INFO: Run Behavior\ReadHtmlCacheBehavior [ RunTime:0.000227s ]
INFO: [ app_begin ] --END-- [ RunTime:0.000316s ]
SQL: SHOW COLUMNS FROM `sw_role` [ RunTime:0.0186s ]
SQL: SELECT * FROM `sw_role` WHERE `role_id` = 0 LIMIT 1   [ RunTime:0.0003s ]
SQL: SHOW COLUMNS FROM `sw_goods` [ RunTime:0.0005s ]
SQL: SELECT COUNT(*) AS tp_count FROM `sw_goods` LIMIT 1   [ RunTime:0.0004s ]
SQL: select * from sw_goods order by goods_id desc limit 24,8 [ RunTime:0.0003s ]
INFO: [ view_parse ] --START--
INFO: Run Behavior\ParseTemplateBehavior [ RunTime:0.004717s ]
INFO: [ view_parse ] --END-- [ RunTime:0.004793s ]
INFO: [ view_filter ] --START--
INFO: Run Behavior\WriteHtmlCacheBehavior [ RunTime:0.000135s ]
INFO: [ view_filter ] --END-- [ RunTime:0.000198s ]
INFO: [ app_end ] --START--
INFO: Run Behavior\ShowPageTraceBehavior [ RunTime:0.000262s ]
INFO: [ app_end ] --END-- [ RunTime:0.000330s ]

[ 2017-05-11T22:04:17+08:00 ] ::1 /shop/index.php/Admin/Goods/showlist/page/5
INFO: [ app_init ] --START--
INFO: Run Behavior\BuildLiteBehavior [ RunTime:0.000027s ]
INFO: [ app_init ] --END-- [ RunTime:0.000289s ]
INFO: [ app_begin ] --START--
INFO: Run Behavior\ReadHtmlCacheBehavior [ RunTime:0.000249s ]
INFO: [ app_begin ] --END-- [ RunTime:0.000318s ]
SQL: SHOW COLUMNS FROM `sw_role` [ RunTime:0.0006s ]
SQL: SELECT * FROM `sw_role` WHERE `role_id` = 0 LIMIT 1   [ RunTime:0.0003s ]
SQL: SHOW COLUMNS FROM `sw_goods` [ RunTime:0.0003s ]
SQL: SELECT COUNT(*) AS tp_count FROM `sw_goods` LIMIT 1   [ RunTime:0.0002s ]
SQL: select * from sw_goods order by goods_id desc limit 32,8 [ RunTime:0.0002s ]
INFO: [ view_parse ] --START--
INFO: Run Behavior\ParseTemplateBehavior [ RunTime:0.004720s ]
INFO: [ view_parse ] --END-- [ RunTime:0.004802s ]
INFO: [ view_filter ] --START--
INFO: Run Behavior\WriteHtmlCacheBehavior [ RunTime:0.000168s ]
INFO: [ view_filter ] --END-- [ RunTime:0.000229s ]
INFO: [ app_end ] --START--
INFO: Run Behavior\ShowPageTraceBehavior [ RunTime:0.000278s ]
INFO: [ app_end ] --END-- [ RunTime:0.000353s ]

[ 2017-05-11T22:04:20+08:00 ] ::1 /shop/index.php/Admin/Goods/showlist/page/6
INFO: [ app_init ] --START--
INFO: Run Behavior\BuildLiteBehavior [ RunTime:0.000020s ]
INFO: [ app_init ] --END-- [ RunTime:0.000243s ]
INFO: [ app_begin ] --START--
INFO: Run Behavior\ReadHtmlCacheBehavior [ RunTime:0.000231s ]
INFO: [ app_begin ] --END-- [ RunTime:0.000309s ]
SQL: SHOW COLUMNS FROM `sw_role` [ RunTime:0.0013s ]
SQL: SELECT * FROM `sw_role` WHERE `role_id` = 0 LIMIT 1   [ RunTime:0.0003s ]
SQL: SHOW COLUMNS FROM `sw_goods` [ RunTime:0.0005s ]
SQL: SELECT COUNT(*) AS tp_count FROM `sw_goods` LIMIT 1   [ RunTime:0.0003s ]
SQL: select * from sw_goods order by goods_id desc limit 40,8 [ RunTime:0.0186s ]
INFO: [ view_parse ] --START--
INFO: Run Behavior\ParseTemplateBehavior [ RunTime:0.005321s ]
INFO: [ view_parse ] --END-- [ RunTime:0.005414s ]
INFO: [ view_filter ] --START--
INFO: Run Behavior\WriteHtmlCacheBehavior [ RunTime:0.000163s ]
INFO: [ view_filter ] --END-- [ RunTime:0.000222s ]
INFO: [ app_end ] --START--
INFO: Run Behavior\ShowPageTraceBehavior [ RunTime:0.000274s ]
INFO: [ app_end ] --END-- [ RunTime:0.000340s ]

[ 2017-05-11T22:04:33+08:00 ] ::1 /shop/index.php/Admin/Index/index.html
INFO: [ app_init ] --START--
INFO: Run Behavior\BuildLiteBehavior [ RunTime:0.000020s ]
INFO: [ app_init ] --END-- [ RunTime:0.000266s ]
INFO: [ app_begin ] --START--
INFO: Run Behavior\ReadHtmlCacheBehavior [ RunTime:0.000222s ]
INFO: [ app_begin ] --END-- [ RunTime:0.000313s ]
SQL: SHOW COLUMNS FROM `sw_role` [ RunTime:0.0009s ]
SQL: SELECT * FROM `sw_role` WHERE `role_id` = 0 LIMIT 1   [ RunTime:0.0003s ]
INFO: [ view_parse ] --START--
NOTIC: [2] filemtime(): stat failed for ./Application/Runtime/Cache/4f792800509c431f526ac5af2d2aacc5f4365bcf.file.index.html.php /var/www/shop/ThinkPHP/Library/Vendor/Smarty/sysplugins/smarty_resource.php 第 683 行.
NOTIC: [2] unlink(./Application/Runtime/Cache/4f792800509c431f526ac5af2d2aacc5f4365bcf.file.index.html.php): No such file or directory /var/www/shop/ThinkPHP/Library/Vendor/Smarty/sysplugins/smarty_internal_write_file.php 第 49 行.
INFO: Run Behavior\ParseTemplateBehavior [ RunTime:1.032215s ]
INFO: [ view_parse ] --END-- [ RunTime:1.032405s ]
INFO: [ view_filter ] --START--
INFO: Run Behavior\WriteHtmlCacheBehavior [ RunTime:0.000338s ]
INFO: [ view_filter ] --END-- [ RunTime:0.000524s ]
INFO: [ app_end ] --START--
INFO: Run Behavior\ShowPageTraceBehavior [ RunTime:0.000807s ]
INFO: [ app_end ] --END-- [ RunTime:0.001010s ]

[ 2017-05-11T22:04:33+08:00 ] ::1 /shop/index.php/Admin/Index/head
INFO: [ app_init ] --START--
INFO: Run Behavior\BuildLiteBehavior [ RunTime:0.000021s ]
INFO: [ app_init ] --END-- [ RunTime:0.000244s ]
INFO: [ app_begin ] --START--
INFO: Run Behavior\ReadHtmlCacheBehavior [ RunTime:0.000266s ]
INFO: [ app_begin ] --END-- [ RunTime:0.000334s ]
SQL: SHOW COLUMNS FROM `sw_role` [ RunTime:0.0058s ]
SQL: SELECT * FROM `sw_role` WHERE `role_id` = 0 LIMIT 1   [ RunTime:0.0002s ]
INFO: [ view_parse ] --START--
NOTIC: [2] filemtime(): stat failed for ./Application/Runtime/Cache/f023ae8aa7fc211f18a3f2a3320f99892a6de22f.file.head.html.php /var/www/shop/ThinkPHP/Library/Vendor/Smarty/sysplugins/smarty_resource.php 第 683 行.
NOTIC: [2] unlink(./Application/Runtime/Cache/f023ae8aa7fc211f18a3f2a3320f99892a6de22f.file.head.html.php): No such file or directory /var/www/shop/ThinkPHP/Library/Vendor/Smarty/sysplugins/smarty_internal_write_file.php 第 49 行.
INFO: Run Behavior\ParseTemplateBehavior [ RunTime:0.036127s ]
INFO: [ view_parse ] --END-- [ RunTime:0.036204s ]
INFO: [ view_filter ] --START--
INFO: Run Behavior\WriteHtmlCacheBehavior [ RunTime:0.000129s ]
INFO: [ view_filter ] --END-- [ RunTime:0.000190s ]
INFO: [ app_end ] --START--
INFO: Run Behavior\ShowPageTraceBehavior [ RunTime:0.000279s ]
INFO: [ app_end ] --END-- [ RunTime:0.000341s ]

[ 2017-05-11T22:04:34+08:00 ] ::1 /shop/index.php/Admin/Index/left.html
INFO: [ app_init ] --START--
INFO: Run Behavior\BuildLiteBehavior [ RunTime:0.000023s ]
INFO: [ app_init ] --END-- [ RunTime:0.000272s ]
INFO: [ app_begin ] --START--
INFO: Run Behavior\ReadHtmlCacheBehavior [ RunTime:0.000268s ]
INFO: [ app_begin ] --END-- [ RunTime:0.000342s ]
SQL: SHOW COLUMNS FROM `sw_role` [ RunTime:0.0006s ]
SQL: SELECT * FROM `sw_role` WHERE `role_id` = 0 LIMIT 1   [ RunTime:0.0005s ]
SQL: SHOW COLUMNS FROM `sw_auth` [ RunTime:0.0004s ]
SQL: SELECT * FROM `sw_auth` ORDER BY auth_path,auth_level  [ RunTime:0.1101s ]
INFO: [ view_parse ] --START--
NOTIC: [2] filemtime(): stat failed for ./Application/Runtime/Cache/0244481f95d719fcfc5a85ad467f0455e6a0bea1.file.left.html.php /var/www/shop/ThinkPHP/Library/Vendor/Smarty/sysplugins/smarty_resource.php 第 683 行.
NOTIC: [2] unlink(./Application/Runtime/Cache/0244481f95d719fcfc5a85ad467f0455e6a0bea1.file.left.html.php): No such file or directory /var/www/shop/ThinkPHP/Library/Vendor/Smarty/sysplugins/smarty_internal_write_file.php 第 49 行.
INFO: Run Behavior\ParseTemplateBehavior [ RunTime:0.302588s ]
INFO: [ view_parse ] --END-- [ RunTime:0.302694s ]
INFO: [ view_filter ] --START--
INFO: Run Behavior\WriteHtmlCacheBehavior [ RunTime:0.000246s ]
INFO: [ view_filter ] --END-- [ RunTime:0.000334s ]
INFO: [ app_end ] --START--
INFO: Run Behavior\ShowPageTraceBehavior [ RunTime:0.000283s ]
INFO: [ app_end ] --END-- [ RunTime:0.000347s ]

[ 2017-05-11T22:04:34+08:00 ] ::1 /shop/index.php/Admin/Index/right.html
INFO: [ app_init ] --START--
INFO: Run Behavior\BuildLiteBehavior [ RunTime:0.000021s ]
INFO: [ app_init ] --END-- [ RunTime:0.000253s ]
INFO: [ app_begin ] --START--
INFO: Run Behavior\ReadHtmlCacheBehavior [ RunTime:0.000230s ]
INFO: [ app_begin ] --END-- [ RunTime:0.000299s ]
SQL: SHOW COLUMNS FROM `sw_role` [ RunTime:0.0093s ]
SQL: SELECT * FROM `sw_role` WHERE `role_id` = 0 LIMIT 1   [ RunTime:0.0003s ]
INFO: [ view_parse ] --START--
NOTIC: [2] filemtime(): stat failed for ./Application/Runtime/Cache/7a6332526784111d9305501c9f70a571d6eceeee.file.right.html.php /var/www/shop/ThinkPHP/Library/Vendor/Smarty/sysplugins/smarty_resource.php 第 683 行.
NOTIC: [2] unlink(./Application/Runtime/Cache/7a6332526784111d9305501c9f70a571d6eceeee.file.right.html.php): No such file or directory /var/www/shop/ThinkPHP/Library/Vendor/Smarty/sysplugins/smarty_internal_write_file.php 第 49 行.
INFO: Run Behavior\ParseTemplateBehavior [ RunTime:0.059379s ]
INFO: [ view_parse ] --END-- [ RunTime:0.059463s ]
INFO: [ view_filter ] --START--
INFO: Run Behavior\WriteHtmlCacheBehavior [ RunTime:0.000142s ]
INFO: [ view_filter ] --END-- [ RunTime:0.000202s ]
INFO: [ app_end ] --START--
INFO: Run Behavior\ShowPageTraceBehavior [ RunTime:0.000374s ]
INFO: [ app_end ] --END-- [ RunTime:0.000443s ]

[ 2017-05-11T22:04:46+08:00 ] ::1 /shop/index.php/Admin/Goods/showlist.html
INFO: [ app_init ] --START--
INFO: Run Behavior\BuildLiteBehavior [ RunTime:0.000020s ]
INFO: [ app_init ] --END-- [ RunTime:0.000239s ]
INFO: [ app_begin ] --START--
INFO: Run Behavior\ReadHtmlCacheBehavior [ RunTime:0.000244s ]
INFO: [ app_begin ] --END-- [ RunTime:0.000314s ]
SQL: SHOW COLUMNS FROM `sw_role` [ RunTime:0.0025s ]
SQL: SELECT * FROM `sw_role` WHERE `role_id` = 0 LIMIT 1   [ RunTime:0.0003s ]
SQL: SHOW COLUMNS FROM `sw_goods` [ RunTime:0.0005s ]
SQL: SELECT COUNT(*) AS tp_count FROM `sw_goods` LIMIT 1   [ RunTime:0.0002s ]
NOTIC: [8] Undefined index: page /var/www/shop/Application/Tools/Page.class.php 第 23 行.
SQL: select * from sw_goods order by goods_id desc limit 0,8 [ RunTime:0.0132s ]
INFO: [ view_parse ] --START--
INFO: Run Behavior\ParseTemplateBehavior [ RunTime:0.005130s ]
INFO: [ view_parse ] --END-- [ RunTime:0.005213s ]
INFO: [ view_filter ] --START--
INFO: Run Behavior\WriteHtmlCacheBehavior [ RunTime:0.000106s ]
INFO: [ view_filter ] --END-- [ RunTime:0.000167s ]
INFO: [ app_end ] --START--
INFO: Run Behavior\ShowPageTraceBehavior [ RunTime:0.000260s ]
INFO: [ app_end ] --END-- [ RunTime:0.000327s ]

[ 2017-05-11T22:04:49+08:00 ] ::1 /shop/index.php/Admin/Goods/showlist/page/2
INFO: [ app_init ] --START--
INFO: Run Behavior\BuildLiteBehavior [ RunTime:0.000018s ]
INFO: [ app_init ] --END-- [ RunTime:0.000226s ]
INFO: [ app_begin ] --START--
INFO: Run Behavior\ReadHtmlCacheBehavior [ RunTime:0.000219s ]
INFO: [ app_begin ] --END-- [ RunTime:0.000285s ]
SQL: SHOW COLUMNS FROM `sw_role` [ RunTime:0.0010s ]
SQL: SELECT * FROM `sw_role` WHERE `role_id` = 0 LIMIT 1   [ RunTime:0.0003s ]
SQL: SHOW COLUMNS FROM `sw_goods` [ RunTime:0.0004s ]
SQL: SELECT COUNT(*) AS tp_count FROM `sw_goods` LIMIT 1   [ RunTime:0.0003s ]
SQL: select * from sw_goods order by goods_id desc limit 8,8 [ RunTime:0.0096s ]
INFO: [ view_parse ] --START--
INFO: Run Behavior\ParseTemplateBehavior [ RunTime:0.005062s ]
INFO: [ view_parse ] --END-- [ RunTime:0.005142s ]
INFO: [ view_filter ] --START--
INFO: Run Behavior\WriteHtmlCacheBehavior [ RunTime:0.000144s ]
INFO: [ view_filter ] --END-- [ RunTime:0.000204s ]
INFO: [ app_end ] --START--
INFO: Run Behavior\ShowPageTraceBehavior [ RunTime:0.000261s ]
INFO: [ app_end ] --END-- [ RunTime:0.000327s ]

[ 2017-05-11T22:04:55+08:00 ] ::1 /shop/index.php/Admin/Goods/delete/goods_id/140
INFO: [ app_init ] --START--
INFO: Run Behavior\BuildLiteBehavior [ RunTime:0.000022s ]
INFO: [ app_init ] --END-- [ RunTime:0.000241s ]
INFO: [ app_begin ] --START--
INFO: Run Behavior\ReadHtmlCacheBehavior [ RunTime:0.000248s ]
INFO: [ app_begin ] --END-- [ RunTime:0.000316s ]
SQL: SHOW COLUMNS FROM `sw_role` [ RunTime:0.0008s ]
SQL: SELECT * FROM `sw_role` WHERE `role_id` = 0 LIMIT 1   [ RunTime:0.0002s ]
SQL: delete from sw_goods where goods_id=140 [ RunTime:0.2821s ]

[ 2017-05-11T22:04:56+08:00 ] ::1 /shop/index.php/Admin/Goods/showlist.html
INFO: [ app_init ] --START--
INFO: Run Behavior\BuildLiteBehavior [ RunTime:0.000023s ]
INFO: [ app_init ] --END-- [ RunTime:0.000263s ]
INFO: [ app_begin ] --START--
INFO: Run Behavior\ReadHtmlCacheBehavior [ RunTime:0.000274s ]
INFO: [ app_begin ] --END-- [ RunTime:0.000362s ]
SQL: SHOW COLUMNS FROM `sw_role` [ RunTime:0.0009s ]
SQL: SELECT * FROM `sw_role` WHERE `role_id` = 0 LIMIT 1   [ RunTime:0.0004s ]
SQL: SHOW COLUMNS FROM `sw_goods` [ RunTime:0.0005s ]
SQL: SELECT COUNT(*) AS tp_count FROM `sw_goods` LIMIT 1   [ RunTime:0.0002s ]
NOTIC: [8] Undefined index: page /var/www/shop/Application/Tools/Page.class.php 第 23 行.
SQL: select * from sw_goods order by goods_id desc limit 0,8 [ RunTime:0.0003s ]
INFO: [ view_parse ] --START--
INFO: Run Behavior\ParseTemplateBehavior [ RunTime:0.014455s ]
INFO: [ view_parse ] --END-- [ RunTime:0.014548s ]
INFO: [ view_filter ] --START--
INFO: Run Behavior\WriteHtmlCacheBehavior [ RunTime:0.000122s ]
INFO: [ view_filter ] --END-- [ RunTime:0.000265s ]
INFO: [ app_end ] --START--
INFO: Run Behavior\ShowPageTraceBehavior [ RunTime:0.000288s ]
INFO: [ app_end ] --END-- [ RunTime:0.000352s ]

[ 2017-05-11T22:05:00+08:00 ] ::1 /shop/index.php/Admin/Goods/delete/goods_id/142
INFO: [ app_init ] --START--
INFO: Run Behavior\BuildLiteBehavior [ RunTime:0.000033s ]
INFO: [ app_init ] --END-- [ RunTime:0.000424s ]
INFO: [ app_begin ] --START--
INFO: Run Behavior\ReadHtmlCacheBehavior [ RunTime:0.000455s ]
INFO: [ app_begin ] --END-- [ RunTime:0.000562s ]
SQL: SHOW COLUMNS FROM `sw_role` [ RunTime:0.0196s ]
SQL: SELECT * FROM `sw_role` WHERE `role_id` = 0 LIMIT 1   [ RunTime:0.0003s ]
SQL: delete from sw_goods where goods_id=142 [ RunTime:0.0120s ]

[ 2017-05-11T22:05:01+08:00 ] ::1 /shop/index.php/Admin/Goods/showlist.html
INFO: [ app_init ] --START--
INFO: Run Behavior\BuildLiteBehavior [ RunTime:0.000023s ]
INFO: [ app_init ] --END-- [ RunTime:0.000311s ]
INFO: [ app_begin ] --START--
INFO: Run Behavior\ReadHtmlCacheBehavior [ RunTime:0.000228s ]
INFO: [ app_begin ] --END-- [ RunTime:0.000293s ]
SQL: SHOW COLUMNS FROM `sw_role` [ RunTime:0.0010s ]
SQL: SELECT * FROM `sw_role` WHERE `role_id` = 0 LIMIT 1   [ RunTime:0.0003s ]
SQL: SHOW COLUMNS FROM `sw_goods` [ RunTime:0.0006s ]
SQL: SELECT COUNT(*) AS tp_count FROM `sw_goods` LIMIT 1   [ RunTime:0.0004s ]
NOTIC: [8] Undefined index: page /var/www/shop/Application/Tools/Page.class.php 第 23 行.
SQL: select * from sw_goods order by goods_id desc limit 0,8 [ RunTime:0.0110s ]
INFO: [ view_parse ] --START--
INFO: Run Behavior\ParseTemplateBehavior [ RunTime:0.005109s ]
INFO: [ view_parse ] --END-- [ RunTime:0.005205s ]
INFO: [ view_filter ] --START--
INFO: Run Behavior\WriteHtmlCacheBehavior [ RunTime:0.000131s ]
INFO: [ view_filter ] --END-- [ RunTime:0.000192s ]
INFO: [ app_end ] --START--
INFO: Run Behavior\ShowPageTraceBehavior [ RunTime:0.000295s ]
INFO: [ app_end ] --END-- [ RunTime:0.000410s ]

[ 2017-05-11T22:05:04+08:00 ] ::1 /shop/index.php/Admin/Goods/delete/goods_id/141
INFO: [ app_init ] --START--
INFO: Run Behavior\BuildLiteBehavior [ RunTime:0.000046s ]
INFO: [ app_init ] --END-- [ RunTime:0.000578s ]
INFO: [ app_begin ] --START--
INFO: Run Behavior\ReadHtmlCacheBehavior [ RunTime:0.000529s ]
INFO: [ app_begin ] --END-- [ RunTime:0.000678s ]
SQL: SHOW COLUMNS FROM `sw_role` [ RunTime:0.0005s ]
SQL: SELECT * FROM `sw_role` WHERE `role_id` = 0 LIMIT 1   [ RunTime:0.0002s ]
SQL: delete from sw_goods where goods_id=141 [ RunTime:0.0182s ]

[ 2017-05-11T22:05:05+08:00 ] ::1 /shop/index.php/Admin/Goods/showlist.html
INFO: [ app_init ] --START--
INFO: Run Behavior\BuildLiteBehavior [ RunTime:0.000019s ]
INFO: [ app_init ] --END-- [ RunTime:0.000225s ]
INFO: [ app_begin ] --START--
INFO: Run Behavior\ReadHtmlCacheBehavior [ RunTime:0.000220s ]
INFO: [ app_begin ] --END-- [ RunTime:0.000287s ]
SQL: SHOW COLUMNS FROM `sw_role` [ RunTime:0.0005s ]
SQL: SELECT * FROM `sw_role` WHERE `role_id` = 0 LIMIT 1   [ RunTime:0.0003s ]
SQL: SHOW COLUMNS FROM `sw_goods` [ RunTime:0.0005s ]
SQL: SELECT COUNT(*) AS tp_count FROM `sw_goods` LIMIT 1   [ RunTime:0.0003s ]
NOTIC: [8] Undefined index: page /var/www/shop/Application/Tools/Page.class.php 第 23 行.
SQL: select * from sw_goods order by goods_id desc limit 0,8 [ RunTime:0.0003s ]
INFO: [ view_parse ] --START--
INFO: Run Behavior\ParseTemplateBehavior [ RunTime:0.005148s ]
INFO: [ view_parse ] --END-- [ RunTime:0.005228s ]
INFO: [ view_filter ] --START--
INFO: Run Behavior\WriteHtmlCacheBehavior [ RunTime:0.000111s ]
INFO: [ view_filter ] --END-- [ RunTime:0.000172s ]
INFO: [ app_end ] --START--
INFO: Run Behavior\ShowPageTraceBehavior [ RunTime:0.000273s ]
INFO: [ app_end ] --END-- [ RunTime:0.000342s ]

[ 2017-05-11T22:05:08+08:00 ] ::1 /shop/index.php/Admin/Goods/delete/goods_id/139
INFO: [ app_init ] --START--
INFO: Run Behavior\BuildLiteBehavior [ RunTime:0.000062s ]
INFO: [ app_init ] --END-- [ RunTime:0.000290s ]
INFO: [ app_begin ] --START--
INFO: Run Behavior\ReadHtmlCacheBehavior [ RunTime:0.000232s ]
INFO: [ app_begin ] --END-- [ RunTime:0.000297s ]
SQL: SHOW COLUMNS FROM `sw_role` [ RunTime:0.0571s ]
SQL: SELECT * FROM `sw_role` WHERE `role_id` = 0 LIMIT 1   [ RunTime:0.0003s ]
SQL: delete from sw_goods where goods_id=139 [ RunTime:0.0288s ]

[ 2017-05-11T22:05:10+08:00 ] ::1 /shop/index.php/Admin/Goods/showlist.html
INFO: [ app_init ] --START--
INFO: Run Behavior\BuildLiteBehavior [ RunTime:0.000030s ]
INFO: [ app_init ] --END-- [ RunTime:0.000393s ]
INFO: [ app_begin ] --START--
INFO: Run Behavior\ReadHtmlCacheBehavior [ RunTime:0.000410s ]
INFO: [ app_begin ] --END-- [ RunTime:0.000511s ]
SQL: SHOW COLUMNS FROM `sw_role` [ RunTime:0.0732s ]
SQL: SELECT * FROM `sw_role` WHERE `role_id` = 0 LIMIT 1   [ RunTime:0.0012s ]
SQL: SHOW COLUMNS FROM `sw_goods` [ RunTime:0.0006s ]
SQL: SELECT COUNT(*) AS tp_count FROM `sw_goods` LIMIT 1   [ RunTime:0.0007s ]
NOTIC: [8] Undefined index: page /var/www/shop/Application/Tools/Page.class.php 第 23 行.
SQL: select * from sw_goods order by goods_id desc limit 0,8 [ RunTime:0.0208s ]
INFO: [ view_parse ] --START--
INFO: Run Behavior\ParseTemplateBehavior [ RunTime:0.004839s ]
INFO: [ view_parse ] --END-- [ RunTime:0.004925s ]
INFO: [ view_filter ] --START--
INFO: Run Behavior\WriteHtmlCacheBehavior [ RunTime:0.000105s ]
INFO: [ view_filter ] --END-- [ RunTime:0.000166s ]
INFO: [ app_end ] --START--
INFO: Run Behavior\ShowPageTraceBehavior [ RunTime:0.000279s ]
INFO: [ app_end ] --END-- [ RunTime:0.000347s ]

[ 2017-05-11T22:05:15+08:00 ] ::1 /shop/index.php/Admin/Goods/delete/goods_id/228
INFO: [ app_init ] --START--
INFO: Run Behavior\BuildLiteBehavior [ RunTime:0.000030s ]
INFO: [ app_init ] --END-- [ RunTime:0.000411s ]
INFO: [ app_begin ] --START--
INFO: Run Behavior\ReadHtmlCacheBehavior [ RunTime:0.000398s ]
INFO: [ app_begin ] --END-- [ RunTime:0.000479s ]
SQL: SHOW COLUMNS FROM `sw_role` [ RunTime:0.0089s ]
SQL: SELECT * FROM `sw_role` WHERE `role_id` = 0 LIMIT 1   [ RunTime:0.0002s ]
SQL: delete from sw_goods where goods_id=228 [ RunTime:0.0220s ]

[ 2017-05-11T22:05:16+08:00 ] ::1 /shop/index.php/Admin/Goods/showlist.html
INFO: [ app_init ] --START--
INFO: Run Behavior\BuildLiteBehavior [ RunTime:0.000026s ]
INFO: [ app_init ] --END-- [ RunTime:0.000326s ]
INFO: [ app_begin ] --START--
INFO: Run Behavior\ReadHtmlCacheBehavior [ RunTime:0.000399s ]
INFO: [ app_begin ] --END-- [ RunTime:0.000490s ]
SQL: SHOW COLUMNS FROM `sw_role` [ RunTime:0.0008s ]
SQL: SELECT * FROM `sw_role` WHERE `role_id` = 0 LIMIT 1   [ RunTime:0.0004s ]
SQL: SHOW COLUMNS FROM `sw_goods` [ RunTime:0.0009s ]
SQL: SELECT COUNT(*) AS tp_count FROM `sw_goods` LIMIT 1   [ RunTime:0.0003s ]
NOTIC: [8] Undefined index: page /var/www/shop/Application/Tools/Page.class.php 第 23 行.
SQL: select * from sw_goods order by goods_id desc limit 0,8 [ RunTime:0.0003s ]
INFO: [ view_parse ] --START--
INFO: Run Behavior\ParseTemplateBehavior [ RunTime:0.004815s ]
INFO: [ view_parse ] --END-- [ RunTime:0.004898s ]
INFO: [ view_filter ] --START--
INFO: Run Behavior\WriteHtmlCacheBehavior [ RunTime:0.000116s ]
INFO: [ view_filter ] --END-- [ RunTime:0.000178s ]
INFO: [ app_end ] --START--
INFO: Run Behavior\ShowPageTraceBehavior [ RunTime:0.000509s ]
INFO: [ app_end ] --END-- [ RunTime:0.000703s ]

